2024-06-08 12:45:51 - ============Running Denoise============
2024-06-08 12:45:51 - dataset: commercial
2024-06-08 12:46:41 - --------Run Number 1--------
2024-06-08 12:54:46 - ----------------Results----------------
2024-06-08 12:54:46 - time to fit: 349.6 seconds
2024-06-08 12:54:46 - train acc (train err): 0.9437 (0.0563)
2024-06-08 12:54:46 - train log loss: 0.2711
2024-06-08 12:54:46 - train brier score: 0.1333
2024-06-08 12:54:46 - train f1 score: 0.9013
2024-06-08 12:54:46 - --------Run Number 2--------
2024-06-08 13:02:43 - ----------------Results----------------
2024-06-08 13:02:43 - time to fit: 348.3 seconds
2024-06-08 13:02:43 - train acc (train err): 0.9405 (0.0595)
2024-06-08 13:02:43 - train log loss: 0.2597
2024-06-08 13:02:43 - train brier score: 0.1296
2024-06-08 13:02:43 - train f1 score: 0.8919
2024-06-08 13:02:43 - --------Run Number 3--------
2024-06-08 13:10:21 - ----------------Results----------------
2024-06-08 13:10:21 - time to fit: 330.3 seconds
2024-06-08 13:10:21 - train acc (train err): 0.9287 (0.0713)
2024-06-08 13:10:21 - train log loss: 0.2559
2024-06-08 13:10:21 - train brier score: 0.1330
2024-06-08 13:10:21 - train f1 score: 0.8687
2024-06-08 13:10:21 - --------Run Number 4--------
2024-06-08 13:18:09 - ----------------Results----------------
2024-06-08 13:18:09 - time to fit: 333.8 seconds
2024-06-08 13:18:09 - train acc (train err): 0.9451 (0.0549)
2024-06-08 13:18:09 - train log loss: 0.2646
2024-06-08 13:18:09 - train brier score: 0.1300
2024-06-08 13:18:09 - train f1 score: 0.9009
2024-06-08 13:18:09 - --------Run Number 5--------
2024-06-08 13:26:07 - ----------------Results----------------
2024-06-08 13:26:07 - time to fit: 346.1 seconds
2024-06-08 13:26:07 - train acc (train err): 0.9429 (0.0571)
2024-06-08 13:26:07 - train log loss: 0.2293
2024-06-08 13:26:07 - train brier score: 0.1158
2024-06-08 13:26:07 - train f1 score: 0.8978
2024-06-08 13:26:07 - --------Run Number 6--------
2024-06-08 13:33:54 - ----------------Results----------------
2024-06-08 13:33:54 - time to fit: 336.7 seconds
2024-06-08 13:33:54 - train acc (train err): 0.9472 (0.0528)
2024-06-08 13:33:54 - train log loss: 0.2232
2024-06-08 13:33:54 - train brier score: 0.1071
2024-06-08 13:33:54 - train f1 score: 0.9081
2024-06-08 13:33:54 - --------Run Number 7--------
2024-06-08 13:41:47 - ----------------Results----------------
2024-06-08 13:41:47 - time to fit: 344.2 seconds
2024-06-08 13:41:47 - train acc (train err): 0.9477 (0.0523)
2024-06-08 13:41:47 - train log loss: 0.2182
2024-06-08 13:41:47 - train brier score: 0.1064
2024-06-08 13:41:47 - train f1 score: 0.9080
2024-06-08 13:41:47 - --------Run Number 8--------
2024-06-08 13:49:25 - ----------------Results----------------
2024-06-08 13:49:25 - time to fit: 328.0 seconds
2024-06-08 13:49:25 - train acc (train err): 0.9423 (0.0577)
2024-06-08 13:49:25 - train log loss: 0.2477
2024-06-08 13:49:25 - train brier score: 0.1242
2024-06-08 13:49:25 - train f1 score: 0.8956
2024-06-08 13:49:25 - --------Run Number 9--------
2024-06-08 13:57:13 - ----------------Results----------------
2024-06-08 13:57:13 - time to fit: 330.6 seconds
2024-06-08 13:57:13 - train acc (train err): 0.9441 (0.0559)
2024-06-08 13:57:13 - train log loss: 0.2422
2024-06-08 13:57:13 - train brier score: 0.1195
2024-06-08 13:57:13 - train f1 score: 0.9016
2024-06-08 13:57:13 - --------Run Number 10--------
2024-06-08 14:04:49 - ----------------Results----------------
2024-06-08 14:04:49 - time to fit: 329.1 seconds
2024-06-08 14:04:49 - train acc (train err): 0.9413 (0.0587)
2024-06-08 14:04:49 - train log loss: 0.2962
2024-06-08 14:04:49 - train brier score: 0.1508
2024-06-08 14:04:49 - train f1 score: 0.8976
2024-06-08 14:04:49 - ================Aggregated Results================
2024-06-08 14:04:49 - Total number of runs: 10
2024-06-08 14:04:49 - Average time to fit: 337.7 seconds (std: 8.1)
2024-06-08 14:04:49 - train mean acc +- std (mean train err): 0.9424 +- 0.0051 (0.0576)
2024-06-08 14:04:49 - train mean log loss +- std: 0.2508 +- 0.0227
2024-06-08 14:04:49 - train mean brier score +- std: 0.1250 +- 0.0128
2024-06-08 14:04:49 - train mean f1 score +- std: 0.8971 +- 0.0106
