2025-08-06 23:22:47 - ============Running CLL============
2025-08-06 23:22:47 - dataset: trec
2025-08-06 23:22:47 - --------Run Number 1--------
2025-08-06 23:22:49 - ----------------Results----------------
2025-08-06 23:22:49 - time to fit: 2.2 seconds
2025-08-06 23:22:49 - train acc (train err): 0.5936 (0.4064)
2025-08-06 23:22:49 - train log loss: 13.3013
2025-08-06 23:22:49 - train brier score: 0.8021
2025-08-06 23:22:49 - --------Run Number 2--------
2025-08-06 23:22:52 - ----------------Results----------------
2025-08-06 23:22:52 - time to fit: 2.2 seconds
2025-08-06 23:22:52 - train acc (train err): 0.5934 (0.4066)
2025-08-06 23:22:52 - train log loss: 13.2837
2025-08-06 23:22:52 - train brier score: 0.8022
2025-08-06 23:22:52 - --------Run Number 3--------
2025-08-06 23:22:54 - ----------------Results----------------
2025-08-06 23:22:54 - time to fit: 2.1 seconds
2025-08-06 23:22:54 - train acc (train err): 0.5934 (0.4066)
2025-08-06 23:22:54 - train log loss: 13.2790
2025-08-06 23:22:54 - train brier score: 0.8021
2025-08-06 23:22:54 - --------Run Number 4--------
2025-08-06 23:22:56 - ----------------Results----------------
2025-08-06 23:22:56 - time to fit: 2.2 seconds
2025-08-06 23:22:56 - train acc (train err): 0.5934 (0.4066)
2025-08-06 23:22:56 - train log loss: 13.2903
2025-08-06 23:22:56 - train brier score: 0.8022
2025-08-06 23:22:56 - --------Run Number 5--------
2025-08-06 23:22:58 - ----------------Results----------------
2025-08-06 23:22:58 - time to fit: 2.2 seconds
2025-08-06 23:22:58 - train acc (train err): 0.5934 (0.4066)
2025-08-06 23:22:58 - train log loss: 13.2644
2025-08-06 23:22:58 - train brier score: 0.8022
2025-08-06 23:22:58 - --------Run Number 6--------
2025-08-06 23:23:00 - ----------------Results----------------
2025-08-06 23:23:00 - time to fit: 2.2 seconds
2025-08-06 23:23:00 - train acc (train err): 0.5934 (0.4066)
2025-08-06 23:23:00 - train log loss: 13.2918
2025-08-06 23:23:00 - train brier score: 0.8022
2025-08-06 23:23:00 - --------Run Number 7--------
2025-08-06 23:23:02 - ----------------Results----------------
2025-08-06 23:23:02 - time to fit: 2.2 seconds
2025-08-06 23:23:02 - train acc (train err): 0.5934 (0.4066)
2025-08-06 23:23:02 - train log loss: 13.3008
2025-08-06 23:23:02 - train brier score: 0.8021
2025-08-06 23:23:02 - --------Run Number 8--------
2025-08-06 23:23:05 - ----------------Results----------------
2025-08-06 23:23:05 - time to fit: 2.1 seconds
2025-08-06 23:23:05 - train acc (train err): 0.5934 (0.4066)
2025-08-06 23:23:05 - train log loss: 13.2792
2025-08-06 23:23:05 - train brier score: 0.8022
2025-08-06 23:23:05 - --------Run Number 9--------
2025-08-06 23:23:07 - ----------------Results----------------
2025-08-06 23:23:07 - time to fit: 2.2 seconds
2025-08-06 23:23:07 - train acc (train err): 0.5934 (0.4066)
2025-08-06 23:23:07 - train log loss: 13.2846
2025-08-06 23:23:07 - train brier score: 0.8022
2025-08-06 23:23:07 - --------Run Number 10--------
2025-08-06 23:23:09 - ----------------Results----------------
2025-08-06 23:23:09 - time to fit: 2.4 seconds
2025-08-06 23:23:09 - train acc (train err): 0.5934 (0.4066)
2025-08-06 23:23:09 - train log loss: 13.2575
2025-08-06 23:23:09 - train brier score: 0.8021
2025-08-06 23:23:09 - ================Aggregated Results================
2025-08-06 23:23:09 - Total number of runs: 10
2025-08-06 23:23:09 - Average time to fit: 2.2 seconds (std: 0.1)
2025-08-06 23:23:09 - train mean acc +- std (mean train err): 0.5934 +- 0.0001 (0.4066)
2025-08-06 23:23:09 - train mean log loss +- std: 13.2833 +- 0.0134
2025-08-06 23:23:09 - train mean brier score +- std: 0.8021 +- 0.0000
