2024-06-07 12:09:25 - ============Running Fable============
2024-06-07 12:09:25 - dataset: sms
2024-06-07 12:09:25 - --------Run Number 1--------
2024-06-07 12:09:27 - ----------------Results----------------
2024-06-07 12:09:27 - time to fit: 0.8 seconds
2024-06-07 12:09:27 - train acc (train err): 0.9394 (0.0606)
2024-06-07 12:09:27 - train log loss: 0.7687
2024-06-07 12:09:27 - train brier score: 0.1206
2024-06-07 12:09:27 - train f1 score: 0.7875
2024-06-07 12:09:27 - --------Run Number 2--------
2024-06-07 12:09:30 - ----------------Results----------------
2024-06-07 12:09:30 - time to fit: 0.9 seconds
2024-06-07 12:09:30 - train acc (train err): 0.9394 (0.0606)
2024-06-07 12:09:30 - train log loss: 0.7689
2024-06-07 12:09:30 - train brier score: 0.1206
2024-06-07 12:09:30 - train f1 score: 0.7875
2024-06-07 12:09:30 - --------Run Number 3--------
2024-06-07 12:09:32 - ----------------Results----------------
2024-06-07 12:09:32 - time to fit: 0.8 seconds
2024-06-07 12:09:32 - train acc (train err): 0.9394 (0.0606)
2024-06-07 12:09:32 - train log loss: 0.7688
2024-06-07 12:09:32 - train brier score: 0.1206
2024-06-07 12:09:32 - train f1 score: 0.7875
2024-06-07 12:09:32 - --------Run Number 4--------
2024-06-07 12:09:35 - ----------------Results----------------
2024-06-07 12:09:35 - time to fit: 0.8 seconds
2024-06-07 12:09:35 - train acc (train err): 0.9394 (0.0606)
2024-06-07 12:09:35 - train log loss: 0.7689
2024-06-07 12:09:35 - train brier score: 0.1206
2024-06-07 12:09:35 - train f1 score: 0.7875
2024-06-07 12:09:35 - --------Run Number 5--------
2024-06-07 12:09:37 - ----------------Results----------------
2024-06-07 12:09:37 - time to fit: 0.8 seconds
2024-06-07 12:09:37 - train acc (train err): 0.9394 (0.0606)
2024-06-07 12:09:37 - train log loss: 0.7690
2024-06-07 12:09:37 - train brier score: 0.1207
2024-06-07 12:09:37 - train f1 score: 0.7875
2024-06-07 12:09:37 - --------Run Number 6--------
2024-06-07 12:09:39 - ----------------Results----------------
2024-06-07 12:09:39 - time to fit: 0.8 seconds
2024-06-07 12:09:39 - train acc (train err): 0.9394 (0.0606)
2024-06-07 12:09:39 - train log loss: 0.7689
2024-06-07 12:09:39 - train brier score: 0.1206
2024-06-07 12:09:39 - train f1 score: 0.7875
2024-06-07 12:09:39 - --------Run Number 7--------
2024-06-07 12:09:42 - ----------------Results----------------
2024-06-07 12:09:42 - time to fit: 0.8 seconds
2024-06-07 12:09:42 - train acc (train err): 0.9394 (0.0606)
2024-06-07 12:09:42 - train log loss: 0.7689
2024-06-07 12:09:42 - train brier score: 0.1207
2024-06-07 12:09:42 - train f1 score: 0.7875
2024-06-07 12:09:42 - --------Run Number 8--------
2024-06-07 12:09:44 - ----------------Results----------------
2024-06-07 12:09:44 - time to fit: 0.8 seconds
2024-06-07 12:09:44 - train acc (train err): 0.9394 (0.0606)
2024-06-07 12:09:44 - train log loss: 0.7689
2024-06-07 12:09:44 - train brier score: 0.1206
2024-06-07 12:09:44 - train f1 score: 0.7875
2024-06-07 12:09:44 - --------Run Number 9--------
2024-06-07 12:09:46 - ----------------Results----------------
2024-06-07 12:09:46 - time to fit: 0.8 seconds
2024-06-07 12:09:46 - train acc (train err): 0.9394 (0.0606)
2024-06-07 12:09:46 - train log loss: 0.7687
2024-06-07 12:09:46 - train brier score: 0.1206
2024-06-07 12:09:46 - train f1 score: 0.7875
2024-06-07 12:09:46 - --------Run Number 10--------
2024-06-07 12:09:49 - ----------------Results----------------
2024-06-07 12:09:49 - time to fit: 0.9 seconds
2024-06-07 12:09:49 - train acc (train err): 0.9394 (0.0606)
2024-06-07 12:09:49 - train log loss: 0.7688
2024-06-07 12:09:49 - train brier score: 0.1206
2024-06-07 12:09:49 - train f1 score: 0.7875
2024-06-07 12:09:49 - ================Aggregated Results================
2024-06-07 12:09:49 - Total number of runs: 10
2024-06-07 12:09:49 - Average time to fit: 0.8 seconds (std: 0.1)
2024-06-07 12:09:49 - train mean acc +- std (mean train err): 0.9394 +- 0.0000 (0.0606)
2024-06-07 12:09:49 - train mean log loss +- std: 0.7689 +- 0.0001
2024-06-07 12:09:49 - train mean brier score +- std: 0.1206 +- 0.0000
2024-06-07 12:09:49 - train mean f1 score +- std: 0.7875 +- 0.0000
