2024-06-07 19:51:25 - ------------Running EBCC------------
2024-06-07 19:51:25 - dataset: chemprot
2024-06-07 19:51:25 - empirical class prior: True
2024-06-07 19:51:25 - --------Run Number 1--------
2024-06-07 19:55:38 - ================Results================
2024-06-07 19:55:38 - time to fit: 251.2 seconds
2024-06-07 19:55:38 - train acc (train err): 0.3509 (0.6491)
2024-06-07 19:55:38 - train log loss: 2.3742
2024-06-07 19:55:38 - train brier score: 0.8493
2024-06-07 19:55:38 - --------Run Number 2--------
2024-06-07 19:59:43 - ================Results================
2024-06-07 19:59:43 - time to fit: 243.7 seconds
2024-06-07 19:59:43 - train acc (train err): 0.3509 (0.6491)
2024-06-07 19:59:43 - train log loss: 2.3741
2024-06-07 19:59:43 - train brier score: 0.8493
2024-06-07 19:59:43 - --------Run Number 3--------
2024-06-07 20:04:00 - ================Results================
2024-06-07 20:04:00 - time to fit: 255.7 seconds
2024-06-07 20:04:00 - train acc (train err): 0.3509 (0.6491)
2024-06-07 20:04:00 - train log loss: 2.3720
2024-06-07 20:04:00 - train brier score: 0.8491
2024-06-07 20:04:00 - --------Run Number 4--------
2024-06-07 20:08:03 - ================Results================
2024-06-07 20:08:03 - time to fit: 241.4 seconds
2024-06-07 20:08:03 - train acc (train err): 0.3509 (0.6491)
2024-06-07 20:08:03 - train log loss: 2.3734
2024-06-07 20:08:03 - train brier score: 0.8492
2024-06-07 20:08:03 - --------Run Number 5--------
2024-06-07 20:12:11 - ================Results================
2024-06-07 20:12:11 - time to fit: 245.7 seconds
2024-06-07 20:12:11 - train acc (train err): 0.3509 (0.6491)
2024-06-07 20:12:11 - train log loss: 2.3735
2024-06-07 20:12:11 - train brier score: 0.8492
2024-06-07 20:12:11 - --------Run Number 6--------
2024-06-07 20:16:16 - ================Results================
2024-06-07 20:16:16 - time to fit: 244.0 seconds
2024-06-07 20:16:16 - train acc (train err): 0.3509 (0.6491)
2024-06-07 20:16:16 - train log loss: 2.3749
2024-06-07 20:16:16 - train brier score: 0.8494
2024-06-07 20:16:16 - --------Run Number 7--------
2024-06-07 20:20:24 - ================Results================
2024-06-07 20:20:24 - time to fit: 246.1 seconds
2024-06-07 20:20:24 - train acc (train err): 0.3509 (0.6491)
2024-06-07 20:20:24 - train log loss: 2.3724
2024-06-07 20:20:24 - train brier score: 0.8490
2024-06-07 20:20:24 - --------Run Number 8--------
2024-06-07 20:24:35 - ================Results================
2024-06-07 20:24:35 - time to fit: 249.6 seconds
2024-06-07 20:24:35 - train acc (train err): 0.3509 (0.6491)
2024-06-07 20:24:35 - train log loss: 2.2626
2024-06-07 20:24:35 - train brier score: 0.8492
2024-06-07 20:24:35 - --------Run Number 9--------
2024-06-07 20:28:39 - ================Results================
2024-06-07 20:28:39 - time to fit: 242.7 seconds
2024-06-07 20:28:39 - train acc (train err): 0.3509 (0.6491)
2024-06-07 20:28:39 - train log loss: 2.3725
2024-06-07 20:28:39 - train brier score: 0.8492
2024-06-07 20:28:39 - --------Run Number 10--------
2024-06-07 20:32:48 - ================Results================
2024-06-07 20:32:48 - time to fit: 246.8 seconds
2024-06-07 20:32:48 - train acc (train err): 0.3509 (0.6491)
2024-06-07 20:32:48 - train log loss: 2.3720
2024-06-07 20:32:48 - train brier score: 0.8491
2024-06-07 20:32:48 - ================Aggregated Results================
2024-06-07 20:32:48 - Total number of runs: 10
2024-06-07 20:32:48 - Average time to fit: 246.7 seconds (std: 4.1)
2024-06-07 20:32:48 - train mean acc +- std (mean train err): 0.3509 +- 0.0000 (0.6491)
2024-06-07 20:32:48 - train mean log loss +- std: 2.3622 +- 0.0332
2024-06-07 20:32:48 - train mean brier score +- std: 0.8492 +- 0.0001
