2024-06-07 17:53:57 - ============Running MeTaL============
2024-06-07 17:53:57 - dataset: cdr
2024-06-07 17:53:57 - --------Run Number 1--------
2024-06-07 17:53:58 - ----------------Results----------------
2024-06-07 17:53:58 - time to fit: 0.6 seconds
2024-06-07 17:53:58 - train acc (train err): 0.5965 (0.4035)
2024-06-07 17:53:58 - train log loss: 0.8120
2024-06-07 17:53:58 - train brier score: 0.4726
2024-06-07 17:53:58 - train f1 score: 0.1471
2024-06-07 17:53:58 - --------Run Number 2--------
2024-06-07 17:53:58 - ----------------Results----------------
2024-06-07 17:53:58 - time to fit: 0.6 seconds
2024-06-07 17:53:58 - train acc (train err): 0.6265 (0.3735)
2024-06-07 17:53:58 - train log loss: 0.7815
2024-06-07 17:53:58 - train brier score: 0.4583
2024-06-07 17:53:58 - train f1 score: 0.3007
2024-06-07 17:53:58 - --------Run Number 3--------
2024-06-07 17:53:59 - ----------------Results----------------
2024-06-07 17:53:59 - time to fit: 0.5 seconds
2024-06-07 17:53:59 - train acc (train err): 0.5963 (0.4037)
2024-06-07 17:53:59 - train log loss: 0.8148
2024-06-07 17:53:59 - train brier score: 0.4726
2024-06-07 17:53:59 - train f1 score: 0.1470
2024-06-07 17:53:59 - --------Run Number 4--------
2024-06-07 17:54:00 - ----------------Results----------------
2024-06-07 17:54:00 - time to fit: 0.5 seconds
2024-06-07 17:54:00 - train acc (train err): 0.6264 (0.3736)
2024-06-07 17:54:00 - train log loss: 0.7897
2024-06-07 17:54:00 - train brier score: 0.4623
2024-06-07 17:54:00 - train f1 score: 0.3001
2024-06-07 17:54:00 - --------Run Number 5--------
2024-06-07 17:54:01 - ----------------Results----------------
2024-06-07 17:54:01 - time to fit: 0.5 seconds
2024-06-07 17:54:01 - train acc (train err): 0.5961 (0.4039)
2024-06-07 17:54:01 - train log loss: 0.8216
2024-06-07 17:54:01 - train brier score: 0.4763
2024-06-07 17:54:01 - train f1 score: 0.1455
2024-06-07 17:54:01 - --------Run Number 6--------
2024-06-07 17:54:01 - ----------------Results----------------
2024-06-07 17:54:01 - time to fit: 0.6 seconds
2024-06-07 17:54:01 - train acc (train err): 0.5961 (0.4039)
2024-06-07 17:54:01 - train log loss: 0.8172
2024-06-07 17:54:01 - train brier score: 0.4748
2024-06-07 17:54:01 - train f1 score: 0.1455
2024-06-07 17:54:01 - --------Run Number 7--------
2024-06-07 17:54:02 - ----------------Results----------------
2024-06-07 17:54:02 - time to fit: 0.5 seconds
2024-06-07 17:54:02 - train acc (train err): 0.5961 (0.4039)
2024-06-07 17:54:02 - train log loss: 0.8144
2024-06-07 17:54:02 - train brier score: 0.4736
2024-06-07 17:54:02 - train f1 score: 0.1455
2024-06-07 17:54:02 - --------Run Number 8--------
2024-06-07 17:54:03 - ----------------Results----------------
2024-06-07 17:54:03 - time to fit: 0.5 seconds
2024-06-07 17:54:03 - train acc (train err): 0.5961 (0.4039)
2024-06-07 17:54:03 - train log loss: 0.8191
2024-06-07 17:54:03 - train brier score: 0.4756
2024-06-07 17:54:03 - train f1 score: 0.1455
2024-06-07 17:54:03 - --------Run Number 9--------
2024-06-07 17:54:03 - ----------------Results----------------
2024-06-07 17:54:03 - time to fit: 0.6 seconds
2024-06-07 17:54:03 - train acc (train err): 0.5961 (0.4039)
2024-06-07 17:54:03 - train log loss: 0.8220
2024-06-07 17:54:03 - train brier score: 0.4767
2024-06-07 17:54:03 - train f1 score: 0.1455
2024-06-07 17:54:03 - --------Run Number 10--------
2024-06-07 17:54:04 - ----------------Results----------------
2024-06-07 17:54:04 - time to fit: 0.6 seconds
2024-06-07 17:54:04 - train acc (train err): 0.5938 (0.4062)
2024-06-07 17:54:04 - train log loss: 0.8072
2024-06-07 17:54:04 - train brier score: 0.4704
2024-06-07 17:54:04 - train f1 score: 0.1462
2024-06-07 17:54:04 - ================Aggregated Results================
2024-06-07 17:54:04 - Total number of runs: 10
2024-06-07 17:54:04 - Average time to fit: 0.6 seconds (std: 0.0)
2024-06-07 17:54:04 - train mean acc +- std (mean train err): 0.6020 +- 0.0123 (0.3980)
2024-06-07 17:54:04 - train mean log loss +- std: 0.8099 +- 0.0130
2024-06-07 17:54:04 - train mean brier score +- std: 0.4713 +- 0.0059
2024-06-07 17:54:04 - train mean f1 score +- std: 0.1769 +- 0.0618
