2024-06-07 17:48:17 - ------------Running Snorkel------------
2024-06-07 17:48:17 - dataset: tennis
2024-06-07 17:48:17 - --------Run Number 1--------
2024-06-07 17:48:17 - ================Results================
2024-06-07 17:48:17 - time to fit: 0.0 seconds
2024-06-07 17:48:17 - train acc (train err): 0.8657 (0.1343)
2024-06-07 17:48:17 - train log loss: 2.2531
2024-06-07 17:48:17 - train brier score: 0.2640
2024-06-07 17:48:17 - train f1 score: 0.8362
2024-06-07 17:48:17 - --------Run Number 2--------
2024-06-07 17:48:17 - ================Results================
2024-06-07 17:48:17 - time to fit: 0.0 seconds
2024-06-07 17:48:17 - train acc (train err): 0.8657 (0.1343)
2024-06-07 17:48:17 - train log loss: 2.2733
2024-06-07 17:48:17 - train brier score: 0.2642
2024-06-07 17:48:17 - train f1 score: 0.8362
2024-06-07 17:48:17 - --------Run Number 3--------
2024-06-07 17:48:17 - ================Results================
2024-06-07 17:48:17 - time to fit: 0.0 seconds
2024-06-07 17:48:17 - train acc (train err): 0.8657 (0.1343)
2024-06-07 17:48:17 - train log loss: 2.2756
2024-06-07 17:48:17 - train brier score: 0.2643
2024-06-07 17:48:17 - train f1 score: 0.8362
2024-06-07 17:48:17 - --------Run Number 4--------
2024-06-07 17:48:17 - ================Results================
2024-06-07 17:48:17 - time to fit: 0.0 seconds
2024-06-07 17:48:17 - train acc (train err): 0.8657 (0.1343)
2024-06-07 17:48:17 - train log loss: 2.2637
2024-06-07 17:48:17 - train brier score: 0.2641
2024-06-07 17:48:17 - train f1 score: 0.8362
2024-06-07 17:48:17 - --------Run Number 5--------
2024-06-07 17:48:17 - ================Results================
2024-06-07 17:48:17 - time to fit: 0.0 seconds
2024-06-07 17:48:17 - train acc (train err): 0.8657 (0.1343)
2024-06-07 17:48:17 - train log loss: 2.2512
2024-06-07 17:48:17 - train brier score: 0.2640
2024-06-07 17:48:17 - train f1 score: 0.8362
2024-06-07 17:48:17 - --------Run Number 6--------
2024-06-07 17:48:18 - ================Results================
2024-06-07 17:48:18 - time to fit: 0.0 seconds
2024-06-07 17:48:18 - train acc (train err): 0.8657 (0.1343)
2024-06-07 17:48:18 - train log loss: 2.2703
2024-06-07 17:48:18 - train brier score: 0.2642
2024-06-07 17:48:18 - train f1 score: 0.8362
2024-06-07 17:48:18 - --------Run Number 7--------
2024-06-07 17:48:18 - ================Results================
2024-06-07 17:48:18 - time to fit: 0.0 seconds
2024-06-07 17:48:18 - train acc (train err): 0.8657 (0.1343)
2024-06-07 17:48:18 - train log loss: 2.2580
2024-06-07 17:48:18 - train brier score: 0.2641
2024-06-07 17:48:18 - train f1 score: 0.8362
2024-06-07 17:48:18 - --------Run Number 8--------
2024-06-07 17:48:18 - ================Results================
2024-06-07 17:48:18 - time to fit: 0.0 seconds
2024-06-07 17:48:18 - train acc (train err): 0.8657 (0.1343)
2024-06-07 17:48:18 - train log loss: 2.2717
2024-06-07 17:48:18 - train brier score: 0.2642
2024-06-07 17:48:18 - train f1 score: 0.8362
2024-06-07 17:48:18 - --------Run Number 9--------
2024-06-07 17:48:18 - ================Results================
2024-06-07 17:48:18 - time to fit: 0.0 seconds
2024-06-07 17:48:18 - train acc (train err): 0.8656 (0.1344)
2024-06-07 17:48:18 - train log loss: 2.3368
2024-06-07 17:48:18 - train brier score: 0.2644
2024-06-07 17:48:18 - train f1 score: 0.8360
2024-06-07 17:48:18 - --------Run Number 10--------
2024-06-07 17:48:18 - ================Results================
2024-06-07 17:48:18 - time to fit: 0.0 seconds
2024-06-07 17:48:18 - train acc (train err): 0.8657 (0.1343)
2024-06-07 17:48:18 - train log loss: 2.2741
2024-06-07 17:48:18 - train brier score: 0.2643
2024-06-07 17:48:18 - train f1 score: 0.8362
2024-06-07 17:48:18 - ================Aggregated Results================
2024-06-07 17:48:18 - Total number of runs: 10
2024-06-07 17:48:18 - Average time to fit: 0.0 seconds (std: 0.0)
2024-06-07 17:48:18 - train mean acc +- std (mean train err): 0.8657 +- 0.0000 (0.1343)
2024-06-07 17:48:18 - train mean log loss +- std: 2.2728 +- 0.0230
2024-06-07 17:48:18 - train mean brier score +- std: 0.2642 +- 0.0001
2024-06-07 17:48:18 - train mean f1 score +- std: 0.8361 +- 0.0000
