2024-06-07 17:58:00 - ============Running MeTaL============
2024-06-07 17:58:00 - dataset: agnews
2024-06-07 17:58:00 - --------Run Number 1--------
2024-06-07 17:58:00 - ----------------Results----------------
2024-06-07 17:58:00 - time to fit: 0.5 seconds
2024-06-07 17:58:00 - train acc (train err): 0.8207 (0.1793)
2024-06-07 17:58:00 - train log loss: 0.5746
2024-06-07 17:58:00 - train brier score: 0.2873
2024-06-07 17:58:00 - --------Run Number 2--------
2024-06-07 17:58:01 - ----------------Results----------------
2024-06-07 17:58:01 - time to fit: 0.5 seconds
2024-06-07 17:58:01 - train acc (train err): 0.8184 (0.1816)
2024-06-07 17:58:01 - train log loss: 0.5728
2024-06-07 17:58:01 - train brier score: 0.2862
2024-06-07 17:58:01 - --------Run Number 3--------
2024-06-07 17:58:02 - ----------------Results----------------
2024-06-07 17:58:02 - time to fit: 0.5 seconds
2024-06-07 17:58:02 - train acc (train err): 0.8207 (0.1793)
2024-06-07 17:58:02 - train log loss: 0.5756
2024-06-07 17:58:02 - train brier score: 0.2879
2024-06-07 17:58:02 - --------Run Number 4--------
2024-06-07 17:58:03 - ----------------Results----------------
2024-06-07 17:58:03 - time to fit: 0.5 seconds
2024-06-07 17:58:03 - train acc (train err): 0.8154 (0.1846)
2024-06-07 17:58:03 - train log loss: 0.9519
2024-06-07 17:58:03 - train brier score: 0.5010
2024-06-07 17:58:03 - --------Run Number 5--------
2024-06-07 17:58:03 - ----------------Results----------------
2024-06-07 17:58:03 - time to fit: 0.5 seconds
2024-06-07 17:58:03 - train acc (train err): 0.8204 (0.1796)
2024-06-07 17:58:03 - train log loss: 0.5863
2024-06-07 17:58:03 - train brier score: 0.2945
2024-06-07 17:58:03 - --------Run Number 6--------
2024-06-07 17:58:04 - ----------------Results----------------
2024-06-07 17:58:04 - time to fit: 0.5 seconds
2024-06-07 17:58:04 - train acc (train err): 0.8212 (0.1788)
2024-06-07 17:58:04 - train log loss: 0.5907
2024-06-07 17:58:04 - train brier score: 0.2977
2024-06-07 17:58:04 - --------Run Number 7--------
2024-06-07 17:58:05 - ----------------Results----------------
2024-06-07 17:58:05 - time to fit: 0.5 seconds
2024-06-07 17:58:05 - train acc (train err): 0.8147 (0.1853)
2024-06-07 17:58:05 - train log loss: 1.1008
2024-06-07 17:58:05 - train brier score: 0.5902
2024-06-07 17:58:05 - --------Run Number 8--------
2024-06-07 17:58:06 - ----------------Results----------------
2024-06-07 17:58:06 - time to fit: 0.5 seconds
2024-06-07 17:58:06 - train acc (train err): 0.8152 (0.1848)
2024-06-07 17:58:06 - train log loss: 0.8351
2024-06-07 17:58:06 - train brier score: 0.4337
2024-06-07 17:58:06 - --------Run Number 9--------
2024-06-07 17:58:06 - ----------------Results----------------
2024-06-07 17:58:06 - time to fit: 0.5 seconds
2024-06-07 17:58:06 - train acc (train err): 0.8212 (0.1788)
2024-06-07 17:58:06 - train log loss: 0.5934
2024-06-07 17:58:06 - train brier score: 0.2997
2024-06-07 17:58:06 - --------Run Number 10--------
2024-06-07 17:58:07 - ----------------Results----------------
2024-06-07 17:58:07 - time to fit: 0.5 seconds
2024-06-07 17:58:07 - train acc (train err): 0.8160 (0.1840)
2024-06-07 17:58:07 - train log loss: 0.7117
2024-06-07 17:58:07 - train brier score: 0.3668
2024-06-07 17:58:07 - ================Aggregated Results================
2024-06-07 17:58:07 - Total number of runs: 10
2024-06-07 17:58:07 - Average time to fit: 0.5 seconds (std: 0.0)
2024-06-07 17:58:07 - train mean acc +- std (mean train err): 0.8184 +- 0.0026 (0.1816)
2024-06-07 17:58:07 - train mean log loss +- std: 0.7093 +- 0.1803
2024-06-07 17:58:07 - train mean brier score +- std: 0.3645 +- 0.1029
