2024-06-08 15:03:46 - ============Running Denoise============
2024-06-08 15:03:46 - dataset: agnews
2024-06-08 15:03:48 - --------Run Number 1--------
2024-06-08 15:04:21 - ----------------Results----------------
2024-06-08 15:04:21 - time to fit: 31.4 seconds
2024-06-08 15:04:21 - train acc (train err): 0.8695 (0.1305)
2024-06-08 15:04:21 - train log loss: 0.4525
2024-06-08 15:04:21 - train brier score: 0.2152
2024-06-08 15:04:21 - --------Run Number 2--------
2024-06-08 15:04:54 - ----------------Results----------------
2024-06-08 15:04:54 - time to fit: 30.7 seconds
2024-06-08 15:04:54 - train acc (train err): 0.8775 (0.1225)
2024-06-08 15:04:54 - train log loss: 0.4532
2024-06-08 15:04:54 - train brier score: 0.2109
2024-06-08 15:04:54 - --------Run Number 3--------
2024-06-08 15:05:27 - ----------------Results----------------
2024-06-08 15:05:27 - time to fit: 31.0 seconds
2024-06-08 15:05:27 - train acc (train err): 0.8775 (0.1225)
2024-06-08 15:05:27 - train log loss: 0.4299
2024-06-08 15:05:27 - train brier score: 0.2008
2024-06-08 15:05:27 - --------Run Number 4--------
2024-06-08 15:06:02 - ----------------Results----------------
2024-06-08 15:06:02 - time to fit: 32.8 seconds
2024-06-08 15:06:02 - train acc (train err): 0.8780 (0.1220)
2024-06-08 15:06:02 - train log loss: 0.4387
2024-06-08 15:06:02 - train brier score: 0.2051
2024-06-08 15:06:02 - --------Run Number 5--------
2024-06-08 15:06:36 - ----------------Results----------------
2024-06-08 15:06:36 - time to fit: 30.7 seconds
2024-06-08 15:06:36 - train acc (train err): 0.8818 (0.1182)
2024-06-08 15:06:36 - train log loss: 0.4225
2024-06-08 15:06:36 - train brier score: 0.1979
2024-06-08 15:06:36 - --------Run Number 6--------
2024-06-08 15:07:09 - ----------------Results----------------
2024-06-08 15:07:09 - time to fit: 30.9 seconds
2024-06-08 15:07:09 - train acc (train err): 0.8666 (0.1334)
2024-06-08 15:07:09 - train log loss: 0.4676
2024-06-08 15:07:09 - train brier score: 0.2231
2024-06-08 15:07:09 - --------Run Number 7--------
2024-06-08 15:07:43 - ----------------Results----------------
2024-06-08 15:07:43 - time to fit: 31.4 seconds
2024-06-08 15:07:43 - train acc (train err): 0.8720 (0.1280)
2024-06-08 15:07:43 - train log loss: 0.4461
2024-06-08 15:07:43 - train brier score: 0.2097
2024-06-08 15:07:43 - --------Run Number 8--------
2024-06-08 15:08:18 - ----------------Results----------------
2024-06-08 15:08:18 - time to fit: 33.1 seconds
2024-06-08 15:08:18 - train acc (train err): 0.8802 (0.1198)
2024-06-08 15:08:18 - train log loss: 0.4286
2024-06-08 15:08:18 - train brier score: 0.2008
2024-06-08 15:08:18 - --------Run Number 9--------
2024-06-08 15:08:51 - ----------------Results----------------
2024-06-08 15:08:51 - time to fit: 30.6 seconds
2024-06-08 15:08:51 - train acc (train err): 0.8792 (0.1208)
2024-06-08 15:08:51 - train log loss: 0.4305
2024-06-08 15:08:51 - train brier score: 0.2012
2024-06-08 15:08:51 - --------Run Number 10--------
2024-06-08 15:09:25 - ----------------Results----------------
2024-06-08 15:09:25 - time to fit: 31.3 seconds
2024-06-08 15:09:25 - train acc (train err): 0.8784 (0.1216)
2024-06-08 15:09:25 - train log loss: 0.4380
2024-06-08 15:09:25 - train brier score: 0.2059
2024-06-08 15:09:25 - ================Aggregated Results================
2024-06-08 15:09:25 - Total number of runs: 10
2024-06-08 15:09:25 - Average time to fit: 31.4 seconds (std: 0.8)
2024-06-08 15:09:25 - train mean acc +- std (mean train err): 0.8761 +- 0.0047 (0.1239)
2024-06-08 15:09:25 - train mean log loss +- std: 0.4408 +- 0.0133
2024-06-08 15:09:25 - train mean brier score +- std: 0.2071 +- 0.0074
