2024-06-07 17:54:17 - ============Running MeTaL============
2024-06-07 17:54:17 - dataset: tennis
2024-06-07 17:54:17 - --------Run Number 1--------
2024-06-07 17:54:18 - ----------------Results----------------
2024-06-07 17:54:18 - time to fit: 0.4 seconds
2024-06-07 17:54:18 - train acc (train err): 0.8657 (0.1343)
2024-06-07 17:54:18 - train log loss: 1.4002
2024-06-07 17:54:18 - train brier score: 0.2563
2024-06-07 17:54:18 - train f1 score: 0.8362
2024-06-07 17:54:18 - --------Run Number 2--------
2024-06-07 17:54:18 - ----------------Results----------------
2024-06-07 17:54:18 - time to fit: 0.4 seconds
2024-06-07 17:54:18 - train acc (train err): 0.8657 (0.1343)
2024-06-07 17:54:18 - train log loss: 1.4002
2024-06-07 17:54:18 - train brier score: 0.2563
2024-06-07 17:54:18 - train f1 score: 0.8362
2024-06-07 17:54:18 - --------Run Number 3--------
2024-06-07 17:54:19 - ----------------Results----------------
2024-06-07 17:54:19 - time to fit: 0.4 seconds
2024-06-07 17:54:19 - train acc (train err): 0.8657 (0.1343)
2024-06-07 17:54:19 - train log loss: 1.4002
2024-06-07 17:54:19 - train brier score: 0.2563
2024-06-07 17:54:19 - train f1 score: 0.8362
2024-06-07 17:54:19 - --------Run Number 4--------
2024-06-07 17:54:19 - ----------------Results----------------
2024-06-07 17:54:19 - time to fit: 0.4 seconds
2024-06-07 17:54:19 - train acc (train err): 0.8657 (0.1343)
2024-06-07 17:54:19 - train log loss: 1.4002
2024-06-07 17:54:19 - train brier score: 0.2563
2024-06-07 17:54:19 - train f1 score: 0.8362
2024-06-07 17:54:19 - --------Run Number 5--------
2024-06-07 17:54:20 - ----------------Results----------------
2024-06-07 17:54:20 - time to fit: 0.4 seconds
2024-06-07 17:54:20 - train acc (train err): 0.8657 (0.1343)
2024-06-07 17:54:20 - train log loss: 1.4002
2024-06-07 17:54:20 - train brier score: 0.2563
2024-06-07 17:54:20 - train f1 score: 0.8362
2024-06-07 17:54:20 - --------Run Number 6--------
2024-06-07 17:54:20 - ----------------Results----------------
2024-06-07 17:54:20 - time to fit: 0.4 seconds
2024-06-07 17:54:20 - train acc (train err): 0.8657 (0.1343)
2024-06-07 17:54:20 - train log loss: 1.4002
2024-06-07 17:54:20 - train brier score: 0.2563
2024-06-07 17:54:20 - train f1 score: 0.8362
2024-06-07 17:54:20 - --------Run Number 7--------
2024-06-07 17:54:21 - ----------------Results----------------
2024-06-07 17:54:21 - time to fit: 0.4 seconds
2024-06-07 17:54:21 - train acc (train err): 0.8657 (0.1343)
2024-06-07 17:54:21 - train log loss: 1.4002
2024-06-07 17:54:21 - train brier score: 0.2563
2024-06-07 17:54:21 - train f1 score: 0.8362
2024-06-07 17:54:21 - --------Run Number 8--------
2024-06-07 17:54:21 - ----------------Results----------------
2024-06-07 17:54:21 - time to fit: 0.4 seconds
2024-06-07 17:54:21 - train acc (train err): 0.8657 (0.1343)
2024-06-07 17:54:21 - train log loss: 1.4002
2024-06-07 17:54:21 - train brier score: 0.2563
2024-06-07 17:54:21 - train f1 score: 0.8362
2024-06-07 17:54:21 - --------Run Number 9--------
2024-06-07 17:54:21 - ----------------Results----------------
2024-06-07 17:54:21 - time to fit: 0.4 seconds
2024-06-07 17:54:21 - train acc (train err): 0.8657 (0.1343)
2024-06-07 17:54:21 - train log loss: 1.4002
2024-06-07 17:54:21 - train brier score: 0.2563
2024-06-07 17:54:21 - train f1 score: 0.8362
2024-06-07 17:54:21 - --------Run Number 10--------
2024-06-07 17:54:22 - ----------------Results----------------
2024-06-07 17:54:22 - time to fit: 0.4 seconds
2024-06-07 17:54:22 - train acc (train err): 0.8657 (0.1343)
2024-06-07 17:54:22 - train log loss: 1.4002
2024-06-07 17:54:22 - train brier score: 0.2563
2024-06-07 17:54:22 - train f1 score: 0.8362
2024-06-07 17:54:22 - ================Aggregated Results================
2024-06-07 17:54:22 - Total number of runs: 10
2024-06-07 17:54:22 - Average time to fit: 0.4 seconds (std: 0.0)
2024-06-07 17:54:22 - train mean acc +- std (mean train err): 0.8657 +- 0.0000 (0.1343)
2024-06-07 17:54:22 - train mean log loss +- std: 1.4002 +- 0.0000
2024-06-07 17:54:22 - train mean brier score +- std: 0.2563 +- 0.0000
2024-06-07 17:54:22 - train mean f1 score +- std: 0.8362 +- 0.0000
