2024-06-08 14:04:50 - ============Running Denoise============
2024-06-08 14:04:50 - dataset: tennis
2024-06-08 14:04:55 - --------Run Number 1--------
2024-06-08 14:08:31 - ----------------Results----------------
2024-06-08 14:08:31 - time to fit: 205.9 seconds
2024-06-08 14:08:31 - train acc (train err): 0.5974 (0.4026)
2024-06-08 14:08:31 - train log loss: 0.6748
2024-06-08 14:08:31 - train brier score: 0.4817
2024-06-08 14:08:31 - train f1 score: 0.0000
2024-06-08 14:08:31 - --------Run Number 2--------
2024-06-08 14:12:08 - ----------------Results----------------
2024-06-08 14:12:08 - time to fit: 206.5 seconds
2024-06-08 14:12:08 - train acc (train err): 0.8838 (0.1162)
2024-06-08 14:12:08 - train log loss: 0.4584
2024-06-08 14:12:08 - train brier score: 0.2187
2024-06-08 14:12:08 - train f1 score: 0.8527
2024-06-08 14:12:08 - --------Run Number 3--------
2024-06-08 14:15:43 - ----------------Results----------------
2024-06-08 14:15:43 - time to fit: 205.3 seconds
2024-06-08 14:15:43 - train acc (train err): 0.5974 (0.4026)
2024-06-08 14:15:43 - train log loss: 0.6743
2024-06-08 14:15:43 - train brier score: 0.4812
2024-06-08 14:15:43 - train f1 score: 0.0000
2024-06-08 14:15:43 - --------Run Number 4--------
2024-06-08 14:19:20 - ----------------Results----------------
2024-06-08 14:19:20 - time to fit: 207.2 seconds
2024-06-08 14:19:20 - train acc (train err): 0.8831 (0.1169)
2024-06-08 14:19:20 - train log loss: 0.4448
2024-06-08 14:19:20 - train brier score: 0.2174
2024-06-08 14:19:20 - train f1 score: 0.8520
2024-06-08 14:19:20 - --------Run Number 5--------
2024-06-08 14:22:57 - ----------------Results----------------
2024-06-08 14:22:57 - time to fit: 206.7 seconds
2024-06-08 14:22:57 - train acc (train err): 0.8820 (0.1180)
2024-06-08 14:22:57 - train log loss: 0.4039
2024-06-08 14:22:57 - train brier score: 0.2137
2024-06-08 14:22:57 - train f1 score: 0.8520
2024-06-08 14:22:57 - --------Run Number 6--------
2024-06-08 14:26:34 - ----------------Results----------------
2024-06-08 14:26:34 - time to fit: 207.2 seconds
2024-06-08 14:26:34 - train acc (train err): 0.8832 (0.1168)
2024-06-08 14:26:34 - train log loss: 0.4175
2024-06-08 14:26:34 - train brier score: 0.2154
2024-06-08 14:26:34 - train f1 score: 0.8523
2024-06-08 14:26:34 - --------Run Number 7--------
2024-06-08 14:30:13 - ----------------Results----------------
2024-06-08 14:30:13 - time to fit: 209.0 seconds
2024-06-08 14:30:13 - train acc (train err): 0.5974 (0.4026)
2024-06-08 14:30:13 - train log loss: 0.6741
2024-06-08 14:30:13 - train brier score: 0.4811
2024-06-08 14:30:13 - train f1 score: 0.0000
2024-06-08 14:30:13 - --------Run Number 8--------
2024-06-08 14:33:49 - ----------------Results----------------
2024-06-08 14:33:49 - time to fit: 206.2 seconds
2024-06-08 14:33:49 - train acc (train err): 0.8822 (0.1178)
2024-06-08 14:33:49 - train log loss: 0.4307
2024-06-08 14:33:49 - train brier score: 0.2153
2024-06-08 14:33:49 - train f1 score: 0.8512
2024-06-08 14:33:49 - --------Run Number 9--------
2024-06-08 14:37:20 - ----------------Results----------------
2024-06-08 14:37:20 - time to fit: 201.2 seconds
2024-06-08 14:37:20 - train acc (train err): 0.5974 (0.4026)
2024-06-08 14:37:20 - train log loss: 0.6741
2024-06-08 14:37:20 - train brier score: 0.4811
2024-06-08 14:37:20 - train f1 score: 0.0000
2024-06-08 14:37:20 - --------Run Number 10--------
2024-06-08 14:40:59 - ----------------Results----------------
2024-06-08 14:40:59 - time to fit: 207.6 seconds
2024-06-08 14:40:59 - train acc (train err): 0.8834 (0.1166)
2024-06-08 14:40:59 - train log loss: 0.4527
2024-06-08 14:40:59 - train brier score: 0.2177
2024-06-08 14:40:59 - train f1 score: 0.8523
2024-06-08 14:40:59 - ================Aggregated Results================
2024-06-08 14:40:59 - Total number of runs: 10
2024-06-08 14:40:59 - Average time to fit: 206.3 seconds (std: 1.9)
2024-06-08 14:40:59 - train mean acc +- std (mean train err): 0.7687 +- 0.1399 (0.2313)
2024-06-08 14:40:59 - train mean log loss +- std: 0.5305 +- 0.1184
2024-06-08 14:40:59 - train mean brier score +- std: 0.3223 +- 0.1298
2024-06-08 14:40:59 - train mean f1 score +- std: 0.5112 +- 0.4174
