2025-08-07 01:26:59 - ============Running CLL============
2025-08-07 01:26:59 - dataset: tennis
2025-08-07 01:26:59 - --------Run Number 1--------
2025-08-07 01:26:59 - ----------------Results----------------
2025-08-07 01:26:59 - time to fit: 0.2 seconds
2025-08-07 01:26:59 - train acc (train err): 0.8546 (0.1454)
2025-08-07 01:26:59 - train log loss: 4.9355
2025-08-07 01:26:59 - train brier score: 0.2905
2025-08-07 01:26:59 - train f1 score: 0.8137
2025-08-07 01:26:59 - --------Run Number 2--------
2025-08-07 01:27:00 - ----------------Results----------------
2025-08-07 01:27:00 - time to fit: 0.2 seconds
2025-08-07 01:27:00 - train acc (train err): 0.8546 (0.1454)
2025-08-07 01:27:00 - train log loss: 4.9351
2025-08-07 01:27:00 - train brier score: 0.2902
2025-08-07 01:27:00 - train f1 score: 0.8137
2025-08-07 01:27:00 - --------Run Number 3--------
2025-08-07 01:27:00 - ----------------Results----------------
2025-08-07 01:27:00 - time to fit: 0.2 seconds
2025-08-07 01:27:00 - train acc (train err): 0.8546 (0.1454)
2025-08-07 01:27:00 - train log loss: 4.9355
2025-08-07 01:27:00 - train brier score: 0.2905
2025-08-07 01:27:00 - train f1 score: 0.8137
2025-08-07 01:27:00 - --------Run Number 4--------
2025-08-07 01:27:00 - ----------------Results----------------
2025-08-07 01:27:00 - time to fit: 0.2 seconds
2025-08-07 01:27:00 - train acc (train err): 0.8546 (0.1454)
2025-08-07 01:27:00 - train log loss: 4.9356
2025-08-07 01:27:00 - train brier score: 0.2905
2025-08-07 01:27:00 - train f1 score: 0.8137
2025-08-07 01:27:00 - --------Run Number 5--------
2025-08-07 01:27:00 - ----------------Results----------------
2025-08-07 01:27:00 - time to fit: 0.2 seconds
2025-08-07 01:27:00 - train acc (train err): 0.8546 (0.1454)
2025-08-07 01:27:00 - train log loss: 4.9354
2025-08-07 01:27:00 - train brier score: 0.2904
2025-08-07 01:27:00 - train f1 score: 0.8137
2025-08-07 01:27:00 - --------Run Number 6--------
2025-08-07 01:27:01 - ----------------Results----------------
2025-08-07 01:27:01 - time to fit: 0.2 seconds
2025-08-07 01:27:01 - train acc (train err): 0.8546 (0.1454)
2025-08-07 01:27:01 - train log loss: 4.9353
2025-08-07 01:27:01 - train brier score: 0.2904
2025-08-07 01:27:01 - train f1 score: 0.8137
2025-08-07 01:27:01 - --------Run Number 7--------
2025-08-07 01:27:01 - ----------------Results----------------
2025-08-07 01:27:01 - time to fit: 0.2 seconds
2025-08-07 01:27:01 - train acc (train err): 0.8546 (0.1454)
2025-08-07 01:27:01 - train log loss: 4.9355
2025-08-07 01:27:01 - train brier score: 0.2906
2025-08-07 01:27:01 - train f1 score: 0.8137
2025-08-07 01:27:01 - --------Run Number 8--------
2025-08-07 01:27:01 - ----------------Results----------------
2025-08-07 01:27:01 - time to fit: 0.2 seconds
2025-08-07 01:27:01 - train acc (train err): 0.8546 (0.1454)
2025-08-07 01:27:01 - train log loss: 4.9353
2025-08-07 01:27:01 - train brier score: 0.2903
2025-08-07 01:27:01 - train f1 score: 0.8137
2025-08-07 01:27:01 - --------Run Number 9--------
2025-08-07 01:27:01 - ----------------Results----------------
2025-08-07 01:27:01 - time to fit: 0.2 seconds
2025-08-07 01:27:01 - train acc (train err): 0.8546 (0.1454)
2025-08-07 01:27:01 - train log loss: 4.9356
2025-08-07 01:27:01 - train brier score: 0.2905
2025-08-07 01:27:01 - train f1 score: 0.8137
2025-08-07 01:27:01 - --------Run Number 10--------
2025-08-07 01:27:02 - ----------------Results----------------
2025-08-07 01:27:02 - time to fit: 0.2 seconds
2025-08-07 01:27:02 - train acc (train err): 0.8546 (0.1454)
2025-08-07 01:27:02 - train log loss: 4.9356
2025-08-07 01:27:02 - train brier score: 0.2905
2025-08-07 01:27:02 - train f1 score: 0.8137
2025-08-07 01:27:02 - ================Aggregated Results================
2025-08-07 01:27:02 - Total number of runs: 10
2025-08-07 01:27:02 - Average time to fit: 0.2 seconds (std: 0.0)
2025-08-07 01:27:02 - train mean acc +- std (mean train err): 0.8546 +- 0.0000 (0.1454)
2025-08-07 01:27:02 - train mean log loss +- std: 4.9354 +- 0.0001
2025-08-07 01:27:02 - train mean brier score +- std: 0.2904 +- 0.0001
2025-08-07 01:27:02 - train mean f1 score +- std: 0.8137 +- 0.0000
