2024-06-07 17:48:10 - ------------Running Snorkel------------
2024-06-07 17:48:10 - dataset: yelp
2024-06-07 17:48:10 - --------Run Number 1--------
2024-06-07 17:48:11 - ================Results================
2024-06-07 17:48:11 - time to fit: 0.0 seconds
2024-06-07 17:48:11 - train acc (train err): 0.6370 (0.3630)
2024-06-07 17:48:11 - train log loss: 2.3695
2024-06-07 17:48:11 - train brier score: 0.6202
2024-06-07 17:48:11 - train f1 score: 0.7408
2024-06-07 17:48:11 - --------Run Number 2--------
2024-06-07 17:48:11 - ================Results================
2024-06-07 17:48:11 - time to fit: 0.0 seconds
2024-06-07 17:48:11 - train acc (train err): 0.5568 (0.4432)
2024-06-07 17:48:11 - train log loss: 2.5235
2024-06-07 17:48:11 - train brier score: 0.6725
2024-06-07 17:48:11 - train f1 score: 0.7069
2024-06-07 17:48:11 - --------Run Number 3--------
2024-06-07 17:48:11 - ================Results================
2024-06-07 17:48:11 - time to fit: 0.0 seconds
2024-06-07 17:48:11 - train acc (train err): 0.5444 (0.4556)
2024-06-07 17:48:11 - train log loss: 2.5550
2024-06-07 17:48:11 - train brier score: 0.6817
2024-06-07 17:48:11 - train f1 score: 0.7014
2024-06-07 17:48:11 - --------Run Number 4--------
2024-06-07 17:48:11 - ================Results================
2024-06-07 17:48:11 - time to fit: 0.0 seconds
2024-06-07 17:48:11 - train acc (train err): 0.5568 (0.4432)
2024-06-07 17:48:11 - train log loss: 2.4897
2024-06-07 17:48:11 - train brier score: 0.6613
2024-06-07 17:48:11 - train f1 score: 0.7069
2024-06-07 17:48:11 - --------Run Number 5--------
2024-06-07 17:48:12 - ================Results================
2024-06-07 17:48:12 - time to fit: 0.0 seconds
2024-06-07 17:48:12 - train acc (train err): 0.5444 (0.4556)
2024-06-07 17:48:12 - train log loss: 2.5164
2024-06-07 17:48:12 - train brier score: 0.6934
2024-06-07 17:48:12 - train f1 score: 0.7014
2024-06-07 17:48:12 - --------Run Number 6--------
2024-06-07 17:48:12 - ================Results================
2024-06-07 17:48:12 - time to fit: 0.0 seconds
2024-06-07 17:48:12 - train acc (train err): 0.6370 (0.3630)
2024-06-07 17:48:12 - train log loss: 2.2910
2024-06-07 17:48:12 - train brier score: 0.6113
2024-06-07 17:48:12 - train f1 score: 0.7408
2024-06-07 17:48:12 - --------Run Number 7--------
2024-06-07 17:48:12 - ================Results================
2024-06-07 17:48:12 - time to fit: 0.0 seconds
2024-06-07 17:48:12 - train acc (train err): 0.5568 (0.4432)
2024-06-07 17:48:12 - train log loss: 2.5183
2024-06-07 17:48:12 - train brier score: 0.6708
2024-06-07 17:48:12 - train f1 score: 0.7069
2024-06-07 17:48:12 - --------Run Number 8--------
2024-06-07 17:48:12 - ================Results================
2024-06-07 17:48:12 - time to fit: 0.0 seconds
2024-06-07 17:48:12 - train acc (train err): 0.5444 (0.4556)
2024-06-07 17:48:12 - train log loss: 2.5251
2024-06-07 17:48:12 - train brier score: 0.6950
2024-06-07 17:48:12 - train f1 score: 0.7014
2024-06-07 17:48:12 - --------Run Number 9--------
2024-06-07 17:48:13 - ================Results================
2024-06-07 17:48:13 - time to fit: 0.0 seconds
2024-06-07 17:48:13 - train acc (train err): 0.5711 (0.4289)
2024-06-07 17:48:13 - train log loss: 2.3985
2024-06-07 17:48:13 - train brier score: 0.6299
2024-06-07 17:48:13 - train f1 score: 0.7133
2024-06-07 17:48:13 - --------Run Number 10--------
2024-06-07 17:48:13 - ================Results================
2024-06-07 17:48:13 - time to fit: 0.0 seconds
2024-06-07 17:48:13 - train acc (train err): 0.6370 (0.3630)
2024-06-07 17:48:13 - train log loss: 2.3629
2024-06-07 17:48:13 - train brier score: 0.6181
2024-06-07 17:48:13 - train f1 score: 0.7408
2024-06-07 17:48:13 - ================Aggregated Results================
2024-06-07 17:48:13 - Total number of runs: 10
2024-06-07 17:48:13 - Average time to fit: 0.0 seconds (std: 0.0)
2024-06-07 17:48:13 - train mean acc +- std (mean train err): 0.5786 +- 0.0390 (0.4214)
2024-06-07 17:48:13 - train mean log loss +- std: 2.4550 +- 0.0863
2024-06-07 17:48:13 - train mean brier score +- std: 0.6554 +- 0.0308
2024-06-07 17:48:13 - train mean f1 score +- std: 0.7161 +- 0.0166
