2024-06-07 18:28:41 - ------------Running EBCC------------
2024-06-07 18:28:41 - dataset: yelp
2024-06-07 18:28:41 - empirical class prior: True
2024-06-07 18:28:41 - --------Run Number 1--------
2024-06-07 18:30:24 - ================Results================
2024-06-07 18:30:24 - time to fit: 102.4 seconds
2024-06-07 18:30:24 - train acc (train err): 0.6965 (0.3035)
2024-06-07 18:30:24 - train log loss: 1.1015
2024-06-07 18:30:24 - train brier score: 0.5353
2024-06-07 18:30:24 - train f1 score: 0.7655
2024-06-07 18:30:24 - --------Run Number 2--------
2024-06-07 18:32:06 - ================Results================
2024-06-07 18:32:06 - time to fit: 100.7 seconds
2024-06-07 18:32:06 - train acc (train err): 0.6965 (0.3035)
2024-06-07 18:32:06 - train log loss: 1.0942
2024-06-07 18:32:06 - train brier score: 0.5346
2024-06-07 18:32:06 - train f1 score: 0.7655
2024-06-07 18:32:06 - --------Run Number 3--------
2024-06-07 18:33:50 - ================Results================
2024-06-07 18:33:50 - time to fit: 103.4 seconds
2024-06-07 18:33:50 - train acc (train err): 0.6978 (0.3022)
2024-06-07 18:33:50 - train log loss: 0.9715
2024-06-07 18:33:50 - train brier score: 0.5136
2024-06-07 18:33:50 - train f1 score: 0.7663
2024-06-07 18:33:50 - --------Run Number 4--------
2024-06-07 18:35:32 - ================Results================
2024-06-07 18:35:32 - time to fit: 102.1 seconds
2024-06-07 18:35:32 - train acc (train err): 0.6964 (0.3036)
2024-06-07 18:35:32 - train log loss: 1.0966
2024-06-07 18:35:32 - train brier score: 0.5347
2024-06-07 18:35:32 - train f1 score: 0.7655
2024-06-07 18:35:32 - --------Run Number 5--------
2024-06-07 18:37:16 - ================Results================
2024-06-07 18:37:16 - time to fit: 103.4 seconds
2024-06-07 18:37:16 - train acc (train err): 0.6972 (0.3028)
2024-06-07 18:37:16 - train log loss: 0.9853
2024-06-07 18:37:16 - train brier score: 0.5172
2024-06-07 18:37:16 - train f1 score: 0.7659
2024-06-07 18:37:16 - --------Run Number 6--------
2024-06-07 18:38:57 - ================Results================
2024-06-07 18:38:57 - time to fit: 100.4 seconds
2024-06-07 18:38:57 - train acc (train err): 0.6967 (0.3033)
2024-06-07 18:38:57 - train log loss: 1.0939
2024-06-07 18:38:57 - train brier score: 0.5347
2024-06-07 18:38:57 - train f1 score: 0.7657
2024-06-07 18:38:57 - --------Run Number 7--------
2024-06-07 18:40:41 - ================Results================
2024-06-07 18:40:41 - time to fit: 103.6 seconds
2024-06-07 18:40:41 - train acc (train err): 0.6965 (0.3035)
2024-06-07 18:40:41 - train log loss: 1.1119
2024-06-07 18:40:41 - train brier score: 0.5364
2024-06-07 18:40:41 - train f1 score: 0.7655
2024-06-07 18:40:41 - --------Run Number 8--------
2024-06-07 18:42:24 - ================Results================
2024-06-07 18:42:24 - time to fit: 102.0 seconds
2024-06-07 18:42:24 - train acc (train err): 0.6965 (0.3035)
2024-06-07 18:42:24 - train log loss: 1.1127
2024-06-07 18:42:24 - train brier score: 0.5367
2024-06-07 18:42:24 - train f1 score: 0.7655
2024-06-07 18:42:24 - --------Run Number 9--------
2024-06-07 18:44:08 - ================Results================
2024-06-07 18:44:08 - time to fit: 103.9 seconds
2024-06-07 18:44:08 - train acc (train err): 0.6965 (0.3035)
2024-06-07 18:44:08 - train log loss: 1.0460
2024-06-07 18:44:08 - train brier score: 0.5278
2024-06-07 18:44:08 - train f1 score: 0.7655
2024-06-07 18:44:08 - --------Run Number 10--------
2024-06-07 18:45:53 - ================Results================
2024-06-07 18:45:53 - time to fit: 103.8 seconds
2024-06-07 18:45:53 - train acc (train err): 0.6969 (0.3031)
2024-06-07 18:45:53 - train log loss: 1.0254
2024-06-07 18:45:53 - train brier score: 0.5247
2024-06-07 18:45:53 - train f1 score: 0.7657
2024-06-07 18:45:53 - ================Aggregated Results================
2024-06-07 18:45:53 - Total number of runs: 10
2024-06-07 18:45:53 - Average time to fit: 102.6 seconds (std: 1.2)
2024-06-07 18:45:53 - train mean acc +- std (mean train err): 0.6967 +- 0.0004 (0.3033)
2024-06-07 18:45:53 - train mean log loss +- std: 1.0639 +- 0.0505
2024-06-07 18:45:53 - train mean brier score +- std: 0.5296 +- 0.0080
2024-06-07 18:45:53 - train mean f1 score +- std: 0.7657 +- 0.0003
