2024-06-07 13:47:50 - ============Running Fable============
2024-06-07 13:47:50 - dataset: tennis
2024-06-07 13:47:55 - --------Run Number 1--------
2024-06-07 13:48:38 - ----------------Results----------------
2024-06-07 13:48:38 - time to fit: 14.6 seconds
2024-06-07 13:48:38 - train acc (train err): 0.8658 (0.1342)
2024-06-07 13:48:38 - train log loss: 1.9439
2024-06-07 13:48:38 - train brier score: 0.2657
2024-06-07 13:48:38 - train f1 score: 0.8363
2024-06-07 13:48:38 - --------Run Number 2--------
2024-06-07 13:49:16 - ----------------Results----------------
2024-06-07 13:49:16 - time to fit: 14.3 seconds
2024-06-07 13:49:16 - train acc (train err): 0.8656 (0.1344)
2024-06-07 13:49:16 - train log loss: 1.9760
2024-06-07 13:49:16 - train brier score: 0.2654
2024-06-07 13:49:16 - train f1 score: 0.8359
2024-06-07 13:49:16 - --------Run Number 3--------
2024-06-07 13:49:55 - ----------------Results----------------
2024-06-07 13:49:55 - time to fit: 14.6 seconds
2024-06-07 13:49:55 - train acc (train err): 0.8657 (0.1343)
2024-06-07 13:49:55 - train log loss: 2.0345
2024-06-07 13:49:55 - train brier score: 0.2658
2024-06-07 13:49:55 - train f1 score: 0.8362
2024-06-07 13:49:55 - --------Run Number 4--------
2024-06-07 13:50:34 - ----------------Results----------------
2024-06-07 13:50:34 - time to fit: 15.3 seconds
2024-06-07 13:50:34 - train acc (train err): 0.8657 (0.1343)
2024-06-07 13:50:34 - train log loss: 2.0275
2024-06-07 13:50:34 - train brier score: 0.2655
2024-06-07 13:50:34 - train f1 score: 0.8362
2024-06-07 13:50:34 - --------Run Number 5--------
2024-06-07 13:51:13 - ----------------Results----------------
2024-06-07 13:51:13 - time to fit: 14.8 seconds
2024-06-07 13:51:13 - train acc (train err): 0.8657 (0.1343)
2024-06-07 13:51:13 - train log loss: 2.0290
2024-06-07 13:51:13 - train brier score: 0.2658
2024-06-07 13:51:13 - train f1 score: 0.8362
2024-06-07 13:51:13 - --------Run Number 6--------
2024-06-07 13:51:52 - ----------------Results----------------
2024-06-07 13:51:52 - time to fit: 14.8 seconds
2024-06-07 13:51:52 - train acc (train err): 0.8658 (0.1342)
2024-06-07 13:51:52 - train log loss: 2.0624
2024-06-07 13:51:52 - train brier score: 0.2657
2024-06-07 13:51:52 - train f1 score: 0.8363
2024-06-07 13:51:52 - --------Run Number 7--------
2024-06-07 13:52:31 - ----------------Results----------------
2024-06-07 13:52:31 - time to fit: 14.6 seconds
2024-06-07 13:52:31 - train acc (train err): 0.8652 (0.1348)
2024-06-07 13:52:31 - train log loss: 2.0590
2024-06-07 13:52:31 - train brier score: 0.2654
2024-06-07 13:52:31 - train f1 score: 0.8350
2024-06-07 13:52:31 - --------Run Number 8--------
2024-06-07 13:53:11 - ----------------Results----------------
2024-06-07 13:53:11 - time to fit: 15.6 seconds
2024-06-07 13:53:11 - train acc (train err): 0.8658 (0.1342)
2024-06-07 13:53:11 - train log loss: 1.9666
2024-06-07 13:53:11 - train brier score: 0.2659
2024-06-07 13:53:11 - train f1 score: 0.8363
2024-06-07 13:53:11 - --------Run Number 9--------
2024-06-07 13:53:53 - ----------------Results----------------
2024-06-07 13:53:53 - time to fit: 16.1 seconds
2024-06-07 13:53:53 - train acc (train err): 0.8657 (0.1343)
2024-06-07 13:53:53 - train log loss: 2.0377
2024-06-07 13:53:53 - train brier score: 0.2658
2024-06-07 13:53:53 - train f1 score: 0.8362
2024-06-07 13:53:53 - --------Run Number 10--------
2024-06-07 13:54:33 - ----------------Results----------------
2024-06-07 13:54:33 - time to fit: 15.4 seconds
2024-06-07 13:54:33 - train acc (train err): 0.8648 (0.1352)
2024-06-07 13:54:33 - train log loss: 2.0456
2024-06-07 13:54:33 - train brier score: 0.2655
2024-06-07 13:54:33 - train f1 score: 0.8346
2024-06-07 13:54:33 - ================Aggregated Results================
2024-06-07 13:54:33 - Total number of runs: 10
2024-06-07 13:54:33 - Average time to fit: 15.0 seconds (std: 0.5)
2024-06-07 13:54:33 - train mean acc +- std (mean train err): 0.8656 +- 0.0003 (0.1344)
2024-06-07 13:54:33 - train mean log loss +- std: 2.0182 +- 0.0390
2024-06-07 13:54:33 - train mean brier score +- std: 0.2656 +- 0.0002
2024-06-07 13:54:33 - train mean f1 score +- std: 0.8359 +- 0.0006
