2024-06-07 17:53:42 - ============Running MeTaL============
2024-06-07 17:53:42 - dataset: youtube
2024-06-07 17:53:42 - --------Run Number 1--------
2024-06-07 17:53:42 - ----------------Results----------------
2024-06-07 17:53:42 - time to fit: 0.4 seconds
2024-06-07 17:53:42 - train acc (train err): 0.7054 (0.2946)
2024-06-07 17:53:42 - train log loss: 0.5476
2024-06-07 17:53:42 - train brier score: 0.3663
2024-06-07 17:53:42 - train f1 score: 0.7634
2024-06-07 17:53:42 - --------Run Number 2--------
2024-06-07 17:53:43 - ----------------Results----------------
2024-06-07 17:53:43 - time to fit: 0.5 seconds
2024-06-07 17:53:43 - train acc (train err): 0.7054 (0.2946)
2024-06-07 17:53:43 - train log loss: 0.5453
2024-06-07 17:53:43 - train brier score: 0.3645
2024-06-07 17:53:43 - train f1 score: 0.7634
2024-06-07 17:53:43 - --------Run Number 3--------
2024-06-07 17:53:43 - ----------------Results----------------
2024-06-07 17:53:43 - time to fit: 0.5 seconds
2024-06-07 17:53:43 - train acc (train err): 0.7054 (0.2946)
2024-06-07 17:53:43 - train log loss: 0.5477
2024-06-07 17:53:43 - train brier score: 0.3664
2024-06-07 17:53:43 - train f1 score: 0.7634
2024-06-07 17:53:43 - --------Run Number 4--------
2024-06-07 17:53:44 - ----------------Results----------------
2024-06-07 17:53:44 - time to fit: 0.5 seconds
2024-06-07 17:53:44 - train acc (train err): 0.7054 (0.2946)
2024-06-07 17:53:44 - train log loss: 0.5475
2024-06-07 17:53:44 - train brier score: 0.3663
2024-06-07 17:53:44 - train f1 score: 0.7634
2024-06-07 17:53:44 - --------Run Number 5--------
2024-06-07 17:53:44 - ----------------Results----------------
2024-06-07 17:53:44 - time to fit: 0.5 seconds
2024-06-07 17:53:44 - train acc (train err): 0.7054 (0.2946)
2024-06-07 17:53:44 - train log loss: 0.5473
2024-06-07 17:53:44 - train brier score: 0.3661
2024-06-07 17:53:44 - train f1 score: 0.7634
2024-06-07 17:53:44 - --------Run Number 6--------
2024-06-07 17:53:45 - ----------------Results----------------
2024-06-07 17:53:45 - time to fit: 0.5 seconds
2024-06-07 17:53:45 - train acc (train err): 0.7054 (0.2946)
2024-06-07 17:53:45 - train log loss: 0.5476
2024-06-07 17:53:45 - train brier score: 0.3663
2024-06-07 17:53:45 - train f1 score: 0.7634
2024-06-07 17:53:45 - --------Run Number 7--------
2024-06-07 17:53:45 - ----------------Results----------------
2024-06-07 17:53:45 - time to fit: 0.5 seconds
2024-06-07 17:53:45 - train acc (train err): 0.7054 (0.2946)
2024-06-07 17:53:45 - train log loss: 0.5469
2024-06-07 17:53:45 - train brier score: 0.3658
2024-06-07 17:53:45 - train f1 score: 0.7634
2024-06-07 17:53:45 - --------Run Number 8--------
2024-06-07 17:53:46 - ----------------Results----------------
2024-06-07 17:53:46 - time to fit: 0.5 seconds
2024-06-07 17:53:46 - train acc (train err): 0.7054 (0.2946)
2024-06-07 17:53:46 - train log loss: 0.5440
2024-06-07 17:53:46 - train brier score: 0.3635
2024-06-07 17:53:46 - train f1 score: 0.7634
2024-06-07 17:53:46 - --------Run Number 9--------
2024-06-07 17:53:46 - ----------------Results----------------
2024-06-07 17:53:46 - time to fit: 0.5 seconds
2024-06-07 17:53:46 - train acc (train err): 0.7054 (0.2946)
2024-06-07 17:53:46 - train log loss: 0.5471
2024-06-07 17:53:46 - train brier score: 0.3660
2024-06-07 17:53:46 - train f1 score: 0.7634
2024-06-07 17:53:46 - --------Run Number 10--------
2024-06-07 17:53:47 - ----------------Results----------------
2024-06-07 17:53:47 - time to fit: 0.5 seconds
2024-06-07 17:53:47 - train acc (train err): 0.7054 (0.2946)
2024-06-07 17:53:47 - train log loss: 0.5473
2024-06-07 17:53:47 - train brier score: 0.3661
2024-06-07 17:53:47 - train f1 score: 0.7634
2024-06-07 17:53:47 - ================Aggregated Results================
2024-06-07 17:53:47 - Total number of runs: 10
2024-06-07 17:53:47 - Average time to fit: 0.5 seconds (std: 0.0)
2024-06-07 17:53:47 - train mean acc +- std (mean train err): 0.7054 +- 0.0000 (0.2946)
2024-06-07 17:53:47 - train mean log loss +- std: 0.5468 +- 0.0012
2024-06-07 17:53:47 - train mean brier score +- std: 0.3657 +- 0.0009
2024-06-07 17:53:47 - train mean f1 score +- std: 0.7634 +- 0.0000
