2024-06-07 22:40:31 - ============Running WeaSEL============
2024-06-07 22:40:31 - dataset: trec
2024-06-07 22:40:32 - --------Run Number 1--------
2024-06-07 22:41:08 - ----------------Results----------------
2024-06-07 22:41:08 - time to fit: 36.2 seconds
2024-06-07 22:41:08 - train acc (train err): 0.2698 (0.7302)
2024-06-07 22:41:08 - train log loss: 1.7914
2024-06-07 22:41:08 - train brier score: 0.8332
2024-06-07 22:41:08 - --------Run Number 2--------
2024-06-07 22:41:45 - ----------------Results----------------
2024-06-07 22:41:45 - time to fit: 36.5 seconds
2024-06-07 22:41:45 - train acc (train err): 0.1624 (0.8376)
2024-06-07 22:41:45 - train log loss: 1.7917
2024-06-07 22:41:45 - train brier score: 0.8333
2024-06-07 22:41:45 - --------Run Number 3--------
2024-06-07 22:42:21 - ----------------Results----------------
2024-06-07 22:42:21 - time to fit: 36.5 seconds
2024-06-07 22:42:21 - train acc (train err): 0.2098 (0.7902)
2024-06-07 22:42:21 - train log loss: 1.7917
2024-06-07 22:42:21 - train brier score: 0.8333
2024-06-07 22:42:21 - --------Run Number 4--------
2024-06-07 22:42:58 - ----------------Results----------------
2024-06-07 22:42:58 - time to fit: 36.6 seconds
2024-06-07 22:42:58 - train acc (train err): 0.1952 (0.8048)
2024-06-07 22:42:58 - train log loss: 1.7916
2024-06-07 22:42:58 - train brier score: 0.8333
2024-06-07 22:42:58 - --------Run Number 5--------
2024-06-07 22:43:35 - ----------------Results----------------
2024-06-07 22:43:35 - time to fit: 36.3 seconds
2024-06-07 22:43:35 - train acc (train err): 0.1830 (0.8170)
2024-06-07 22:43:35 - train log loss: 1.7918
2024-06-07 22:43:35 - train brier score: 0.8333
2024-06-07 22:43:35 - --------Run Number 6--------
2024-06-07 22:44:12 - ----------------Results----------------
2024-06-07 22:44:12 - time to fit: 37.4 seconds
2024-06-07 22:44:12 - train acc (train err): 0.2341 (0.7659)
2024-06-07 22:44:12 - train log loss: 1.7916
2024-06-07 22:44:12 - train brier score: 0.8333
2024-06-07 22:44:12 - --------Run Number 7--------
2024-06-07 22:44:49 - ----------------Results----------------
2024-06-07 22:44:49 - time to fit: 37.0 seconds
2024-06-07 22:44:49 - train acc (train err): 0.2489 (0.7511)
2024-06-07 22:44:49 - train log loss: 1.7915
2024-06-07 22:44:49 - train brier score: 0.8333
2024-06-07 22:44:49 - --------Run Number 8--------
2024-06-07 22:45:26 - ----------------Results----------------
2024-06-07 22:45:26 - time to fit: 36.9 seconds
2024-06-07 22:45:26 - train acc (train err): 0.1828 (0.8172)
2024-06-07 22:45:26 - train log loss: 1.7916
2024-06-07 22:45:26 - train brier score: 0.8333
2024-06-07 22:45:26 - --------Run Number 9--------
2024-06-07 22:46:03 - ----------------Results----------------
2024-06-07 22:46:03 - time to fit: 36.8 seconds
2024-06-07 22:46:03 - train acc (train err): 0.2267 (0.7733)
2024-06-07 22:46:03 - train log loss: 1.7914
2024-06-07 22:46:03 - train brier score: 0.8332
2024-06-07 22:46:03 - --------Run Number 10--------
2024-06-07 22:46:40 - ----------------Results----------------
2024-06-07 22:46:40 - time to fit: 36.7 seconds
2024-06-07 22:46:40 - train acc (train err): 0.1685 (0.8315)
2024-06-07 22:46:40 - train log loss: 1.7917
2024-06-07 22:46:40 - train brier score: 0.8333
2024-06-07 22:46:40 - ================Aggregated Results================
2024-06-07 22:46:40 - Total number of runs: 10
2024-06-07 22:46:40 - Average time to fit: 36.7 seconds (std: 0.3)
2024-06-07 22:46:40 - train mean acc +- std (mean train err): 0.2081 +- 0.0340 (0.7919)
2024-06-07 22:46:40 - train mean log loss +- std: 1.7916 +- 0.0001
2024-06-07 22:46:40 - train mean brier score +- std: 0.8333 +- 0.0000
