2025-08-07 01:24:05 - ============Running CLL============
2025-08-07 01:24:05 - dataset: youtube
2025-08-07 01:24:05 - --------Run Number 1--------
2025-08-07 01:24:05 - ----------------Results----------------
2025-08-07 01:24:05 - time to fit: 0.1 seconds
2025-08-07 01:24:05 - train acc (train err): 0.8519 (0.1481)
2025-08-07 01:24:05 - train log loss: 3.3565
2025-08-07 01:24:05 - train brier score: 0.2414
2025-08-07 01:24:05 - train f1 score: 0.8479
2025-08-07 01:24:05 - --------Run Number 2--------
2025-08-07 01:24:05 - ----------------Results----------------
2025-08-07 01:24:05 - time to fit: 0.1 seconds
2025-08-07 01:24:05 - train acc (train err): 0.8519 (0.1481)
2025-08-07 01:24:05 - train log loss: 3.3518
2025-08-07 01:24:05 - train brier score: 0.2414
2025-08-07 01:24:05 - train f1 score: 0.8479
2025-08-07 01:24:05 - --------Run Number 3--------
2025-08-07 01:24:05 - ----------------Results----------------
2025-08-07 01:24:05 - time to fit: 0.1 seconds
2025-08-07 01:24:05 - train acc (train err): 0.8519 (0.1481)
2025-08-07 01:24:05 - train log loss: 3.4371
2025-08-07 01:24:05 - train brier score: 0.2414
2025-08-07 01:24:05 - train f1 score: 0.8479
2025-08-07 01:24:05 - --------Run Number 4--------
2025-08-07 01:24:05 - ----------------Results----------------
2025-08-07 01:24:05 - time to fit: 0.1 seconds
2025-08-07 01:24:05 - train acc (train err): 0.8519 (0.1481)
2025-08-07 01:24:05 - train log loss: 3.3593
2025-08-07 01:24:05 - train brier score: 0.2414
2025-08-07 01:24:05 - train f1 score: 0.8479
2025-08-07 01:24:05 - --------Run Number 5--------
2025-08-07 01:24:05 - ----------------Results----------------
2025-08-07 01:24:05 - time to fit: 0.1 seconds
2025-08-07 01:24:05 - train acc (train err): 0.8519 (0.1481)
2025-08-07 01:24:05 - train log loss: 3.4545
2025-08-07 01:24:05 - train brier score: 0.2415
2025-08-07 01:24:05 - train f1 score: 0.8479
2025-08-07 01:24:05 - --------Run Number 6--------
2025-08-07 01:24:06 - ----------------Results----------------
2025-08-07 01:24:06 - time to fit: 0.1 seconds
2025-08-07 01:24:06 - train acc (train err): 0.8519 (0.1481)
2025-08-07 01:24:06 - train log loss: 3.3553
2025-08-07 01:24:06 - train brier score: 0.2415
2025-08-07 01:24:06 - train f1 score: 0.8479
2025-08-07 01:24:06 - --------Run Number 7--------
2025-08-07 01:24:06 - ----------------Results----------------
2025-08-07 01:24:06 - time to fit: 0.1 seconds
2025-08-07 01:24:06 - train acc (train err): 0.8519 (0.1481)
2025-08-07 01:24:06 - train log loss: 3.3353
2025-08-07 01:24:06 - train brier score: 0.2413
2025-08-07 01:24:06 - train f1 score: 0.8479
2025-08-07 01:24:06 - --------Run Number 8--------
2025-08-07 01:24:06 - ----------------Results----------------
2025-08-07 01:24:06 - time to fit: 0.1 seconds
2025-08-07 01:24:06 - train acc (train err): 0.8519 (0.1481)
2025-08-07 01:24:06 - train log loss: 3.3745
2025-08-07 01:24:06 - train brier score: 0.2414
2025-08-07 01:24:06 - train f1 score: 0.8479
2025-08-07 01:24:06 - --------Run Number 9--------
2025-08-07 01:24:06 - ----------------Results----------------
2025-08-07 01:24:06 - time to fit: 0.1 seconds
2025-08-07 01:24:06 - train acc (train err): 0.8519 (0.1481)
2025-08-07 01:24:06 - train log loss: 3.3664
2025-08-07 01:24:06 - train brier score: 0.2414
2025-08-07 01:24:06 - train f1 score: 0.8479
2025-08-07 01:24:06 - --------Run Number 10--------
2025-08-07 01:24:06 - ----------------Results----------------
2025-08-07 01:24:06 - time to fit: 0.1 seconds
2025-08-07 01:24:06 - train acc (train err): 0.8519 (0.1481)
2025-08-07 01:24:06 - train log loss: 3.3374
2025-08-07 01:24:06 - train brier score: 0.2414
2025-08-07 01:24:06 - train f1 score: 0.8479
2025-08-07 01:24:06 - ================Aggregated Results================
2025-08-07 01:24:06 - Total number of runs: 10
2025-08-07 01:24:06 - Average time to fit: 0.1 seconds (std: 0.0)
2025-08-07 01:24:06 - train mean acc +- std (mean train err): 0.8519 +- 0.0000 (0.1481)
2025-08-07 01:24:06 - train mean log loss +- std: 3.3728 +- 0.0384
2025-08-07 01:24:06 - train mean brier score +- std: 0.2414 +- 0.0000
2025-08-07 01:24:06 - train mean f1 score +- std: 0.8479 +- 0.0000
