2024-06-07 14:00:57 - ============Running Fable============
2024-06-07 14:00:57 - dataset: semeval
2024-06-07 14:00:57 - --------Run Number 1--------
2024-06-07 14:01:09 - ----------------Results----------------
2024-06-07 14:01:09 - time to fit: 6.1 seconds
2024-06-07 14:01:09 - train acc (train err): 0.7353 (0.2647)
2024-06-07 14:01:09 - train log loss: 3.0118
2024-06-07 14:01:09 - train brier score: 0.5289
2024-06-07 14:01:09 - --------Run Number 2--------
2024-06-07 14:01:19 - ----------------Results----------------
2024-06-07 14:01:19 - time to fit: 5.5 seconds
2024-06-07 14:01:19 - train acc (train err): 0.7353 (0.2647)
2024-06-07 14:01:19 - train log loss: 3.0132
2024-06-07 14:01:19 - train brier score: 0.5289
2024-06-07 14:01:19 - --------Run Number 3--------
2024-06-07 14:01:29 - ----------------Results----------------
2024-06-07 14:01:29 - time to fit: 5.2 seconds
2024-06-07 14:01:29 - train acc (train err): 0.7353 (0.2647)
2024-06-07 14:01:29 - train log loss: 3.0142
2024-06-07 14:01:29 - train brier score: 0.5289
2024-06-07 14:01:29 - --------Run Number 4--------
2024-06-07 14:01:39 - ----------------Results----------------
2024-06-07 14:01:39 - time to fit: 5.4 seconds
2024-06-07 14:01:39 - train acc (train err): 0.7353 (0.2647)
2024-06-07 14:01:39 - train log loss: 3.0142
2024-06-07 14:01:39 - train brier score: 0.5290
2024-06-07 14:01:39 - --------Run Number 5--------
2024-06-07 14:01:43 - ----------------Results----------------
2024-06-07 14:01:43 - time to fit: 1.5 seconds
2024-06-07 14:01:43 - train acc (train err): 0.7432 (0.2568)
2024-06-07 14:01:43 - train log loss: 2.3779
2024-06-07 14:01:43 - train brier score: 0.5024
2024-06-07 14:01:43 - --------Run Number 6--------
2024-06-07 14:01:52 - ----------------Results----------------
2024-06-07 14:01:52 - time to fit: 4.7 seconds
2024-06-07 14:01:52 - train acc (train err): 0.7353 (0.2647)
2024-06-07 14:01:52 - train log loss: 3.0124
2024-06-07 14:01:52 - train brier score: 0.5289
2024-06-07 14:01:52 - --------Run Number 7--------
2024-06-07 14:02:01 - ----------------Results----------------
2024-06-07 14:02:01 - time to fit: 4.7 seconds
2024-06-07 14:02:01 - train acc (train err): 0.7353 (0.2647)
2024-06-07 14:02:01 - train log loss: 3.0113
2024-06-07 14:02:01 - train brier score: 0.5289
2024-06-07 14:02:01 - --------Run Number 8--------
2024-06-07 14:02:10 - ----------------Results----------------
2024-06-07 14:02:10 - time to fit: 4.7 seconds
2024-06-07 14:02:10 - train acc (train err): 0.7353 (0.2647)
2024-06-07 14:02:10 - train log loss: 3.0172
2024-06-07 14:02:10 - train brier score: 0.5289
2024-06-07 14:02:10 - --------Run Number 9--------
2024-06-07 14:02:19 - ----------------Results----------------
2024-06-07 14:02:19 - time to fit: 4.7 seconds
2024-06-07 14:02:19 - train acc (train err): 0.7353 (0.2647)
2024-06-07 14:02:19 - train log loss: 3.0124
2024-06-07 14:02:19 - train brier score: 0.5289
2024-06-07 14:02:19 - --------Run Number 10--------
2024-06-07 14:02:28 - ----------------Results----------------
2024-06-07 14:02:28 - time to fit: 4.6 seconds
2024-06-07 14:02:28 - train acc (train err): 0.7353 (0.2647)
2024-06-07 14:02:28 - train log loss: 3.0218
2024-06-07 14:02:28 - train brier score: 0.5289
2024-06-07 14:02:28 - ================Aggregated Results================
2024-06-07 14:02:28 - Total number of runs: 10
2024-06-07 14:02:28 - Average time to fit: 4.7 seconds (std: 1.2)
2024-06-07 14:02:28 - train mean acc +- std (mean train err): 0.7361 +- 0.0024 (0.2639)
2024-06-07 14:02:28 - train mean log loss +- std: 2.9506 +- 0.1909
2024-06-07 14:02:28 - train mean brier score +- std: 0.5263 +- 0.0080
