2024-06-07 11:56:27 - ============Running Fable============
2024-06-07 11:56:27 - dataset: imdb
2024-06-07 11:56:27 - --------Run Number 1--------
2024-06-07 11:57:44 - ----------------Results----------------
2024-06-07 11:57:44 - time to fit: 33.8 seconds
2024-06-07 11:57:44 - train acc (train err): 0.7165 (0.2835)
2024-06-07 11:57:44 - train log loss: 2.1903
2024-06-07 11:57:44 - train brier score: 0.5560
2024-06-07 11:57:44 - train f1 score: 0.7449
2024-06-07 11:57:44 - --------Run Number 2--------
2024-06-07 11:59:04 - ----------------Results----------------
2024-06-07 11:59:04 - time to fit: 34.0 seconds
2024-06-07 11:59:04 - train acc (train err): 0.7229 (0.2771)
2024-06-07 11:59:04 - train log loss: 2.1564
2024-06-07 11:59:04 - train brier score: 0.5431
2024-06-07 11:59:04 - train f1 score: 0.7514
2024-06-07 11:59:04 - --------Run Number 3--------
2024-06-07 12:00:19 - ----------------Results----------------
2024-06-07 12:00:19 - time to fit: 31.9 seconds
2024-06-07 12:00:19 - train acc (train err): 0.7184 (0.2816)
2024-06-07 12:00:19 - train log loss: 2.1412
2024-06-07 12:00:19 - train brier score: 0.5517
2024-06-07 12:00:19 - train f1 score: 0.7477
2024-06-07 12:00:19 - --------Run Number 4--------
2024-06-07 12:01:34 - ----------------Results----------------
2024-06-07 12:01:34 - time to fit: 31.6 seconds
2024-06-07 12:01:34 - train acc (train err): 0.7256 (0.2744)
2024-06-07 12:01:34 - train log loss: 2.1311
2024-06-07 12:01:34 - train brier score: 0.5378
2024-06-07 12:01:34 - train f1 score: 0.7546
2024-06-07 12:01:34 - --------Run Number 5--------
2024-06-07 12:02:47 - ----------------Results----------------
2024-06-07 12:02:47 - time to fit: 30.3 seconds
2024-06-07 12:02:47 - train acc (train err): 0.7207 (0.2793)
2024-06-07 12:02:47 - train log loss: 2.1618
2024-06-07 12:02:47 - train brier score: 0.5476
2024-06-07 12:02:47 - train f1 score: 0.7504
2024-06-07 12:02:47 - --------Run Number 6--------
2024-06-07 12:04:02 - ----------------Results----------------
2024-06-07 12:04:02 - time to fit: 31.9 seconds
2024-06-07 12:04:02 - train acc (train err): 0.7211 (0.2789)
2024-06-07 12:04:02 - train log loss: 2.1617
2024-06-07 12:04:02 - train brier score: 0.5470
2024-06-07 12:04:02 - train f1 score: 0.7495
2024-06-07 12:04:02 - --------Run Number 7--------
2024-06-07 12:05:17 - ----------------Results----------------
2024-06-07 12:05:17 - time to fit: 31.8 seconds
2024-06-07 12:05:17 - train acc (train err): 0.7229 (0.2771)
2024-06-07 12:05:17 - train log loss: 2.1071
2024-06-07 12:05:17 - train brier score: 0.5431
2024-06-07 12:05:17 - train f1 score: 0.7517
2024-06-07 12:05:17 - --------Run Number 8--------
2024-06-07 12:06:30 - ----------------Results----------------
2024-06-07 12:06:30 - time to fit: 30.4 seconds
2024-06-07 12:06:30 - train acc (train err): 0.7243 (0.2757)
2024-06-07 12:06:30 - train log loss: 2.1105
2024-06-07 12:06:30 - train brier score: 0.5402
2024-06-07 12:06:30 - train f1 score: 0.7506
2024-06-07 12:06:30 - --------Run Number 9--------
2024-06-07 12:07:43 - ----------------Results----------------
2024-06-07 12:07:43 - time to fit: 29.0 seconds
2024-06-07 12:07:43 - train acc (train err): 0.7190 (0.2810)
2024-06-07 12:07:43 - train log loss: 2.1306
2024-06-07 12:07:43 - train brier score: 0.5504
2024-06-07 12:07:43 - train f1 score: 0.7466
2024-06-07 12:07:43 - --------Run Number 10--------
2024-06-07 12:08:58 - ----------------Results----------------
2024-06-07 12:08:58 - time to fit: 31.7 seconds
2024-06-07 12:08:58 - train acc (train err): 0.7245 (0.2755)
2024-06-07 12:08:58 - train log loss: 2.1292
2024-06-07 12:08:58 - train brier score: 0.5399
2024-06-07 12:08:58 - train f1 score: 0.7499
2024-06-07 12:08:58 - ================Aggregated Results================
2024-06-07 12:08:58 - Total number of runs: 10
2024-06-07 12:08:58 - Average time to fit: 31.6 seconds (std: 1.4)
2024-06-07 12:08:58 - train mean acc +- std (mean train err): 0.7216 +- 0.0028 (0.2784)
2024-06-07 12:08:58 - train mean log loss +- std: 2.1420 +- 0.0244
2024-06-07 12:08:58 - train mean brier score +- std: 0.5457 +- 0.0056
2024-06-07 12:08:58 - train mean f1 score +- std: 0.7497 +- 0.0026
