2024-06-07 13:54:33 - ============Running Fable============
2024-06-07 13:54:33 - dataset: trec
2024-06-07 13:54:33 - --------Run Number 1--------
2024-06-07 13:55:11 - ----------------Results----------------
2024-06-07 13:55:11 - time to fit: 18.9 seconds
2024-06-07 13:55:11 - train acc (train err): 0.5404 (0.4596)
2024-06-07 13:55:11 - train log loss: 4.4681
2024-06-07 13:55:11 - train brier score: 0.8817
2024-06-07 13:55:11 - --------Run Number 2--------
2024-06-07 13:55:51 - ----------------Results----------------
2024-06-07 13:55:51 - time to fit: 19.0 seconds
2024-06-07 13:55:51 - train acc (train err): 0.5354 (0.4646)
2024-06-07 13:55:51 - train log loss: 4.5607
2024-06-07 13:55:51 - train brier score: 0.8975
2024-06-07 13:55:51 - --------Run Number 3--------
2024-06-07 13:56:29 - ----------------Results----------------
2024-06-07 13:56:29 - time to fit: 18.9 seconds
2024-06-07 13:56:29 - train acc (train err): 0.5349 (0.4651)
2024-06-07 13:56:29 - train log loss: 4.4883
2024-06-07 13:56:29 - train brier score: 0.8858
2024-06-07 13:56:29 - --------Run Number 4--------
2024-06-07 13:57:08 - ----------------Results----------------
2024-06-07 13:57:08 - time to fit: 19.0 seconds
2024-06-07 13:57:08 - train acc (train err): 0.5417 (0.4583)
2024-06-07 13:57:08 - train log loss: 4.4660
2024-06-07 13:57:08 - train brier score: 0.8815
2024-06-07 13:57:08 - --------Run Number 5--------
2024-06-07 13:57:45 - ----------------Results----------------
2024-06-07 13:57:45 - time to fit: 18.0 seconds
2024-06-07 13:57:45 - train acc (train err): 0.5362 (0.4638)
2024-06-07 13:57:45 - train log loss: 4.4450
2024-06-07 13:57:45 - train brier score: 0.8785
2024-06-07 13:57:45 - --------Run Number 6--------
2024-06-07 13:58:21 - ----------------Results----------------
2024-06-07 13:58:21 - time to fit: 16.4 seconds
2024-06-07 13:58:21 - train acc (train err): 0.5286 (0.4714)
2024-06-07 13:58:21 - train log loss: 4.5234
2024-06-07 13:58:21 - train brier score: 0.8943
2024-06-07 13:58:21 - --------Run Number 7--------
2024-06-07 13:59:00 - ----------------Results----------------
2024-06-07 13:59:00 - time to fit: 18.9 seconds
2024-06-07 13:59:00 - train acc (train err): 0.5408 (0.4592)
2024-06-07 13:59:00 - train log loss: 4.4746
2024-06-07 13:59:00 - train brier score: 0.8776
2024-06-07 13:59:00 - --------Run Number 8--------
2024-06-07 13:59:38 - ----------------Results----------------
2024-06-07 13:59:38 - time to fit: 18.5 seconds
2024-06-07 13:59:38 - train acc (train err): 0.5425 (0.4575)
2024-06-07 13:59:38 - train log loss: 4.4795
2024-06-07 13:59:38 - train brier score: 0.8820
2024-06-07 13:59:38 - --------Run Number 9--------
2024-06-07 14:00:16 - ----------------Results----------------
2024-06-07 14:00:16 - time to fit: 19.0 seconds
2024-06-07 14:00:16 - train acc (train err): 0.5291 (0.4709)
2024-06-07 14:00:16 - train log loss: 4.5384
2024-06-07 14:00:16 - train brier score: 0.8957
2024-06-07 14:00:16 - --------Run Number 10--------
2024-06-07 14:00:57 - ----------------Results----------------
2024-06-07 14:00:57 - time to fit: 19.6 seconds
2024-06-07 14:00:57 - train acc (train err): 0.5349 (0.4651)
2024-06-07 14:00:57 - train log loss: 4.4504
2024-06-07 14:00:57 - train brier score: 0.8786
2024-06-07 14:00:57 - ================Aggregated Results================
2024-06-07 14:00:57 - Total number of runs: 10
2024-06-07 14:00:57 - Average time to fit: 18.6 seconds (std: 0.8)
2024-06-07 14:00:57 - train mean acc +- std (mean train err): 0.5364 +- 0.0047 (0.4636)
2024-06-07 14:00:57 - train mean log loss +- std: 4.4894 +- 0.0367
2024-06-07 14:00:57 - train mean brier score +- std: 0.8853 +- 0.0073
