2025-08-06 23:24:01 - ============Running CLL============
2025-08-06 23:24:01 - dataset: agnews
2025-08-06 23:24:01 - --------Run Number 1--------
2025-08-06 23:24:05 - ----------------Results----------------
2025-08-06 23:24:05 - time to fit: 4.2 seconds
2025-08-06 23:24:05 - train acc (train err): 0.8099 (0.1901)
2025-08-06 23:24:05 - train log loss: 4.6556
2025-08-06 23:24:05 - train brier score: 0.3618
2025-08-06 23:24:05 - --------Run Number 2--------
2025-08-06 23:24:09 - ----------------Results----------------
2025-08-06 23:24:09 - time to fit: 4.2 seconds
2025-08-06 23:24:09 - train acc (train err): 0.8095 (0.1905)
2025-08-06 23:24:09 - train log loss: 4.6572
2025-08-06 23:24:09 - train brier score: 0.3617
2025-08-06 23:24:09 - --------Run Number 3--------
2025-08-06 23:24:13 - ----------------Results----------------
2025-08-06 23:24:13 - time to fit: 3.9 seconds
2025-08-06 23:24:13 - train acc (train err): 0.8097 (0.1903)
2025-08-06 23:24:13 - train log loss: 4.6567
2025-08-06 23:24:13 - train brier score: 0.3618
2025-08-06 23:24:13 - --------Run Number 4--------
2025-08-06 23:24:17 - ----------------Results----------------
2025-08-06 23:24:17 - time to fit: 3.8 seconds
2025-08-06 23:24:17 - train acc (train err): 0.8095 (0.1905)
2025-08-06 23:24:17 - train log loss: 4.6564
2025-08-06 23:24:17 - train brier score: 0.3619
2025-08-06 23:24:17 - --------Run Number 5--------
2025-08-06 23:24:22 - ----------------Results----------------
2025-08-06 23:24:22 - time to fit: 4.0 seconds
2025-08-06 23:24:22 - train acc (train err): 0.8097 (0.1903)
2025-08-06 23:24:22 - train log loss: 4.6584
2025-08-06 23:24:22 - train brier score: 0.3622
2025-08-06 23:24:22 - --------Run Number 6--------
2025-08-06 23:24:25 - ----------------Results----------------
2025-08-06 23:24:25 - time to fit: 3.8 seconds
2025-08-06 23:24:25 - train acc (train err): 0.8096 (0.1904)
2025-08-06 23:24:25 - train log loss: 4.6556
2025-08-06 23:24:25 - train brier score: 0.3618
2025-08-06 23:24:25 - --------Run Number 7--------
2025-08-06 23:24:30 - ----------------Results----------------
2025-08-06 23:24:30 - time to fit: 3.9 seconds
2025-08-06 23:24:30 - train acc (train err): 0.8099 (0.1901)
2025-08-06 23:24:30 - train log loss: 4.6595
2025-08-06 23:24:30 - train brier score: 0.3616
2025-08-06 23:24:30 - --------Run Number 8--------
2025-08-06 23:24:33 - ----------------Results----------------
2025-08-06 23:24:34 - time to fit: 3.8 seconds
2025-08-06 23:24:34 - train acc (train err): 0.8092 (0.1908)
2025-08-06 23:24:34 - train log loss: 4.6594
2025-08-06 23:24:34 - train brier score: 0.3622
2025-08-06 23:24:34 - --------Run Number 9--------
2025-08-06 23:24:38 - ----------------Results----------------
2025-08-06 23:24:38 - time to fit: 4.0 seconds
2025-08-06 23:24:38 - train acc (train err): 0.8100 (0.1900)
2025-08-06 23:24:38 - train log loss: 4.6558
2025-08-06 23:24:38 - train brier score: 0.3616
2025-08-06 23:24:38 - --------Run Number 10--------
2025-08-06 23:24:42 - ----------------Results----------------
2025-08-06 23:24:42 - time to fit: 4.2 seconds
2025-08-06 23:24:42 - train acc (train err): 0.8103 (0.1897)
2025-08-06 23:24:42 - train log loss: 4.6571
2025-08-06 23:24:42 - train brier score: 0.3613
2025-08-06 23:24:42 - ================Aggregated Results================
2025-08-06 23:24:42 - Total number of runs: 10
2025-08-06 23:24:42 - Average time to fit: 4.0 seconds (std: 0.2)
2025-08-06 23:24:42 - train mean acc +- std (mean train err): 0.8097 +- 0.0003 (0.1903)
2025-08-06 23:24:42 - train mean log loss +- std: 4.6572 +- 0.0014
2025-08-06 23:24:42 - train mean brier score +- std: 0.3618 +- 0.0003
