2024-06-07 17:48:06 - ------------Running Snorkel------------
2024-06-07 17:48:06 - dataset: sms
2024-06-07 17:48:06 - --------Run Number 1--------
2024-06-07 17:48:06 - ================Results================
2024-06-07 17:48:06 - time to fit: 0.2 seconds
2024-06-07 17:48:06 - train acc (train err): 0.8228 (0.1772)
2024-06-07 17:48:06 - train log loss: 0.5345
2024-06-07 17:48:06 - train brier score: 0.2604
2024-06-07 17:48:06 - train f1 score: 0.5880
2024-06-07 17:48:06 - --------Run Number 2--------
2024-06-07 17:48:07 - ================Results================
2024-06-07 17:48:07 - time to fit: 0.1 seconds
2024-06-07 17:48:07 - train acc (train err): 0.8103 (0.1897)
2024-06-07 17:48:07 - train log loss: 0.5747
2024-06-07 17:48:07 - train brier score: 0.2857
2024-06-07 17:48:07 - train f1 score: 0.5714
2024-06-07 17:48:07 - --------Run Number 3--------
2024-06-07 17:48:07 - ================Results================
2024-06-07 17:48:07 - time to fit: 0.2 seconds
2024-06-07 17:48:07 - train acc (train err): 0.8103 (0.1897)
2024-06-07 17:48:07 - train log loss: 0.5687
2024-06-07 17:48:07 - train brier score: 0.2817
2024-06-07 17:48:07 - train f1 score: 0.5714
2024-06-07 17:48:07 - --------Run Number 4--------
2024-06-07 17:48:07 - ================Results================
2024-06-07 17:48:07 - time to fit: 0.1 seconds
2024-06-07 17:48:07 - train acc (train err): 0.8157 (0.1843)
2024-06-07 17:48:07 - train log loss: 0.6299
2024-06-07 17:48:07 - train brier score: 0.3435
2024-06-07 17:48:07 - train f1 score: 0.5801
2024-06-07 17:48:07 - --------Run Number 5--------
2024-06-07 17:48:07 - ================Results================
2024-06-07 17:48:07 - time to fit: 0.2 seconds
2024-06-07 17:48:07 - train acc (train err): 0.8224 (0.1776)
2024-06-07 17:48:07 - train log loss: 0.5423
2024-06-07 17:48:07 - train brier score: 0.2650
2024-06-07 17:48:07 - train f1 score: 0.5874
2024-06-07 17:48:07 - --------Run Number 6--------
2024-06-07 17:48:07 - ================Results================
2024-06-07 17:48:07 - time to fit: 0.1 seconds
2024-06-07 17:48:07 - train acc (train err): 0.8103 (0.1897)
2024-06-07 17:48:07 - train log loss: 0.5703
2024-06-07 17:48:07 - train brier score: 0.2827
2024-06-07 17:48:07 - train f1 score: 0.5714
2024-06-07 17:48:07 - --------Run Number 7--------
2024-06-07 17:48:08 - ================Results================
2024-06-07 17:48:08 - time to fit: 0.2 seconds
2024-06-07 17:48:08 - train acc (train err): 0.8237 (0.1763)
2024-06-07 17:48:08 - train log loss: 0.5088
2024-06-07 17:48:08 - train brier score: 0.2454
2024-06-07 17:48:08 - train f1 score: 0.5892
2024-06-07 17:48:08 - --------Run Number 8--------
2024-06-07 17:48:08 - ================Results================
2024-06-07 17:48:08 - time to fit: 0.1 seconds
2024-06-07 17:48:08 - train acc (train err): 0.8103 (0.1897)
2024-06-07 17:48:08 - train log loss: 0.5560
2024-06-07 17:48:08 - train brier score: 0.2735
2024-06-07 17:48:08 - train f1 score: 0.5714
2024-06-07 17:48:08 - --------Run Number 9--------
2024-06-07 17:48:08 - ================Results================
2024-06-07 17:48:08 - time to fit: 0.1 seconds
2024-06-07 17:48:08 - train acc (train err): 0.8103 (0.1897)
2024-06-07 17:48:08 - train log loss: 0.5557
2024-06-07 17:48:08 - train brier score: 0.2733
2024-06-07 17:48:08 - train f1 score: 0.5714
2024-06-07 17:48:08 - --------Run Number 10--------
2024-06-07 17:48:08 - ================Results================
2024-06-07 17:48:08 - time to fit: 0.1 seconds
2024-06-07 17:48:08 - train acc (train err): 0.8157 (0.1843)
2024-06-07 17:48:08 - train log loss: 0.6264
2024-06-07 17:48:08 - train brier score: 0.3377
2024-06-07 17:48:08 - train f1 score: 0.5801
2024-06-07 17:48:08 - ================Aggregated Results================
2024-06-07 17:48:08 - Total number of runs: 10
2024-06-07 17:48:08 - Average time to fit: 0.2 seconds (std: 0.0)
2024-06-07 17:48:08 - train mean acc +- std (mean train err): 0.8152 +- 0.0055 (0.1848)
2024-06-07 17:48:08 - train mean log loss +- std: 0.5667 +- 0.0359
2024-06-07 17:48:08 - train mean brier score +- std: 0.2849 +- 0.0301
2024-06-07 17:48:08 - train mean f1 score +- std: 0.5782 +- 0.0073
