2024-06-07 18:23:00 - ------------Running EBCC------------
2024-06-07 18:23:00 - dataset: sms
2024-06-07 18:23:00 - empirical class prior: True
2024-06-07 18:23:00 - --------Run Number 1--------
2024-06-07 18:23:11 - ================Results================
2024-06-07 18:23:11 - time to fit: 11.0 seconds
2024-06-07 18:23:11 - train acc (train err): 0.8455 (0.1545)
2024-06-07 18:23:11 - train log loss: 0.4094
2024-06-07 18:23:11 - train brier score: 0.2499
2024-06-07 18:23:11 - train f1 score: 0.0000
2024-06-07 18:23:11 - --------Run Number 2--------
2024-06-07 18:23:22 - ================Results================
2024-06-07 18:23:22 - time to fit: 11.2 seconds
2024-06-07 18:23:22 - train acc (train err): 0.8455 (0.1545)
2024-06-07 18:23:22 - train log loss: 0.4096
2024-06-07 18:23:22 - train brier score: 0.2501
2024-06-07 18:23:22 - train f1 score: 0.0000
2024-06-07 18:23:22 - --------Run Number 3--------
2024-06-07 18:23:33 - ================Results================
2024-06-07 18:23:33 - time to fit: 11.1 seconds
2024-06-07 18:23:33 - train acc (train err): 0.8455 (0.1545)
2024-06-07 18:23:33 - train log loss: 0.4096
2024-06-07 18:23:33 - train brier score: 0.2501
2024-06-07 18:23:33 - train f1 score: 0.0000
2024-06-07 18:23:33 - --------Run Number 4--------
2024-06-07 18:23:45 - ================Results================
2024-06-07 18:23:45 - time to fit: 11.0 seconds
2024-06-07 18:23:45 - train acc (train err): 0.8455 (0.1545)
2024-06-07 18:23:45 - train log loss: 0.4096
2024-06-07 18:23:45 - train brier score: 0.2500
2024-06-07 18:23:45 - train f1 score: 0.0000
2024-06-07 18:23:45 - --------Run Number 5--------
2024-06-07 18:23:56 - ================Results================
2024-06-07 18:23:56 - time to fit: 11.1 seconds
2024-06-07 18:23:56 - train acc (train err): 0.8455 (0.1545)
2024-06-07 18:23:56 - train log loss: 0.4096
2024-06-07 18:23:56 - train brier score: 0.2501
2024-06-07 18:23:56 - train f1 score: 0.0000
2024-06-07 18:23:56 - --------Run Number 6--------
2024-06-07 18:24:07 - ================Results================
2024-06-07 18:24:07 - time to fit: 11.0 seconds
2024-06-07 18:24:07 - train acc (train err): 0.8455 (0.1545)
2024-06-07 18:24:07 - train log loss: 0.4096
2024-06-07 18:24:07 - train brier score: 0.2501
2024-06-07 18:24:07 - train f1 score: 0.0000
2024-06-07 18:24:07 - --------Run Number 7--------
2024-06-07 18:24:19 - ================Results================
2024-06-07 18:24:19 - time to fit: 11.2 seconds
2024-06-07 18:24:19 - train acc (train err): 0.8455 (0.1545)
2024-06-07 18:24:19 - train log loss: 0.4096
2024-06-07 18:24:19 - train brier score: 0.2501
2024-06-07 18:24:19 - train f1 score: 0.0000
2024-06-07 18:24:19 - --------Run Number 8--------
2024-06-07 18:24:30 - ================Results================
2024-06-07 18:24:30 - time to fit: 11.3 seconds
2024-06-07 18:24:30 - train acc (train err): 0.8455 (0.1545)
2024-06-07 18:24:30 - train log loss: 0.4096
2024-06-07 18:24:30 - train brier score: 0.2501
2024-06-07 18:24:30 - train f1 score: 0.0000
2024-06-07 18:24:30 - --------Run Number 9--------
2024-06-07 18:24:42 - ================Results================
2024-06-07 18:24:42 - time to fit: 11.2 seconds
2024-06-07 18:24:42 - train acc (train err): 0.8455 (0.1545)
2024-06-07 18:24:42 - train log loss: 0.4094
2024-06-07 18:24:42 - train brier score: 0.2499
2024-06-07 18:24:42 - train f1 score: 0.0000
2024-06-07 18:24:42 - --------Run Number 10--------
2024-06-07 18:24:53 - ================Results================
2024-06-07 18:24:53 - time to fit: 11.1 seconds
2024-06-07 18:24:53 - train acc (train err): 0.8455 (0.1545)
2024-06-07 18:24:53 - train log loss: 0.4096
2024-06-07 18:24:53 - train brier score: 0.2501
2024-06-07 18:24:53 - train f1 score: 0.0000
2024-06-07 18:24:53 - ================Aggregated Results================
2024-06-07 18:24:53 - Total number of runs: 10
2024-06-07 18:24:53 - Average time to fit: 11.1 seconds (std: 0.1)
2024-06-07 18:24:53 - train mean acc +- std (mean train err): 0.8455 +- 0.0000 (0.1545)
2024-06-07 18:24:53 - train mean log loss +- std: 0.4096 +- 0.0001
2024-06-07 18:24:53 - train mean brier score +- std: 0.2500 +- 0.0001
2024-06-07 18:24:53 - train mean f1 score +- std: 0.0000 +- 0.0000
