2025-08-06 23:22:18 - ============Running CLL============
2025-08-06 23:22:18 - dataset: yelp
2025-08-06 23:22:18 - --------Run Number 1--------
2025-08-06 23:22:19 - ----------------Results----------------
2025-08-06 23:22:19 - time to fit: 1.0 seconds
2025-08-06 23:22:19 - train acc (train err): 0.7203 (0.2797)
2025-08-06 23:22:19 - train log loss: 9.5826
2025-08-06 23:22:19 - train brier score: 0.5576
2025-08-06 23:22:19 - train f1 score: 0.7780
2025-08-06 23:22:19 - --------Run Number 2--------
2025-08-06 23:22:20 - ----------------Results----------------
2025-08-06 23:22:20 - time to fit: 1.0 seconds
2025-08-06 23:22:20 - train acc (train err): 0.7203 (0.2797)
2025-08-06 23:22:20 - train log loss: 9.5753
2025-08-06 23:22:20 - train brier score: 0.5574
2025-08-06 23:22:20 - train f1 score: 0.7780
2025-08-06 23:22:20 - --------Run Number 3--------
2025-08-06 23:22:21 - ----------------Results----------------
2025-08-06 23:22:21 - time to fit: 1.0 seconds
2025-08-06 23:22:21 - train acc (train err): 0.7204 (0.2796)
2025-08-06 23:22:21 - train log loss: 9.5768
2025-08-06 23:22:21 - train brier score: 0.5574
2025-08-06 23:22:21 - train f1 score: 0.7781
2025-08-06 23:22:21 - --------Run Number 4--------
2025-08-06 23:22:22 - ----------------Results----------------
2025-08-06 23:22:22 - time to fit: 1.0 seconds
2025-08-06 23:22:22 - train acc (train err): 0.7205 (0.2795)
2025-08-06 23:22:22 - train log loss: 9.5796
2025-08-06 23:22:22 - train brier score: 0.5575
2025-08-06 23:22:22 - train f1 score: 0.7781
2025-08-06 23:22:22 - --------Run Number 5--------
2025-08-06 23:22:23 - ----------------Results----------------
2025-08-06 23:22:23 - time to fit: 1.0 seconds
2025-08-06 23:22:23 - train acc (train err): 0.7204 (0.2796)
2025-08-06 23:22:23 - train log loss: 9.5705
2025-08-06 23:22:23 - train brier score: 0.5574
2025-08-06 23:22:23 - train f1 score: 0.7781
2025-08-06 23:22:23 - --------Run Number 6--------
2025-08-06 23:22:24 - ----------------Results----------------
2025-08-06 23:22:24 - time to fit: 1.0 seconds
2025-08-06 23:22:24 - train acc (train err): 0.7203 (0.2797)
2025-08-06 23:22:24 - train log loss: 9.5784
2025-08-06 23:22:24 - train brier score: 0.5575
2025-08-06 23:22:24 - train f1 score: 0.7780
2025-08-06 23:22:24 - --------Run Number 7--------
2025-08-06 23:22:26 - ----------------Results----------------
2025-08-06 23:22:26 - time to fit: 1.0 seconds
2025-08-06 23:22:26 - train acc (train err): 0.7204 (0.2796)
2025-08-06 23:22:26 - train log loss: 9.5795
2025-08-06 23:22:26 - train brier score: 0.5575
2025-08-06 23:22:26 - train f1 score: 0.7780
2025-08-06 23:22:26 - --------Run Number 8--------
2025-08-06 23:22:27 - ----------------Results----------------
2025-08-06 23:22:27 - time to fit: 1.0 seconds
2025-08-06 23:22:27 - train acc (train err): 0.7203 (0.2797)
2025-08-06 23:22:27 - train log loss: 9.5755
2025-08-06 23:22:27 - train brier score: 0.5575
2025-08-06 23:22:27 - train f1 score: 0.7780
2025-08-06 23:22:27 - --------Run Number 9--------
2025-08-06 23:22:28 - ----------------Results----------------
2025-08-06 23:22:28 - time to fit: 1.0 seconds
2025-08-06 23:22:28 - train acc (train err): 0.7203 (0.2797)
2025-08-06 23:22:28 - train log loss: 9.5796
2025-08-06 23:22:28 - train brier score: 0.5577
2025-08-06 23:22:28 - train f1 score: 0.7780
2025-08-06 23:22:28 - --------Run Number 10--------
2025-08-06 23:22:29 - ----------------Results----------------
2025-08-06 23:22:29 - time to fit: 1.0 seconds
2025-08-06 23:22:29 - train acc (train err): 0.7204 (0.2796)
2025-08-06 23:22:29 - train log loss: 9.5807
2025-08-06 23:22:29 - train brier score: 0.5575
2025-08-06 23:22:29 - train f1 score: 0.7781
2025-08-06 23:22:29 - ================Aggregated Results================
2025-08-06 23:22:29 - Total number of runs: 10
2025-08-06 23:22:29 - Average time to fit: 1.0 seconds (std: 0.0)
2025-08-06 23:22:29 - train mean acc +- std (mean train err): 0.7204 +- 0.0001 (0.2796)
2025-08-06 23:22:29 - train mean log loss +- std: 9.5779 +- 0.0033
2025-08-06 23:22:29 - train mean brier score +- std: 0.5575 +- 0.0001
2025-08-06 23:22:29 - train mean f1 score +- std: 0.7780 +- 0.0000
