2024-06-07 17:48:22 - ------------Running Snorkel------------
2024-06-07 17:48:22 - dataset: semeval
2024-06-07 17:48:22 - --------Run Number 1--------
2024-06-07 17:48:24 - ================Results================
2024-06-07 17:48:24 - time to fit: 2.2 seconds
2024-06-07 17:48:24 - train acc (train err): 0.7269 (0.2731)
2024-06-07 17:48:24 - train log loss: 1.2307
2024-06-07 17:48:24 - train brier score: 0.5755
2024-06-07 17:48:24 - --------Run Number 2--------
2024-06-07 17:48:27 - ================Results================
2024-06-07 17:48:27 - time to fit: 2.2 seconds
2024-06-07 17:48:27 - train acc (train err): 0.7269 (0.2731)
2024-06-07 17:48:27 - train log loss: 1.1127
2024-06-07 17:48:27 - train brier score: 0.5060
2024-06-07 17:48:27 - --------Run Number 3--------
2024-06-07 17:48:29 - ================Results================
2024-06-07 17:48:29 - time to fit: 2.1 seconds
2024-06-07 17:48:29 - train acc (train err): 0.7269 (0.2731)
2024-06-07 17:48:29 - train log loss: 1.1533
2024-06-07 17:48:29 - train brier score: 0.5424
2024-06-07 17:48:29 - --------Run Number 4--------
2024-06-07 17:48:31 - ================Results================
2024-06-07 17:48:31 - time to fit: 2.1 seconds
2024-06-07 17:48:31 - train acc (train err): 0.7269 (0.2731)
2024-06-07 17:48:31 - train log loss: 1.0043
2024-06-07 17:48:31 - train brier score: 0.4351
2024-06-07 17:48:31 - --------Run Number 5--------
2024-06-07 17:48:33 - ================Results================
2024-06-07 17:48:33 - time to fit: 2.1 seconds
2024-06-07 17:48:33 - train acc (train err): 0.7353 (0.2647)
2024-06-07 17:48:33 - train log loss: 1.7566
2024-06-07 17:48:33 - train brier score: 0.7628
2024-06-07 17:48:33 - --------Run Number 6--------
2024-06-07 17:48:36 - ================Results================
2024-06-07 17:48:36 - time to fit: 2.2 seconds
2024-06-07 17:48:36 - train acc (train err): 0.7269 (0.2731)
2024-06-07 17:48:36 - train log loss: 1.2342
2024-06-07 17:48:36 - train brier score: 0.5768
2024-06-07 17:48:36 - --------Run Number 7--------
2024-06-07 17:48:38 - ================Results================
2024-06-07 17:48:38 - time to fit: 2.1 seconds
2024-06-07 17:48:38 - train acc (train err): 0.7269 (0.2731)
2024-06-07 17:48:38 - train log loss: 1.1777
2024-06-07 17:48:38 - train brier score: 0.5539
2024-06-07 17:48:38 - --------Run Number 8--------
2024-06-07 17:48:40 - ================Results================
2024-06-07 17:48:40 - time to fit: 1.9 seconds
2024-06-07 17:48:40 - train acc (train err): 0.7269 (0.2731)
2024-06-07 17:48:40 - train log loss: 1.0425
2024-06-07 17:48:40 - train brier score: 0.4566
2024-06-07 17:48:40 - --------Run Number 9--------
2024-06-07 17:48:43 - ================Results================
2024-06-07 17:48:43 - time to fit: 2.2 seconds
2024-06-07 17:48:43 - train acc (train err): 0.7269 (0.2731)
2024-06-07 17:48:43 - train log loss: 1.0070
2024-06-07 17:48:43 - train brier score: 0.4366
2024-06-07 17:48:43 - --------Run Number 10--------
2024-06-07 17:48:45 - ================Results================
2024-06-07 17:48:45 - time to fit: 2.1 seconds
2024-06-07 17:48:45 - train acc (train err): 0.7269 (0.2731)
2024-06-07 17:48:45 - train log loss: 1.1187
2024-06-07 17:48:45 - train brier score: 0.5208
2024-06-07 17:48:45 - ================Aggregated Results================
2024-06-07 17:48:45 - Total number of runs: 10
2024-06-07 17:48:45 - Average time to fit: 2.1 seconds (std: 0.1)
2024-06-07 17:48:45 - train mean acc +- std (mean train err): 0.7278 +- 0.0025 (0.2722)
2024-06-07 17:48:45 - train mean log loss +- std: 1.1838 +- 0.2065
2024-06-07 17:48:45 - train mean brier score +- std: 0.5366 +- 0.0908
