2024-06-07 17:48:05 - ------------Running Snorkel------------
2024-06-07 17:48:05 - dataset: youtube
2024-06-07 17:48:05 - --------Run Number 1--------
2024-06-07 17:48:05 - ================Results================
2024-06-07 17:48:05 - time to fit: 0.0 seconds
2024-06-07 17:48:05 - train acc (train err): 0.7238 (0.2762)
2024-06-07 17:48:05 - train log loss: 0.6285
2024-06-07 17:48:05 - train brier score: 0.3282
2024-06-07 17:48:05 - train f1 score: 0.7739
2024-06-07 17:48:05 - --------Run Number 2--------
2024-06-07 17:48:05 - ================Results================
2024-06-07 17:48:05 - time to fit: 0.1 seconds
2024-06-07 17:48:05 - train acc (train err): 0.7477 (0.2523)
2024-06-07 17:48:05 - train log loss: 0.6095
2024-06-07 17:48:05 - train brier score: 0.3130
2024-06-07 17:48:05 - train f1 score: 0.7887
2024-06-07 17:48:05 - --------Run Number 3--------
2024-06-07 17:48:05 - ================Results================
2024-06-07 17:48:05 - time to fit: 0.1 seconds
2024-06-07 17:48:05 - train acc (train err): 0.7944 (0.2056)
2024-06-07 17:48:05 - train log loss: 0.5859
2024-06-07 17:48:05 - train brier score: 0.2831
2024-06-07 17:48:05 - train f1 score: 0.8147
2024-06-07 17:48:05 - --------Run Number 4--------
2024-06-07 17:48:05 - ================Results================
2024-06-07 17:48:05 - time to fit: 0.1 seconds
2024-06-07 17:48:05 - train acc (train err): 0.7238 (0.2762)
2024-06-07 17:48:05 - train log loss: 0.6277
2024-06-07 17:48:05 - train brier score: 0.3276
2024-06-07 17:48:05 - train f1 score: 0.7739
2024-06-07 17:48:05 - --------Run Number 5--------
2024-06-07 17:48:05 - ================Results================
2024-06-07 17:48:05 - time to fit: 0.1 seconds
2024-06-07 17:48:05 - train acc (train err): 0.7938 (0.2062)
2024-06-07 17:48:05 - train log loss: 0.4421
2024-06-07 17:48:05 - train brier score: 0.2817
2024-06-07 17:48:05 - train f1 score: 0.8141
2024-06-07 17:48:05 - --------Run Number 6--------
2024-06-07 17:48:06 - ================Results================
2024-06-07 17:48:06 - time to fit: 0.1 seconds
2024-06-07 17:48:06 - train acc (train err): 0.7428 (0.2572)
2024-06-07 17:48:06 - train log loss: 0.6196
2024-06-07 17:48:06 - train brier score: 0.3212
2024-06-07 17:48:06 - train f1 score: 0.7855
2024-06-07 17:48:06 - --------Run Number 7--------
2024-06-07 17:48:06 - ================Results================
2024-06-07 17:48:06 - time to fit: 0.1 seconds
2024-06-07 17:48:06 - train acc (train err): 0.7238 (0.2762)
2024-06-07 17:48:06 - train log loss: 0.6341
2024-06-07 17:48:06 - train brier score: 0.3326
2024-06-07 17:48:06 - train f1 score: 0.7739
2024-06-07 17:48:06 - --------Run Number 8--------
2024-06-07 17:48:06 - ================Results================
2024-06-07 17:48:06 - time to fit: 0.1 seconds
2024-06-07 17:48:06 - train acc (train err): 0.7260 (0.2740)
2024-06-07 17:48:06 - train log loss: 0.6359
2024-06-07 17:48:06 - train brier score: 0.3340
2024-06-07 17:48:06 - train f1 score: 0.7761
2024-06-07 17:48:06 - --------Run Number 9--------
2024-06-07 17:48:06 - ================Results================
2024-06-07 17:48:06 - time to fit: 0.1 seconds
2024-06-07 17:48:06 - train acc (train err): 0.7428 (0.2572)
2024-06-07 17:48:06 - train log loss: 0.6184
2024-06-07 17:48:06 - train brier score: 0.3202
2024-06-07 17:48:06 - train f1 score: 0.7855
2024-06-07 17:48:06 - --------Run Number 10--------
2024-06-07 17:48:06 - ================Results================
2024-06-07 17:48:06 - time to fit: 0.1 seconds
2024-06-07 17:48:06 - train acc (train err): 0.7260 (0.2740)
2024-06-07 17:48:06 - train log loss: 0.6408
2024-06-07 17:48:06 - train brier score: 0.3379
2024-06-07 17:48:06 - train f1 score: 0.7761
2024-06-07 17:48:06 - ================Aggregated Results================
2024-06-07 17:48:06 - Total number of runs: 10
2024-06-07 17:48:06 - Average time to fit: 0.1 seconds (std: 0.0)
2024-06-07 17:48:06 - train mean acc +- std (mean train err): 0.7445 +- 0.0263 (0.2555)
2024-06-07 17:48:06 - train mean log loss +- std: 0.6042 +- 0.0561
2024-06-07 17:48:06 - train mean brier score +- std: 0.3179 +- 0.0191
2024-06-07 17:48:06 - train mean f1 score +- std: 0.7862 +- 0.0150
