2025-08-07 01:24:00 - ============Running CLL============
2025-08-07 01:24:00 - dataset: imdb
2025-08-07 01:24:00 - --------Run Number 1--------
2025-08-07 01:24:00 - ----------------Results----------------
2025-08-07 01:24:00 - time to fit: 0.5 seconds
2025-08-07 01:24:00 - train acc (train err): 0.7277 (0.2723)
2025-08-07 01:24:00 - train log loss: 8.0081
2025-08-07 01:24:00 - train brier score: 0.5390
2025-08-07 01:24:00 - train f1 score: 0.7480
2025-08-07 01:24:00 - --------Run Number 2--------
2025-08-07 01:24:01 - ----------------Results----------------
2025-08-07 01:24:01 - time to fit: 0.4 seconds
2025-08-07 01:24:01 - train acc (train err): 0.7277 (0.2723)
2025-08-07 01:24:01 - train log loss: 8.0120
2025-08-07 01:24:01 - train brier score: 0.5393
2025-08-07 01:24:01 - train f1 score: 0.7480
2025-08-07 01:24:01 - --------Run Number 3--------
2025-08-07 01:24:01 - ----------------Results----------------
2025-08-07 01:24:01 - time to fit: 0.4 seconds
2025-08-07 01:24:01 - train acc (train err): 0.7277 (0.2723)
2025-08-07 01:24:01 - train log loss: 7.9942
2025-08-07 01:24:01 - train brier score: 0.5389
2025-08-07 01:24:01 - train f1 score: 0.7480
2025-08-07 01:24:01 - --------Run Number 4--------
2025-08-07 01:24:02 - ----------------Results----------------
2025-08-07 01:24:02 - time to fit: 0.5 seconds
2025-08-07 01:24:02 - train acc (train err): 0.7277 (0.2723)
2025-08-07 01:24:02 - train log loss: 8.0096
2025-08-07 01:24:02 - train brier score: 0.5389
2025-08-07 01:24:02 - train f1 score: 0.7480
2025-08-07 01:24:02 - --------Run Number 5--------
2025-08-07 01:24:02 - ----------------Results----------------
2025-08-07 01:24:02 - time to fit: 0.4 seconds
2025-08-07 01:24:02 - train acc (train err): 0.7277 (0.2723)
2025-08-07 01:24:02 - train log loss: 8.0103
2025-08-07 01:24:02 - train brier score: 0.5390
2025-08-07 01:24:02 - train f1 score: 0.7480
2025-08-07 01:24:02 - --------Run Number 6--------
2025-08-07 01:24:03 - ----------------Results----------------
2025-08-07 01:24:03 - time to fit: 0.4 seconds
2025-08-07 01:24:03 - train acc (train err): 0.7277 (0.2723)
2025-08-07 01:24:03 - train log loss: 7.9962
2025-08-07 01:24:03 - train brier score: 0.5389
2025-08-07 01:24:03 - train f1 score: 0.7480
2025-08-07 01:24:03 - --------Run Number 7--------
2025-08-07 01:24:03 - ----------------Results----------------
2025-08-07 01:24:03 - time to fit: 0.4 seconds
2025-08-07 01:24:03 - train acc (train err): 0.7277 (0.2723)
2025-08-07 01:24:03 - train log loss: 8.0045
2025-08-07 01:24:03 - train brier score: 0.5387
2025-08-07 01:24:03 - train f1 score: 0.7480
2025-08-07 01:24:03 - --------Run Number 8--------
2025-08-07 01:24:04 - ----------------Results----------------
2025-08-07 01:24:04 - time to fit: 0.4 seconds
2025-08-07 01:24:04 - train acc (train err): 0.7277 (0.2723)
2025-08-07 01:24:04 - train log loss: 8.0089
2025-08-07 01:24:04 - train brier score: 0.5390
2025-08-07 01:24:04 - train f1 score: 0.7480
2025-08-07 01:24:04 - --------Run Number 9--------
2025-08-07 01:24:04 - ----------------Results----------------
2025-08-07 01:24:04 - time to fit: 0.5 seconds
2025-08-07 01:24:04 - train acc (train err): 0.7277 (0.2723)
2025-08-07 01:24:04 - train log loss: 8.0077
2025-08-07 01:24:04 - train brier score: 0.5388
2025-08-07 01:24:04 - train f1 score: 0.7480
2025-08-07 01:24:04 - --------Run Number 10--------
2025-08-07 01:24:05 - ----------------Results----------------
2025-08-07 01:24:05 - time to fit: 0.4 seconds
2025-08-07 01:24:05 - train acc (train err): 0.7277 (0.2723)
2025-08-07 01:24:05 - train log loss: 7.9961
2025-08-07 01:24:05 - train brier score: 0.5391
2025-08-07 01:24:05 - train f1 score: 0.7480
2025-08-07 01:24:05 - ================Aggregated Results================
2025-08-07 01:24:05 - Total number of runs: 10
2025-08-07 01:24:05 - Average time to fit: 0.5 seconds (std: 0.0)
2025-08-07 01:24:05 - train mean acc +- std (mean train err): 0.7277 +- 0.0000 (0.2723)
2025-08-07 01:24:05 - train mean log loss +- std: 8.0048 +- 0.0063
2025-08-07 01:24:05 - train mean brier score +- std: 0.5390 +- 0.0001
2025-08-07 01:24:05 - train mean f1 score +- std: 0.7480 +- 0.0000
