2024-06-07 17:48:49 - ------------Running Snorkel------------
2024-06-07 17:48:49 - dataset: agnews
2024-06-07 17:48:49 - --------Run Number 1--------
2024-06-07 17:48:49 - ================Results================
2024-06-07 17:48:49 - time to fit: 0.1 seconds
2024-06-07 17:48:49 - train acc (train err): 0.8150 (0.1850)
2024-06-07 17:48:49 - train log loss: 0.9043
2024-06-07 17:48:49 - train brier score: 0.4725
2024-06-07 17:48:49 - --------Run Number 2--------
2024-06-07 17:48:49 - ================Results================
2024-06-07 17:48:49 - time to fit: 0.1 seconds
2024-06-07 17:48:49 - train acc (train err): 0.8164 (0.1836)
2024-06-07 17:48:49 - train log loss: 0.7971
2024-06-07 17:48:49 - train brier score: 0.4113
2024-06-07 17:48:49 - --------Run Number 3--------
2024-06-07 17:48:49 - ================Results================
2024-06-07 17:48:49 - time to fit: 0.1 seconds
2024-06-07 17:48:49 - train acc (train err): 0.8177 (0.1823)
2024-06-07 17:48:49 - train log loss: 0.7115
2024-06-07 17:48:49 - train brier score: 0.3068
2024-06-07 17:48:49 - --------Run Number 4--------
2024-06-07 17:48:50 - ================Results================
2024-06-07 17:48:50 - time to fit: 0.1 seconds
2024-06-07 17:48:50 - train acc (train err): 0.8155 (0.1845)
2024-06-07 17:48:50 - train log loss: 0.6612
2024-06-07 17:48:50 - train brier score: 0.3379
2024-06-07 17:48:50 - --------Run Number 5--------
2024-06-07 17:48:50 - ================Results================
2024-06-07 17:48:50 - time to fit: 0.1 seconds
2024-06-07 17:48:50 - train acc (train err): 0.8214 (0.1786)
2024-06-07 17:48:50 - train log loss: 0.6317
2024-06-07 17:48:50 - train brier score: 0.3210
2024-06-07 17:48:50 - --------Run Number 6--------
2024-06-07 17:48:50 - ================Results================
2024-06-07 17:48:50 - time to fit: 0.1 seconds
2024-06-07 17:48:50 - train acc (train err): 0.8213 (0.1787)
2024-06-07 17:48:50 - train log loss: 0.6442
2024-06-07 17:48:50 - train brier score: 0.3170
2024-06-07 17:48:50 - --------Run Number 7--------
2024-06-07 17:48:51 - ================Results================
2024-06-07 17:48:51 - time to fit: 0.1 seconds
2024-06-07 17:48:51 - train acc (train err): 0.8194 (0.1806)
2024-06-07 17:48:51 - train log loss: 0.6986
2024-06-07 17:48:51 - train brier score: 0.3092
2024-06-07 17:48:51 - --------Run Number 8--------
2024-06-07 17:48:51 - ================Results================
2024-06-07 17:48:51 - time to fit: 0.1 seconds
2024-06-07 17:48:51 - train acc (train err): 0.8143 (0.1857)
2024-06-07 17:48:51 - train log loss: 0.7604
2024-06-07 17:48:51 - train brier score: 0.3061
2024-06-07 17:48:51 - --------Run Number 9--------
2024-06-07 17:48:51 - ================Results================
2024-06-07 17:48:51 - time to fit: 0.1 seconds
2024-06-07 17:48:51 - train acc (train err): 0.8151 (0.1849)
2024-06-07 17:48:51 - train log loss: 0.7592
2024-06-07 17:48:51 - train brier score: 0.3067
2024-06-07 17:48:51 - --------Run Number 10--------
2024-06-07 17:48:52 - ================Results================
2024-06-07 17:48:52 - time to fit: 0.1 seconds
2024-06-07 17:48:52 - train acc (train err): 0.8150 (0.1850)
2024-06-07 17:48:52 - train log loss: 0.9031
2024-06-07 17:48:52 - train brier score: 0.4719
2024-06-07 17:48:52 - ================Aggregated Results================
2024-06-07 17:48:52 - Total number of runs: 10
2024-06-07 17:48:52 - Average time to fit: 0.1 seconds (std: 0.0)
2024-06-07 17:48:52 - train mean acc +- std (mean train err): 0.8171 +- 0.0025 (0.1829)
2024-06-07 17:48:52 - train mean log loss +- std: 0.7471 +- 0.0931
2024-06-07 17:48:52 - train mean brier score +- std: 0.3560 +- 0.0653
