2025-08-06 23:22:29 - ============Running CLL============
2025-08-06 23:22:29 - dataset: commercial
2025-08-06 23:22:29 - --------Run Number 1--------
2025-08-06 23:22:30 - ----------------Results----------------
2025-08-06 23:22:30 - time to fit: 1.4 seconds
2025-08-06 23:22:30 - train acc (train err): 0.4993 (0.5007)
2025-08-06 23:22:30 - train log loss: 0.9025
2025-08-06 23:22:30 - train brier score: 0.6669
2025-08-06 23:22:30 - train f1 score: 0.3640
2025-08-06 23:22:30 - --------Run Number 2--------
2025-08-06 23:22:32 - ----------------Results----------------
2025-08-06 23:22:32 - time to fit: 1.4 seconds
2025-08-06 23:22:32 - train acc (train err): 0.4984 (0.5016)
2025-08-06 23:22:32 - train log loss: 0.8973
2025-08-06 23:22:32 - train brier score: 0.6673
2025-08-06 23:22:32 - train f1 score: 0.3633
2025-08-06 23:22:32 - --------Run Number 3--------
2025-08-06 23:22:34 - ----------------Results----------------
2025-08-06 23:22:34 - time to fit: 1.3 seconds
2025-08-06 23:22:34 - train acc (train err): 0.5007 (0.4993)
2025-08-06 23:22:34 - train log loss: 0.8927
2025-08-06 23:22:34 - train brier score: 0.6682
2025-08-06 23:22:34 - train f1 score: 0.3656
2025-08-06 23:22:34 - --------Run Number 4--------
2025-08-06 23:22:35 - ----------------Results----------------
2025-08-06 23:22:35 - time to fit: 1.3 seconds
2025-08-06 23:22:35 - train acc (train err): 0.5017 (0.4983)
2025-08-06 23:22:35 - train log loss: 0.8894
2025-08-06 23:22:35 - train brier score: 0.6665
2025-08-06 23:22:35 - train f1 score: 0.3665
2025-08-06 23:22:35 - --------Run Number 5--------
2025-08-06 23:22:37 - ----------------Results----------------
2025-08-06 23:22:37 - time to fit: 1.3 seconds
2025-08-06 23:22:37 - train acc (train err): 0.4981 (0.5019)
2025-08-06 23:22:37 - train log loss: 0.8892
2025-08-06 23:22:37 - train brier score: 0.6668
2025-08-06 23:22:37 - train f1 score: 0.3642
2025-08-06 23:22:37 - --------Run Number 6--------
2025-08-06 23:22:38 - ----------------Results----------------
2025-08-06 23:22:38 - time to fit: 1.4 seconds
2025-08-06 23:22:38 - train acc (train err): 0.5008 (0.4992)
2025-08-06 23:22:38 - train log loss: 0.8910
2025-08-06 23:22:38 - train brier score: 0.6662
2025-08-06 23:22:38 - train f1 score: 0.3647
2025-08-06 23:22:38 - --------Run Number 7--------
2025-08-06 23:22:40 - ----------------Results----------------
2025-08-06 23:22:40 - time to fit: 1.4 seconds
2025-08-06 23:22:40 - train acc (train err): 0.5008 (0.4992)
2025-08-06 23:22:40 - train log loss: 0.8910
2025-08-06 23:22:40 - train brier score: 0.6666
2025-08-06 23:22:40 - train f1 score: 0.3636
2025-08-06 23:22:40 - --------Run Number 8--------
2025-08-06 23:22:41 - ----------------Results----------------
2025-08-06 23:22:41 - time to fit: 1.3 seconds
2025-08-06 23:22:41 - train acc (train err): 0.4992 (0.5008)
2025-08-06 23:22:41 - train log loss: 0.9057
2025-08-06 23:22:41 - train brier score: 0.6665
2025-08-06 23:22:41 - train f1 score: 0.3623
2025-08-06 23:22:41 - --------Run Number 9--------
2025-08-06 23:22:43 - ----------------Results----------------
2025-08-06 23:22:43 - time to fit: 1.3 seconds
2025-08-06 23:22:43 - train acc (train err): 0.4995 (0.5005)
2025-08-06 23:22:43 - train log loss: 0.9057
2025-08-06 23:22:43 - train brier score: 0.6662
2025-08-06 23:22:43 - train f1 score: 0.3621
2025-08-06 23:22:43 - --------Run Number 10--------
2025-08-06 23:22:45 - ----------------Results----------------
2025-08-06 23:22:45 - time to fit: 1.3 seconds
2025-08-06 23:22:45 - train acc (train err): 0.4999 (0.5001)
2025-08-06 23:22:45 - train log loss: 0.8904
2025-08-06 23:22:45 - train brier score: 0.6670
2025-08-06 23:22:45 - train f1 score: 0.3616
2025-08-06 23:22:45 - ================Aggregated Results================
2025-08-06 23:22:45 - Total number of runs: 10
2025-08-06 23:22:45 - Average time to fit: 1.4 seconds (std: 0.0)
2025-08-06 23:22:45 - train mean acc +- std (mean train err): 0.4999 +- 0.0011 (0.5001)
2025-08-06 23:22:45 - train mean log loss +- std: 0.8955 +- 0.0064
2025-08-06 23:22:45 - train mean brier score +- std: 0.6668 +- 0.0006
2025-08-06 23:22:45 - train mean f1 score +- std: 0.3638 +- 0.0015
