2024-06-07 17:48:45 - ------------Running Snorkel------------
2024-06-07 17:48:45 - dataset: chemprot
2024-06-07 17:48:45 - --------Run Number 1--------
2024-06-07 17:48:45 - ================Results================
2024-06-07 17:48:45 - time to fit: 0.2 seconds
2024-06-07 17:48:45 - train acc (train err): 0.5575 (0.4425)
2024-06-07 17:48:45 - train log loss: 1.5500
2024-06-07 17:48:45 - train brier score: 0.6764
2024-06-07 17:48:45 - --------Run Number 2--------
2024-06-07 17:48:46 - ================Results================
2024-06-07 17:48:46 - time to fit: 0.2 seconds
2024-06-07 17:48:46 - train acc (train err): 0.5654 (0.4346)
2024-06-07 17:48:46 - train log loss: 1.5054
2024-06-07 17:48:46 - train brier score: 0.6463
2024-06-07 17:48:46 - --------Run Number 3--------
2024-06-07 17:48:46 - ================Results================
2024-06-07 17:48:46 - time to fit: 0.2 seconds
2024-06-07 17:48:46 - train acc (train err): 0.5683 (0.4317)
2024-06-07 17:48:46 - train log loss: 1.5080
2024-06-07 17:48:46 - train brier score: 0.6448
2024-06-07 17:48:46 - --------Run Number 4--------
2024-06-07 17:48:46 - ================Results================
2024-06-07 17:48:46 - time to fit: 0.2 seconds
2024-06-07 17:48:46 - train acc (train err): 0.5587 (0.4413)
2024-06-07 17:48:46 - train log loss: 1.5681
2024-06-07 17:48:46 - train brier score: 0.6840
2024-06-07 17:48:46 - --------Run Number 5--------
2024-06-07 17:48:47 - ================Results================
2024-06-07 17:48:47 - time to fit: 0.2 seconds
2024-06-07 17:48:47 - train acc (train err): 0.5587 (0.4413)
2024-06-07 17:48:47 - train log loss: 1.5659
2024-06-07 17:48:47 - train brier score: 0.6831
2024-06-07 17:48:47 - --------Run Number 6--------
2024-06-07 17:48:47 - ================Results================
2024-06-07 17:48:47 - time to fit: 0.2 seconds
2024-06-07 17:48:47 - train acc (train err): 0.5586 (0.4414)
2024-06-07 17:48:47 - train log loss: 1.5727
2024-06-07 17:48:47 - train brier score: 0.6859
2024-06-07 17:48:47 - --------Run Number 7--------
2024-06-07 17:48:47 - ================Results================
2024-06-07 17:48:47 - time to fit: 0.2 seconds
2024-06-07 17:48:47 - train acc (train err): 0.5588 (0.4412)
2024-06-07 17:48:47 - train log loss: 1.5585
2024-06-07 17:48:47 - train brier score: 0.6801
2024-06-07 17:48:47 - --------Run Number 8--------
2024-06-07 17:48:48 - ================Results================
2024-06-07 17:48:48 - time to fit: 0.2 seconds
2024-06-07 17:48:48 - train acc (train err): 0.5675 (0.4325)
2024-06-07 17:48:48 - train log loss: 1.5295
2024-06-07 17:48:48 - train brier score: 0.6432
2024-06-07 17:48:48 - --------Run Number 9--------
2024-06-07 17:48:48 - ================Results================
2024-06-07 17:48:48 - time to fit: 0.2 seconds
2024-06-07 17:48:48 - train acc (train err): 0.5672 (0.4328)
2024-06-07 17:48:48 - train log loss: 1.5150
2024-06-07 17:48:48 - train brier score: 0.6436
2024-06-07 17:48:48 - --------Run Number 10--------
2024-06-07 17:48:49 - ================Results================
2024-06-07 17:48:49 - time to fit: 0.2 seconds
2024-06-07 17:48:49 - train acc (train err): 0.5559 (0.4441)
2024-06-07 17:48:49 - train log loss: 1.6195
2024-06-07 17:48:49 - train brier score: 0.7038
2024-06-07 17:48:49 - ================Aggregated Results================
2024-06-07 17:48:49 - Total number of runs: 10
2024-06-07 17:48:49 - Average time to fit: 0.2 seconds (std: 0.0)
2024-06-07 17:48:49 - train mean acc +- std (mean train err): 0.5617 +- 0.0046 (0.4383)
2024-06-07 17:48:49 - train mean log loss +- std: 1.5492 +- 0.0338
2024-06-07 17:48:49 - train mean brier score +- std: 0.6691 +- 0.0212
