2024-06-07 21:34:53 - ============Running WeaSEL============
2024-06-07 21:34:53 - dataset: yelp
2024-06-07 21:34:53 - --------Run Number 1--------
2024-06-07 21:35:19 - ----------------Results----------------
2024-06-07 21:35:19 - time to fit: 24.4 seconds
2024-06-07 21:35:19 - train acc (train err): 0.5052 (0.4948)
2024-06-07 21:35:19 - train log loss: 0.6959
2024-06-07 21:35:19 - train brier score: 0.5027
2024-06-07 21:35:19 - train f1 score: 0.6294
2024-06-07 21:35:19 - --------Run Number 2--------
2024-06-07 21:35:44 - ----------------Results----------------
2024-06-07 21:35:44 - time to fit: 24.5 seconds
2024-06-07 21:35:44 - train acc (train err): 0.6266 (0.3734)
2024-06-07 21:35:44 - train log loss: 0.6867
2024-06-07 21:35:44 - train brier score: 0.4935
2024-06-07 21:35:44 - train f1 score: 0.6430
2024-06-07 21:35:44 - --------Run Number 3--------
2024-06-07 21:36:10 - ----------------Results----------------
2024-06-07 21:36:10 - time to fit: 24.4 seconds
2024-06-07 21:36:10 - train acc (train err): 0.5641 (0.4359)
2024-06-07 21:36:10 - train log loss: 0.6916
2024-06-07 21:36:10 - train brier score: 0.4984
2024-06-07 21:36:10 - train f1 score: 0.6459
2024-06-07 21:36:10 - --------Run Number 4--------
2024-06-07 21:36:36 - ----------------Results----------------
2024-06-07 21:36:36 - time to fit: 24.3 seconds
2024-06-07 21:36:36 - train acc (train err): 0.5865 (0.4135)
2024-06-07 21:36:36 - train log loss: 0.6867
2024-06-07 21:36:36 - train brier score: 0.4936
2024-06-07 21:36:36 - train f1 score: 0.6296
2024-06-07 21:36:36 - --------Run Number 5--------
2024-06-07 21:37:01 - ----------------Results----------------
2024-06-07 21:37:01 - time to fit: 24.5 seconds
2024-06-07 21:37:01 - train acc (train err): 0.5472 (0.4528)
2024-06-07 21:37:01 - train log loss: 0.6920
2024-06-07 21:37:01 - train brier score: 0.4989
2024-06-07 21:37:01 - train f1 score: 0.6130
2024-06-07 21:37:01 - --------Run Number 6--------
2024-06-07 21:37:27 - ----------------Results----------------
2024-06-07 21:37:27 - time to fit: 24.5 seconds
2024-06-07 21:37:27 - train acc (train err): 0.5977 (0.4023)
2024-06-07 21:37:27 - train log loss: 0.6880
2024-06-07 21:37:27 - train brier score: 0.4949
2024-06-07 21:37:27 - train f1 score: 0.7107
2024-06-07 21:37:27 - --------Run Number 7--------
2024-06-07 21:37:53 - ----------------Results----------------
2024-06-07 21:37:53 - time to fit: 24.8 seconds
2024-06-07 21:37:53 - train acc (train err): 0.5208 (0.4792)
2024-06-07 21:37:53 - train log loss: 0.6918
2024-06-07 21:37:53 - train brier score: 0.4987
2024-06-07 21:37:53 - train f1 score: 0.3996
2024-06-07 21:37:53 - --------Run Number 8--------
2024-06-07 21:38:20 - ----------------Results----------------
2024-06-07 21:38:20 - time to fit: 26.1 seconds
2024-06-07 21:38:20 - train acc (train err): 0.5627 (0.4373)
2024-06-07 21:38:20 - train log loss: 0.6912
2024-06-07 21:38:20 - train brier score: 0.4980
2024-06-07 21:38:20 - train f1 score: 0.6344
2024-06-07 21:38:20 - --------Run Number 9--------
2024-06-07 21:38:47 - ----------------Results----------------
2024-06-07 21:38:47 - time to fit: 25.3 seconds
2024-06-07 21:38:47 - train acc (train err): 0.6035 (0.3965)
2024-06-07 21:38:47 - train log loss: 0.6892
2024-06-07 21:38:47 - train brier score: 0.4961
2024-06-07 21:38:47 - train f1 score: 0.6212
2024-06-07 21:38:47 - --------Run Number 10--------
2024-06-07 21:39:14 - ----------------Results----------------
2024-06-07 21:39:14 - time to fit: 25.7 seconds
2024-06-07 21:39:14 - train acc (train err): 0.6015 (0.3985)
2024-06-07 21:39:14 - train log loss: 0.6869
2024-06-07 21:39:14 - train brier score: 0.4937
2024-06-07 21:39:14 - train f1 score: 0.6644
2024-06-07 21:39:14 - ================Aggregated Results================
2024-06-07 21:39:14 - Total number of runs: 10
2024-06-07 21:39:14 - Average time to fit: 24.8 seconds (std: 0.6)
2024-06-07 21:39:14 - train mean acc +- std (mean train err): 0.5716 +- 0.0368 (0.4284)
2024-06-07 21:39:14 - train mean log loss +- std: 0.6900 +- 0.0029
2024-06-07 21:39:14 - train mean brier score +- std: 0.4968 +- 0.0029
2024-06-07 21:39:14 - train mean f1 score +- std: 0.6191 +- 0.0777
