2024-06-07 21:25:22 - ============Running WeaSEL============
2024-06-07 21:25:22 - dataset: sms
2024-06-07 21:25:22 - --------Run Number 1--------
2024-06-07 21:25:50 - ----------------Results----------------
2024-06-07 21:25:50 - time to fit: 27.8 seconds
2024-06-07 21:25:50 - train acc (train err): 0.6131 (0.3869)
2024-06-07 21:25:50 - train log loss: 0.6931
2024-06-07 21:25:50 - train brier score: 0.5000
2024-06-07 21:25:50 - train f1 score: 0.2740
2024-06-07 21:25:50 - --------Run Number 2--------
2024-06-07 21:26:17 - ----------------Results----------------
2024-06-07 21:26:17 - time to fit: 26.6 seconds
2024-06-07 21:26:17 - train acc (train err): 0.6073 (0.3927)
2024-06-07 21:26:17 - train log loss: 0.6918
2024-06-07 21:26:17 - train brier score: 0.4987
2024-06-07 21:26:17 - train f1 score: 0.2944
2024-06-07 21:26:17 - --------Run Number 3--------
2024-06-07 21:26:45 - ----------------Results----------------
2024-06-07 21:26:45 - time to fit: 27.9 seconds
2024-06-07 21:26:45 - train acc (train err): 0.4448 (0.5552)
2024-06-07 21:26:45 - train log loss: 0.6934
2024-06-07 21:26:45 - train brier score: 0.5002
2024-06-07 21:26:45 - train f1 score: 0.2336
2024-06-07 21:26:45 - --------Run Number 4--------
2024-06-07 21:27:16 - ----------------Results----------------
2024-06-07 21:27:16 - time to fit: 30.8 seconds
2024-06-07 21:27:16 - train acc (train err): 0.5191 (0.4809)
2024-06-07 21:27:16 - train log loss: 0.6938
2024-06-07 21:27:16 - train brier score: 0.5007
2024-06-07 21:27:16 - train f1 score: 0.1262
2024-06-07 21:27:16 - --------Run Number 5--------
2024-06-07 21:27:43 - ----------------Results----------------
2024-06-07 21:27:43 - time to fit: 27.2 seconds
2024-06-07 21:27:43 - train acc (train err): 0.7280 (0.2720)
2024-06-07 21:27:43 - train log loss: 0.6930
2024-06-07 21:27:43 - train brier score: 0.4999
2024-06-07 21:27:43 - train f1 score: 0.3158
2024-06-07 21:27:43 - --------Run Number 6--------
2024-06-07 21:28:09 - ----------------Results----------------
2024-06-07 21:28:09 - time to fit: 25.8 seconds
2024-06-07 21:28:09 - train acc (train err): 0.4528 (0.5472)
2024-06-07 21:28:09 - train log loss: 0.6929
2024-06-07 21:28:09 - train brier score: 0.4997
2024-06-07 21:28:09 - train f1 score: 0.2014
2024-06-07 21:28:09 - --------Run Number 7--------
2024-06-07 21:28:35 - ----------------Results----------------
2024-06-07 21:28:35 - time to fit: 25.7 seconds
2024-06-07 21:28:35 - train acc (train err): 0.4261 (0.5739)
2024-06-07 21:28:35 - train log loss: 0.6932
2024-06-07 21:28:35 - train brier score: 0.5001
2024-06-07 21:28:35 - train f1 score: 0.3162
2024-06-07 21:28:35 - --------Run Number 8--------
2024-06-07 21:29:01 - ----------------Results----------------
2024-06-07 21:29:01 - time to fit: 25.8 seconds
2024-06-07 21:29:01 - train acc (train err): 0.5548 (0.4452)
2024-06-07 21:29:01 - train log loss: 0.6931
2024-06-07 21:29:01 - train brier score: 0.4999
2024-06-07 21:29:01 - train f1 score: 0.2378
2024-06-07 21:29:01 - --------Run Number 9--------
2024-06-07 21:29:27 - ----------------Results----------------
2024-06-07 21:29:27 - time to fit: 25.9 seconds
2024-06-07 21:29:27 - train acc (train err): 0.3451 (0.6549)
2024-06-07 21:29:27 - train log loss: 0.6932
2024-06-07 21:29:27 - train brier score: 0.5001
2024-06-07 21:29:27 - train f1 score: 0.2924
2024-06-07 21:29:27 - --------Run Number 10--------
2024-06-07 21:29:53 - ----------------Results----------------
2024-06-07 21:29:53 - time to fit: 25.8 seconds
2024-06-07 21:29:53 - train acc (train err): 0.7222 (0.2778)
2024-06-07 21:29:53 - train log loss: 0.6928
2024-06-07 21:29:53 - train brier score: 0.4997
2024-06-07 21:29:53 - train f1 score: 0.3527
2024-06-07 21:29:53 - ================Aggregated Results================
2024-06-07 21:29:53 - Total number of runs: 10
2024-06-07 21:29:53 - Average time to fit: 26.9 seconds (std: 1.5)
2024-06-07 21:29:53 - train mean acc +- std (mean train err): 0.5413 +- 0.1211 (0.4587)
2024-06-07 21:29:53 - train mean log loss +- std: 0.6930 +- 0.0005
2024-06-07 21:29:53 - train mean brier score +- std: 0.4999 +- 0.0005
2024-06-07 21:29:53 - train mean f1 score +- std: 0.2645 +- 0.0629
