2024-06-07 14:59:20 - ============Running Fable============
2024-06-07 14:59:20 - dataset: agnews
2024-06-07 14:59:21 - --------Run Number 1--------
2024-06-07 15:08:33 - ----------------Results----------------
2024-06-07 15:08:33 - time to fit: 270.8 seconds
2024-06-07 15:08:33 - train acc (train err): 0.8137 (0.1863)
2024-06-07 15:08:33 - train log loss: 1.2013
2024-06-07 15:08:33 - train brier score: 0.3569
2024-06-07 15:08:33 - --------Run Number 2--------
2024-06-07 15:20:00 - ----------------Results----------------
2024-06-07 15:20:00 - time to fit: 350.5 seconds
2024-06-07 15:20:00 - train acc (train err): 0.8134 (0.1866)
2024-06-07 15:20:00 - train log loss: 1.1972
2024-06-07 15:20:00 - train brier score: 0.3571
2024-06-07 15:20:00 - --------Run Number 3--------
2024-06-07 15:31:55 - ----------------Results----------------
2024-06-07 15:31:55 - time to fit: 365.1 seconds
2024-06-07 15:31:55 - train acc (train err): 0.8142 (0.1858)
2024-06-07 15:31:55 - train log loss: 1.1936
2024-06-07 15:31:55 - train brier score: 0.3556
2024-06-07 15:31:55 - --------Run Number 4--------
2024-06-07 15:40:26 - ----------------Results----------------
2024-06-07 15:40:26 - time to fit: 253.7 seconds
2024-06-07 15:40:26 - train acc (train err): 0.8137 (0.1863)
2024-06-07 15:40:26 - train log loss: 1.1993
2024-06-07 15:40:26 - train brier score: 0.3563
2024-06-07 15:40:26 - --------Run Number 5--------
2024-06-07 15:49:30 - ----------------Results----------------
2024-06-07 15:49:30 - time to fit: 269.3 seconds
2024-06-07 15:49:30 - train acc (train err): 0.8136 (0.1864)
2024-06-07 15:49:30 - train log loss: 1.2042
2024-06-07 15:49:30 - train brier score: 0.3575
2024-06-07 15:49:30 - --------Run Number 6--------
2024-06-07 15:58:34 - ----------------Results----------------
2024-06-07 15:58:34 - time to fit: 271.3 seconds
2024-06-07 15:58:34 - train acc (train err): 0.8134 (0.1866)
2024-06-07 15:58:34 - train log loss: 1.1973
2024-06-07 15:58:34 - train brier score: 0.3570
2024-06-07 15:58:34 - --------Run Number 7--------
2024-06-07 16:07:16 - ----------------Results----------------
2024-06-07 16:07:16 - time to fit: 262.3 seconds
2024-06-07 16:07:16 - train acc (train err): 0.8146 (0.1854)
2024-06-07 16:07:16 - train log loss: 1.1908
2024-06-07 16:07:16 - train brier score: 0.3552
2024-06-07 16:07:16 - --------Run Number 8--------
2024-06-07 16:15:37 - ----------------Results----------------
2024-06-07 16:15:37 - time to fit: 251.2 seconds
2024-06-07 16:15:37 - train acc (train err): 0.8132 (0.1868)
2024-06-07 16:15:37 - train log loss: 1.1989
2024-06-07 16:15:37 - train brier score: 0.3571
2024-06-07 16:15:37 - --------Run Number 9--------
2024-06-07 16:24:21 - ----------------Results----------------
2024-06-07 16:24:21 - time to fit: 256.5 seconds
2024-06-07 16:24:21 - train acc (train err): 0.8139 (0.1861)
2024-06-07 16:24:21 - train log loss: 1.1916
2024-06-07 16:24:21 - train brier score: 0.3559
2024-06-07 16:24:21 - --------Run Number 10--------
2024-06-07 16:33:05 - ----------------Results----------------
2024-06-07 16:33:05 - time to fit: 256.3 seconds
2024-06-07 16:33:05 - train acc (train err): 0.8141 (0.1859)
2024-06-07 16:33:05 - train log loss: 1.2021
2024-06-07 16:33:05 - train brier score: 0.3570
2024-06-07 16:33:05 - ================Aggregated Results================
2024-06-07 16:33:05 - Total number of runs: 10
2024-06-07 16:33:05 - Average time to fit: 280.7 seconds (std: 39.3)
2024-06-07 16:33:05 - train mean acc +- std (mean train err): 0.8138 +- 0.0004 (0.1862)
2024-06-07 16:33:05 - train mean log loss +- std: 1.1976 +- 0.0043
2024-06-07 16:33:05 - train mean brier score +- std: 0.3566 +- 0.0007
