2024-06-07 17:48:13 - ------------Running Snorkel------------
2024-06-07 17:48:13 - dataset: commercial
2024-06-07 17:48:13 - --------Run Number 1--------
2024-06-07 17:48:13 - ================Results================
2024-06-07 17:48:13 - time to fit: 0.0 seconds
2024-06-07 17:48:13 - train acc (train err): 0.8979 (0.1021)
2024-06-07 17:48:13 - train log loss: 0.9042
2024-06-07 17:48:13 - train brier score: 0.1782
2024-06-07 17:48:13 - train f1 score: 0.7861
2024-06-07 17:48:13 - --------Run Number 2--------
2024-06-07 17:48:14 - ================Results================
2024-06-07 17:48:14 - time to fit: 0.0 seconds
2024-06-07 17:48:14 - train acc (train err): 0.8979 (0.1021)
2024-06-07 17:48:14 - train log loss: 0.8956
2024-06-07 17:48:14 - train brier score: 0.1750
2024-06-07 17:48:14 - train f1 score: 0.7861
2024-06-07 17:48:14 - --------Run Number 3--------
2024-06-07 17:48:14 - ================Results================
2024-06-07 17:48:14 - time to fit: 0.0 seconds
2024-06-07 17:48:14 - train acc (train err): 0.8979 (0.1021)
2024-06-07 17:48:14 - train log loss: 0.9037
2024-06-07 17:48:14 - train brier score: 0.1781
2024-06-07 17:48:14 - train f1 score: 0.7861
2024-06-07 17:48:14 - --------Run Number 4--------
2024-06-07 17:48:14 - ================Results================
2024-06-07 17:48:14 - time to fit: 0.0 seconds
2024-06-07 17:48:14 - train acc (train err): 0.8979 (0.1021)
2024-06-07 17:48:14 - train log loss: 0.8987
2024-06-07 17:48:14 - train brier score: 0.1762
2024-06-07 17:48:14 - train f1 score: 0.7861
2024-06-07 17:48:14 - --------Run Number 5--------
2024-06-07 17:48:15 - ================Results================
2024-06-07 17:48:15 - time to fit: 0.0 seconds
2024-06-07 17:48:15 - train acc (train err): 0.8979 (0.1021)
2024-06-07 17:48:15 - train log loss: 0.8956
2024-06-07 17:48:15 - train brier score: 0.1750
2024-06-07 17:48:15 - train f1 score: 0.7861
2024-06-07 17:48:15 - --------Run Number 6--------
2024-06-07 17:48:15 - ================Results================
2024-06-07 17:48:15 - time to fit: 0.0 seconds
2024-06-07 17:48:15 - train acc (train err): 0.8979 (0.1021)
2024-06-07 17:48:15 - train log loss: 0.9035
2024-06-07 17:48:15 - train brier score: 0.1780
2024-06-07 17:48:15 - train f1 score: 0.7861
2024-06-07 17:48:15 - --------Run Number 7--------
2024-06-07 17:48:16 - ================Results================
2024-06-07 17:48:16 - time to fit: 0.0 seconds
2024-06-07 17:48:16 - train acc (train err): 0.8979 (0.1021)
2024-06-07 17:48:16 - train log loss: 0.8958
2024-06-07 17:48:16 - train brier score: 0.1751
2024-06-07 17:48:16 - train f1 score: 0.7861
2024-06-07 17:48:16 - --------Run Number 8--------
2024-06-07 17:48:16 - ================Results================
2024-06-07 17:48:16 - time to fit: 0.0 seconds
2024-06-07 17:48:16 - train acc (train err): 0.8979 (0.1021)
2024-06-07 17:48:16 - train log loss: 0.8962
2024-06-07 17:48:16 - train brier score: 0.1752
2024-06-07 17:48:16 - train f1 score: 0.7861
2024-06-07 17:48:16 - --------Run Number 9--------
2024-06-07 17:48:16 - ================Results================
2024-06-07 17:48:16 - time to fit: 0.0 seconds
2024-06-07 17:48:16 - train acc (train err): 0.8979 (0.1021)
2024-06-07 17:48:16 - train log loss: 0.8956
2024-06-07 17:48:16 - train brier score: 0.1750
2024-06-07 17:48:16 - train f1 score: 0.7861
2024-06-07 17:48:16 - --------Run Number 10--------
2024-06-07 17:48:17 - ================Results================
2024-06-07 17:48:17 - time to fit: 0.0 seconds
2024-06-07 17:48:17 - train acc (train err): 0.8979 (0.1021)
2024-06-07 17:48:17 - train log loss: 0.9005
2024-06-07 17:48:17 - train brier score: 0.1769
2024-06-07 17:48:17 - train f1 score: 0.7861
2024-06-07 17:48:17 - ================Aggregated Results================
2024-06-07 17:48:17 - Total number of runs: 10
2024-06-07 17:48:17 - Average time to fit: 0.0 seconds (std: 0.0)
2024-06-07 17:48:17 - train mean acc +- std (mean train err): 0.8979 +- 0.0000 (0.1021)
2024-06-07 17:48:17 - train mean log loss +- std: 0.8989 +- 0.0035
2024-06-07 17:48:17 - train mean brier score +- std: 0.1763 +- 0.0013
2024-06-07 17:48:17 - train mean f1 score +- std: 0.7861 +- 0.0000
