2024-06-07 21:16:26 - ============Running WeaSEL============
2024-06-07 21:16:26 - dataset: imdb
2024-06-07 21:16:26 - --------Run Number 1--------
2024-06-07 21:16:53 - ----------------Results----------------
2024-06-07 21:16:53 - time to fit: 26.4 seconds
2024-06-07 21:16:53 - train acc (train err): 0.5423 (0.4577)
2024-06-07 21:16:53 - train log loss: 0.6927
2024-06-07 21:16:53 - train brier score: 0.4995
2024-06-07 21:16:53 - train f1 score: 0.6247
2024-06-07 21:16:53 - --------Run Number 2--------
2024-06-07 21:17:19 - ----------------Results----------------
2024-06-07 21:17:19 - time to fit: 24.8 seconds
2024-06-07 21:17:19 - train acc (train err): 0.4549 (0.5451)
2024-06-07 21:17:19 - train log loss: 0.6942
2024-06-07 21:17:19 - train brier score: 0.5010
2024-06-07 21:17:19 - train f1 score: 0.3393
2024-06-07 21:17:19 - --------Run Number 3--------
2024-06-07 21:17:47 - ----------------Results----------------
2024-06-07 21:17:47 - time to fit: 27.1 seconds
2024-06-07 21:17:47 - train acc (train err): 0.5078 (0.4922)
2024-06-07 21:17:47 - train log loss: 0.6888
2024-06-07 21:17:47 - train brier score: 0.4956
2024-06-07 21:17:47 - train f1 score: 0.6623
2024-06-07 21:17:47 - --------Run Number 4--------
2024-06-07 21:18:14 - ----------------Results----------------
2024-06-07 21:18:14 - time to fit: 26.3 seconds
2024-06-07 21:18:14 - train acc (train err): 0.4559 (0.5441)
2024-06-07 21:18:14 - train log loss: 0.6939
2024-06-07 21:18:14 - train brier score: 0.5007
2024-06-07 21:18:14 - train f1 score: 0.4009
2024-06-07 21:18:14 - --------Run Number 5--------
2024-06-07 21:18:40 - ----------------Results----------------
2024-06-07 21:18:40 - time to fit: 25.5 seconds
2024-06-07 21:18:40 - train acc (train err): 0.5078 (0.4922)
2024-06-07 21:18:40 - train log loss: 0.6933
2024-06-07 21:18:40 - train brier score: 0.5001
2024-06-07 21:18:40 - train f1 score: 0.4478
2024-06-07 21:18:40 - --------Run Number 6--------
2024-06-07 21:19:07 - ----------------Results----------------
2024-06-07 21:19:07 - time to fit: 26.1 seconds
2024-06-07 21:19:07 - train acc (train err): 0.5236 (0.4764)
2024-06-07 21:19:07 - train log loss: 0.6931
2024-06-07 21:19:07 - train brier score: 0.4999
2024-06-07 21:19:07 - train f1 score: 0.6065
2024-06-07 21:19:07 - --------Run Number 7--------
2024-06-07 21:19:33 - ----------------Results----------------
2024-06-07 21:19:33 - time to fit: 25.2 seconds
2024-06-07 21:19:33 - train acc (train err): 0.5571 (0.4429)
2024-06-07 21:19:33 - train log loss: 0.6929
2024-06-07 21:19:33 - train brier score: 0.4998
2024-06-07 21:19:33 - train f1 score: 0.5726
2024-06-07 21:19:33 - --------Run Number 8--------
2024-06-07 21:19:59 - ----------------Results----------------
2024-06-07 21:19:59 - time to fit: 25.0 seconds
2024-06-07 21:19:59 - train acc (train err): 0.5812 (0.4188)
2024-06-07 21:19:59 - train log loss: 0.6930
2024-06-07 21:19:59 - train brier score: 0.4998
2024-06-07 21:19:59 - train f1 score: 0.6517
2024-06-07 21:19:59 - --------Run Number 9--------
2024-06-07 21:20:28 - ----------------Results----------------
2024-06-07 21:20:28 - time to fit: 27.7 seconds
2024-06-07 21:20:28 - train acc (train err): 0.4948 (0.5052)
2024-06-07 21:20:28 - train log loss: 0.6931
2024-06-07 21:20:28 - train brier score: 0.4999
2024-06-07 21:20:28 - train f1 score: 0.5640
2024-06-07 21:20:28 - --------Run Number 10--------
2024-06-07 21:20:54 - ----------------Results----------------
2024-06-07 21:20:54 - time to fit: 25.6 seconds
2024-06-07 21:20:54 - train acc (train err): 0.4236 (0.5764)
2024-06-07 21:20:54 - train log loss: 0.6935
2024-06-07 21:20:54 - train brier score: 0.5003
2024-06-07 21:20:54 - train f1 score: 0.4369
2024-06-07 21:20:54 - ================Aggregated Results================
2024-06-07 21:20:54 - Total number of runs: 10
2024-06-07 21:20:54 - Average time to fit: 26.0 seconds (std: 0.9)
2024-06-07 21:20:54 - train mean acc +- std (mean train err): 0.5049 +- 0.0468 (0.4951)
2024-06-07 21:20:54 - train mean log loss +- std: 0.6928 +- 0.0014
2024-06-07 21:20:54 - train mean brier score +- std: 0.4997 +- 0.0014
2024-06-07 21:20:54 - train mean f1 score +- std: 0.5307 +- 0.1089
