2024-06-08 12:34:42 - ============Running Denoise============
2024-06-08 12:34:42 - dataset: cdr
2024-06-08 12:34:42 - --------Run Number 1--------
2024-06-08 12:35:20 - ----------------Results----------------
2024-06-08 12:35:20 - time to fit: 37.1 seconds
2024-06-08 12:35:20 - train acc (train err): 0.7306 (0.2694)
2024-06-08 12:35:20 - train log loss: 0.8602
2024-06-08 12:35:20 - train brier score: 0.4611
2024-06-08 12:35:20 - train f1 score: 0.7097
2024-06-08 12:35:20 - --------Run Number 2--------
2024-06-08 12:35:58 - ----------------Results----------------
2024-06-08 12:35:58 - time to fit: 36.7 seconds
2024-06-08 12:35:58 - train acc (train err): 0.7332 (0.2668)
2024-06-08 12:35:58 - train log loss: 0.8236
2024-06-08 12:35:58 - train brier score: 0.4513
2024-06-08 12:35:58 - train f1 score: 0.7102
2024-06-08 12:35:58 - --------Run Number 3--------
2024-06-08 12:36:35 - ----------------Results----------------
2024-06-08 12:36:35 - time to fit: 36.1 seconds
2024-06-08 12:36:35 - train acc (train err): 0.7332 (0.2668)
2024-06-08 12:36:35 - train log loss: 0.8021
2024-06-08 12:36:35 - train brier score: 0.4466
2024-06-08 12:36:35 - train f1 score: 0.7104
2024-06-08 12:36:35 - --------Run Number 4--------
2024-06-08 12:37:12 - ----------------Results----------------
2024-06-08 12:37:12 - time to fit: 36.5 seconds
2024-06-08 12:37:12 - train acc (train err): 0.7318 (0.2682)
2024-06-08 12:37:12 - train log loss: 0.8196
2024-06-08 12:37:12 - train brier score: 0.4513
2024-06-08 12:37:12 - train f1 score: 0.7094
2024-06-08 12:37:12 - --------Run Number 5--------
2024-06-08 12:37:50 - ----------------Results----------------
2024-06-08 12:37:50 - time to fit: 37.4 seconds
2024-06-08 12:37:50 - train acc (train err): 0.7316 (0.2684)
2024-06-08 12:37:50 - train log loss: 0.8589
2024-06-08 12:37:50 - train brier score: 0.4603
2024-06-08 12:37:50 - train f1 score: 0.7098
2024-06-08 12:37:50 - --------Run Number 6--------
2024-06-08 12:38:27 - ----------------Results----------------
2024-06-08 12:38:27 - time to fit: 35.8 seconds
2024-06-08 12:38:27 - train acc (train err): 0.7319 (0.2681)
2024-06-08 12:38:27 - train log loss: 0.8329
2024-06-08 12:38:27 - train brier score: 0.4555
2024-06-08 12:38:27 - train f1 score: 0.7089
2024-06-08 12:38:27 - --------Run Number 7--------
2024-06-08 12:39:04 - ----------------Results----------------
2024-06-08 12:39:04 - time to fit: 36.2 seconds
2024-06-08 12:39:04 - train acc (train err): 0.7304 (0.2696)
2024-06-08 12:39:04 - train log loss: 0.8559
2024-06-08 12:39:04 - train brier score: 0.4593
2024-06-08 12:39:04 - train f1 score: 0.7085
2024-06-08 12:39:04 - --------Run Number 8--------
2024-06-08 12:39:40 - ----------------Results----------------
2024-06-08 12:39:40 - time to fit: 35.7 seconds
2024-06-08 12:39:40 - train acc (train err): 0.7300 (0.2700)
2024-06-08 12:39:40 - train log loss: 0.8700
2024-06-08 12:39:40 - train brier score: 0.4646
2024-06-08 12:39:40 - train f1 score: 0.7074
2024-06-08 12:39:40 - --------Run Number 9--------
2024-06-08 12:40:17 - ----------------Results----------------
2024-06-08 12:40:17 - time to fit: 36.0 seconds
2024-06-08 12:40:17 - train acc (train err): 0.7330 (0.2670)
2024-06-08 12:40:17 - train log loss: 0.8347
2024-06-08 12:40:17 - train brier score: 0.4515
2024-06-08 12:40:17 - train f1 score: 0.7109
2024-06-08 12:40:17 - --------Run Number 10--------
2024-06-08 12:40:54 - ----------------Results----------------
2024-06-08 12:40:54 - time to fit: 36.4 seconds
2024-06-08 12:40:54 - train acc (train err): 0.7317 (0.2683)
2024-06-08 12:40:54 - train log loss: 0.8422
2024-06-08 12:40:54 - train brier score: 0.4563
2024-06-08 12:40:54 - train f1 score: 0.7090
2024-06-08 12:40:54 - ================Aggregated Results================
2024-06-08 12:40:54 - Total number of runs: 10
2024-06-08 12:40:54 - Average time to fit: 36.4 seconds (std: 0.5)
2024-06-08 12:40:54 - train mean acc +- std (mean train err): 0.7317 +- 0.0011 (0.2683)
2024-06-08 12:40:54 - train mean log loss +- std: 0.8400 +- 0.0203
2024-06-08 12:40:54 - train mean brier score +- std: 0.4558 +- 0.0053
2024-06-08 12:40:54 - train mean f1 score +- std: 0.7094 +- 0.0010
