2024-06-07 18:45:53 - ------------Running EBCC------------
2024-06-07 18:45:53 - dataset: commercial
2024-06-07 18:45:53 - empirical class prior: True
2024-06-07 18:45:53 - --------Run Number 1--------
2024-06-07 18:49:09 - ================Results================
2024-06-07 18:49:09 - time to fit: 195.5 seconds
2024-06-07 18:49:09 - train acc (train err): 0.8331 (0.1669)
2024-06-07 18:49:09 - train log loss: 0.3014
2024-06-07 18:49:09 - train brier score: 0.1973
2024-06-07 18:49:09 - train f1 score: 0.7683
2024-06-07 18:49:09 - --------Run Number 2--------
2024-06-07 18:52:21 - ================Results================
2024-06-07 18:52:21 - time to fit: 190.3 seconds
2024-06-07 18:52:21 - train acc (train err): 0.8331 (0.1669)
2024-06-07 18:52:21 - train log loss: 0.3014
2024-06-07 18:52:21 - train brier score: 0.1973
2024-06-07 18:52:21 - train f1 score: 0.7683
2024-06-07 18:52:21 - --------Run Number 3--------
2024-06-07 18:55:23 - ================Results================
2024-06-07 18:55:23 - time to fit: 181.4 seconds
2024-06-07 18:55:23 - train acc (train err): 0.8331 (0.1669)
2024-06-07 18:55:23 - train log loss: 0.3014
2024-06-07 18:55:23 - train brier score: 0.1973
2024-06-07 18:55:23 - train f1 score: 0.7683
2024-06-07 18:55:23 - --------Run Number 4--------
2024-06-07 18:58:28 - ================Results================
2024-06-07 18:58:28 - time to fit: 183.4 seconds
2024-06-07 18:58:28 - train acc (train err): 0.8331 (0.1669)
2024-06-07 18:58:28 - train log loss: 0.3014
2024-06-07 18:58:28 - train brier score: 0.1973
2024-06-07 18:58:28 - train f1 score: 0.7683
2024-06-07 18:58:28 - --------Run Number 5--------
2024-06-07 19:01:24 - ================Results================
2024-06-07 19:01:24 - time to fit: 175.1 seconds
2024-06-07 19:01:24 - train acc (train err): 0.8331 (0.1669)
2024-06-07 19:01:24 - train log loss: 0.3014
2024-06-07 19:01:24 - train brier score: 0.1973
2024-06-07 19:01:24 - train f1 score: 0.7683
2024-06-07 19:01:24 - --------Run Number 6--------
2024-06-07 19:04:34 - ================Results================
2024-06-07 19:04:34 - time to fit: 189.4 seconds
2024-06-07 19:04:34 - train acc (train err): 0.8331 (0.1669)
2024-06-07 19:04:34 - train log loss: 0.3014
2024-06-07 19:04:34 - train brier score: 0.1973
2024-06-07 19:04:34 - train f1 score: 0.7683
2024-06-07 19:04:34 - --------Run Number 7--------
2024-06-07 19:07:56 - ================Results================
2024-06-07 19:07:56 - time to fit: 200.0 seconds
2024-06-07 19:07:56 - train acc (train err): 0.8331 (0.1669)
2024-06-07 19:07:56 - train log loss: 0.3014
2024-06-07 19:07:56 - train brier score: 0.1973
2024-06-07 19:07:56 - train f1 score: 0.7683
2024-06-07 19:07:56 - --------Run Number 8--------
2024-06-07 19:11:19 - ================Results================
2024-06-07 19:11:19 - time to fit: 202.0 seconds
2024-06-07 19:11:19 - train acc (train err): 0.8331 (0.1669)
2024-06-07 19:11:19 - train log loss: 0.3014
2024-06-07 19:11:19 - train brier score: 0.1973
2024-06-07 19:11:19 - train f1 score: 0.7683
2024-06-07 19:11:19 - --------Run Number 9--------
2024-06-07 19:14:39 - ================Results================
2024-06-07 19:14:39 - time to fit: 199.4 seconds
2024-06-07 19:14:39 - train acc (train err): 0.8331 (0.1669)
2024-06-07 19:14:39 - train log loss: 0.3014
2024-06-07 19:14:39 - train brier score: 0.1973
2024-06-07 19:14:39 - train f1 score: 0.7683
2024-06-07 19:14:39 - --------Run Number 10--------
2024-06-07 19:18:00 - ================Results================
2024-06-07 19:18:00 - time to fit: 199.7 seconds
2024-06-07 19:18:00 - train acc (train err): 0.8331 (0.1669)
2024-06-07 19:18:00 - train log loss: 0.3014
2024-06-07 19:18:00 - train brier score: 0.1973
2024-06-07 19:18:00 - train f1 score: 0.7683
2024-06-07 19:18:00 - ================Aggregated Results================
2024-06-07 19:18:00 - Total number of runs: 10
2024-06-07 19:18:00 - Average time to fit: 191.6 seconds (std: 8.8)
2024-06-07 19:18:00 - train mean acc +- std (mean train err): 0.8331 +- 0.0000 (0.1669)
2024-06-07 19:18:00 - train mean log loss +- std: 0.3014 +- 0.0000
2024-06-07 19:18:00 - train mean brier score +- std: 0.1973 +- 0.0000
2024-06-07 19:18:00 - train mean f1 score +- std: 0.7683 +- 0.0000
