2025-08-06 23:22:01 - ============Running CLL============
2025-08-06 23:22:01 - dataset: cdr
2025-08-06 23:22:01 - --------Run Number 1--------
2025-08-06 23:22:02 - ----------------Results----------------
2025-08-06 23:22:02 - time to fit: 1.6 seconds
2025-08-06 23:22:02 - train acc (train err): 0.7128 (0.2872)
2025-08-06 23:22:02 - train log loss: 7.7401
2025-08-06 23:22:02 - train brier score: 0.5238
2025-08-06 23:22:02 - train f1 score: 0.6440
2025-08-06 23:22:02 - --------Run Number 2--------
2025-08-06 23:22:04 - ----------------Results----------------
2025-08-06 23:22:04 - time to fit: 1.6 seconds
2025-08-06 23:22:04 - train acc (train err): 0.7129 (0.2871)
2025-08-06 23:22:04 - train log loss: 7.7429
2025-08-06 23:22:04 - train brier score: 0.5238
2025-08-06 23:22:04 - train f1 score: 0.6440
2025-08-06 23:22:04 - --------Run Number 3--------
2025-08-06 23:22:06 - ----------------Results----------------
2025-08-06 23:22:06 - time to fit: 1.6 seconds
2025-08-06 23:22:06 - train acc (train err): 0.7129 (0.2871)
2025-08-06 23:22:06 - train log loss: 7.7403
2025-08-06 23:22:06 - train brier score: 0.5238
2025-08-06 23:22:06 - train f1 score: 0.6437
2025-08-06 23:22:06 - --------Run Number 4--------
2025-08-06 23:22:07 - ----------------Results----------------
2025-08-06 23:22:07 - time to fit: 1.6 seconds
2025-08-06 23:22:07 - train acc (train err): 0.7121 (0.2879)
2025-08-06 23:22:07 - train log loss: 7.7429
2025-08-06 23:22:07 - train brier score: 0.5241
2025-08-06 23:22:07 - train f1 score: 0.6426
2025-08-06 23:22:07 - --------Run Number 5--------
2025-08-06 23:22:09 - ----------------Results----------------
2025-08-06 23:22:09 - time to fit: 1.9 seconds
2025-08-06 23:22:09 - train acc (train err): 0.7123 (0.2877)
2025-08-06 23:22:09 - train log loss: 7.7405
2025-08-06 23:22:09 - train brier score: 0.5239
2025-08-06 23:22:09 - train f1 score: 0.6433
2025-08-06 23:22:09 - --------Run Number 6--------
2025-08-06 23:22:11 - ----------------Results----------------
2025-08-06 23:22:11 - time to fit: 1.9 seconds
2025-08-06 23:22:11 - train acc (train err): 0.7120 (0.2880)
2025-08-06 23:22:11 - train log loss: 7.7403
2025-08-06 23:22:11 - train brier score: 0.5241
2025-08-06 23:22:11 - train f1 score: 0.6428
2025-08-06 23:22:11 - --------Run Number 7--------
2025-08-06 23:22:13 - ----------------Results----------------
2025-08-06 23:22:13 - time to fit: 1.6 seconds
2025-08-06 23:22:13 - train acc (train err): 0.7131 (0.2869)
2025-08-06 23:22:13 - train log loss: 7.7407
2025-08-06 23:22:13 - train brier score: 0.5239
2025-08-06 23:22:13 - train f1 score: 0.6442
2025-08-06 23:22:13 - --------Run Number 8--------
2025-08-06 23:22:15 - ----------------Results----------------
2025-08-06 23:22:15 - time to fit: 1.6 seconds
2025-08-06 23:22:15 - train acc (train err): 0.7115 (0.2885)
2025-08-06 23:22:15 - train log loss: 7.7403
2025-08-06 23:22:15 - train brier score: 0.5239
2025-08-06 23:22:15 - train f1 score: 0.6420
2025-08-06 23:22:15 - --------Run Number 9--------
2025-08-06 23:22:16 - ----------------Results----------------
2025-08-06 23:22:16 - time to fit: 1.6 seconds
2025-08-06 23:22:16 - train acc (train err): 0.7126 (0.2874)
2025-08-06 23:22:16 - train log loss: 7.7427
2025-08-06 23:22:16 - train brier score: 0.5240
2025-08-06 23:22:16 - train f1 score: 0.6435
2025-08-06 23:22:16 - --------Run Number 10--------
2025-08-06 23:22:18 - ----------------Results----------------
2025-08-06 23:22:18 - time to fit: 1.6 seconds
2025-08-06 23:22:18 - train acc (train err): 0.7121 (0.2879)
2025-08-06 23:22:18 - train log loss: 7.7402
2025-08-06 23:22:18 - train brier score: 0.5239
2025-08-06 23:22:18 - train f1 score: 0.6428
2025-08-06 23:22:18 - ================Aggregated Results================
2025-08-06 23:22:18 - Total number of runs: 10
2025-08-06 23:22:18 - Average time to fit: 1.7 seconds (std: 0.1)
2025-08-06 23:22:18 - train mean acc +- std (mean train err): 0.7124 +- 0.0005 (0.2876)
2025-08-06 23:22:18 - train mean log loss +- std: 7.7411 +- 0.0011
2025-08-06 23:22:18 - train mean brier score +- std: 0.5239 +- 0.0001
2025-08-06 23:22:18 - train mean f1 score +- std: 0.6433 +- 0.0007
