2024-06-07 20:32:48 - ------------Running EBCC------------
2024-06-07 20:32:48 - dataset: agnews
2024-06-07 20:32:48 - empirical class prior: True
2024-06-07 20:32:48 - --------Run Number 1--------
2024-06-07 20:34:38 - ================Results================
2024-06-07 20:34:38 - time to fit: 108.3 seconds
2024-06-07 20:34:38 - train acc (train err): 0.2781 (0.7219)
2024-06-07 20:34:38 - train log loss: 1.3771
2024-06-07 20:34:38 - train brier score: 0.7453
2024-06-07 20:34:38 - --------Run Number 2--------
2024-06-07 20:36:28 - ================Results================
2024-06-07 20:36:28 - time to fit: 108.4 seconds
2024-06-07 20:36:28 - train acc (train err): 0.2781 (0.7219)
2024-06-07 20:36:28 - train log loss: 1.3771
2024-06-07 20:36:28 - train brier score: 0.7453
2024-06-07 20:36:28 - --------Run Number 3--------
2024-06-07 20:38:19 - ================Results================
2024-06-07 20:38:19 - time to fit: 108.5 seconds
2024-06-07 20:38:19 - train acc (train err): 0.2781 (0.7219)
2024-06-07 20:38:19 - train log loss: 1.3771
2024-06-07 20:38:19 - train brier score: 0.7453
2024-06-07 20:38:19 - --------Run Number 4--------
2024-06-07 20:40:09 - ================Results================
2024-06-07 20:40:09 - time to fit: 108.8 seconds
2024-06-07 20:40:09 - train acc (train err): 0.2781 (0.7219)
2024-06-07 20:40:09 - train log loss: 1.3771
2024-06-07 20:40:09 - train brier score: 0.7453
2024-06-07 20:40:09 - --------Run Number 5--------
2024-06-07 20:41:59 - ================Results================
2024-06-07 20:41:59 - time to fit: 108.4 seconds
2024-06-07 20:41:59 - train acc (train err): 0.2781 (0.7219)
2024-06-07 20:41:59 - train log loss: 1.3771
2024-06-07 20:41:59 - train brier score: 0.7453
2024-06-07 20:41:59 - --------Run Number 6--------
2024-06-07 20:43:50 - ================Results================
2024-06-07 20:43:50 - time to fit: 108.7 seconds
2024-06-07 20:43:50 - train acc (train err): 0.2781 (0.7219)
2024-06-07 20:43:50 - train log loss: 1.3771
2024-06-07 20:43:50 - train brier score: 0.7453
2024-06-07 20:43:50 - --------Run Number 7--------
2024-06-07 20:45:40 - ================Results================
2024-06-07 20:45:40 - time to fit: 108.8 seconds
2024-06-07 20:45:40 - train acc (train err): 0.2781 (0.7219)
2024-06-07 20:45:40 - train log loss: 1.3771
2024-06-07 20:45:40 - train brier score: 0.7453
2024-06-07 20:45:40 - --------Run Number 8--------
2024-06-07 20:47:31 - ================Results================
2024-06-07 20:47:31 - time to fit: 108.4 seconds
2024-06-07 20:47:31 - train acc (train err): 0.2781 (0.7219)
2024-06-07 20:47:31 - train log loss: 1.3771
2024-06-07 20:47:31 - train brier score: 0.7453
2024-06-07 20:47:31 - --------Run Number 9--------
2024-06-07 20:49:21 - ================Results================
2024-06-07 20:49:21 - time to fit: 109.1 seconds
2024-06-07 20:49:21 - train acc (train err): 0.2781 (0.7219)
2024-06-07 20:49:21 - train log loss: 1.3771
2024-06-07 20:49:21 - train brier score: 0.7453
2024-06-07 20:49:21 - --------Run Number 10--------
2024-06-07 20:51:12 - ================Results================
2024-06-07 20:51:12 - time to fit: 108.9 seconds
2024-06-07 20:51:12 - train acc (train err): 0.2781 (0.7219)
2024-06-07 20:51:12 - train log loss: 1.3771
2024-06-07 20:51:12 - train brier score: 0.7453
2024-06-07 20:51:12 - ================Aggregated Results================
2024-06-07 20:51:12 - Total number of runs: 10
2024-06-07 20:51:12 - Average time to fit: 108.6 seconds (std: 0.2)
2024-06-07 20:51:12 - train mean acc +- std (mean train err): 0.2781 +- 0.0000 (0.7219)
2024-06-07 20:51:12 - train mean log loss +- std: 1.3771 +- 0.0000
2024-06-07 20:51:12 - train mean brier score +- std: 0.7453 +- 0.0000
