2024-06-07 17:48:08 - ------------Running Snorkel------------
2024-06-07 17:48:08 - dataset: cdr
2024-06-07 17:48:08 - --------Run Number 1--------
2024-06-07 17:48:09 - ================Results================
2024-06-07 17:48:09 - time to fit: 0.1 seconds
2024-06-07 17:48:09 - train acc (train err): 0.6359 (0.3641)
2024-06-07 17:48:09 - train log loss: 1.1056
2024-06-07 17:48:09 - train brier score: 0.4558
2024-06-07 17:48:09 - train f1 score: 0.3784
2024-06-07 17:48:09 - --------Run Number 2--------
2024-06-07 17:48:09 - ================Results================
2024-06-07 17:48:09 - time to fit: 0.1 seconds
2024-06-07 17:48:09 - train acc (train err): 0.6358 (0.3642)
2024-06-07 17:48:09 - train log loss: 1.0961
2024-06-07 17:48:09 - train brier score: 0.4538
2024-06-07 17:48:09 - train f1 score: 0.3790
2024-06-07 17:48:09 - --------Run Number 3--------
2024-06-07 17:48:09 - ================Results================
2024-06-07 17:48:09 - time to fit: 0.1 seconds
2024-06-07 17:48:09 - train acc (train err): 0.6385 (0.3615)
2024-06-07 17:48:09 - train log loss: 1.0848
2024-06-07 17:48:09 - train brier score: 0.4449
2024-06-07 17:48:09 - train f1 score: 0.4131
2024-06-07 17:48:09 - --------Run Number 4--------
2024-06-07 17:48:09 - ================Results================
2024-06-07 17:48:09 - time to fit: 0.1 seconds
2024-06-07 17:48:09 - train acc (train err): 0.6360 (0.3640)
2024-06-07 17:48:09 - train log loss: 1.0983
2024-06-07 17:48:09 - train brier score: 0.4548
2024-06-07 17:48:09 - train f1 score: 0.3789
2024-06-07 17:48:09 - --------Run Number 5--------
2024-06-07 17:48:09 - ================Results================
2024-06-07 17:48:09 - time to fit: 0.1 seconds
2024-06-07 17:48:09 - train acc (train err): 0.6405 (0.3595)
2024-06-07 17:48:09 - train log loss: 1.0857
2024-06-07 17:48:09 - train brier score: 0.4442
2024-06-07 17:48:09 - train f1 score: 0.4227
2024-06-07 17:48:09 - --------Run Number 6--------
2024-06-07 17:48:10 - ================Results================
2024-06-07 17:48:10 - time to fit: 0.1 seconds
2024-06-07 17:48:10 - train acc (train err): 0.6458 (0.3542)
2024-06-07 17:48:10 - train log loss: 1.2070
2024-06-07 17:48:10 - train brier score: 0.4460
2024-06-07 17:48:10 - train f1 score: 0.4204
2024-06-07 17:48:10 - --------Run Number 7--------
2024-06-07 17:48:10 - ================Results================
2024-06-07 17:48:10 - time to fit: 0.1 seconds
2024-06-07 17:48:10 - train acc (train err): 0.6359 (0.3641)
2024-06-07 17:48:10 - train log loss: 1.0998
2024-06-07 17:48:10 - train brier score: 0.4554
2024-06-07 17:48:10 - train f1 score: 0.3784
2024-06-07 17:48:10 - --------Run Number 8--------
2024-06-07 17:48:10 - ================Results================
2024-06-07 17:48:10 - time to fit: 0.1 seconds
2024-06-07 17:48:10 - train acc (train err): 0.6360 (0.3640)
2024-06-07 17:48:10 - train log loss: 1.0911
2024-06-07 17:48:10 - train brier score: 0.4510
2024-06-07 17:48:10 - train f1 score: 0.3878
2024-06-07 17:48:10 - --------Run Number 9--------
2024-06-07 17:48:10 - ================Results================
2024-06-07 17:48:10 - time to fit: 0.1 seconds
2024-06-07 17:48:10 - train acc (train err): 0.7010 (0.2990)
2024-06-07 17:48:10 - train log loss: 1.0625
2024-06-07 17:48:10 - train brier score: 0.4323
2024-06-07 17:48:10 - train f1 score: 0.6405
2024-06-07 17:48:10 - --------Run Number 10--------
2024-06-07 17:48:10 - ================Results================
2024-06-07 17:48:10 - time to fit: 0.1 seconds
2024-06-07 17:48:10 - train acc (train err): 0.6358 (0.3642)
2024-06-07 17:48:10 - train log loss: 1.1072
2024-06-07 17:48:10 - train brier score: 0.4545
2024-06-07 17:48:10 - train f1 score: 0.3785
2024-06-07 17:48:10 - ================Aggregated Results================
2024-06-07 17:48:10 - Total number of runs: 10
2024-06-07 17:48:10 - Average time to fit: 0.1 seconds (std: 0.0)
2024-06-07 17:48:10 - train mean acc +- std (mean train err): 0.6441 +- 0.0192 (0.3559)
2024-06-07 17:48:10 - train mean log loss +- std: 1.1038 +- 0.0365
2024-06-07 17:48:10 - train mean brier score +- std: 0.4493 +- 0.0071
2024-06-07 17:48:10 - train mean f1 score +- std: 0.4178 +- 0.0763
