2024-06-07 17:48:18 - ------------Running Snorkel------------
2024-06-07 17:48:18 - dataset: trec
2024-06-07 17:48:18 - --------Run Number 1--------
2024-06-07 17:48:18 - ================Results================
2024-06-07 17:48:18 - time to fit: 0.3 seconds
2024-06-07 17:48:18 - train acc (train err): 0.4585 (0.5415)
2024-06-07 17:48:18 - train log loss: 1.5243
2024-06-07 17:48:18 - train brier score: 0.7175
2024-06-07 17:48:18 - --------Run Number 2--------
2024-06-07 17:48:19 - ================Results================
2024-06-07 17:48:19 - time to fit: 0.3 seconds
2024-06-07 17:48:19 - train acc (train err): 0.4603 (0.5397)
2024-06-07 17:48:19 - train log loss: 1.9840
2024-06-07 17:48:19 - train brier score: 0.7932
2024-06-07 17:48:19 - --------Run Number 3--------
2024-06-07 17:48:19 - ================Results================
2024-06-07 17:48:19 - time to fit: 0.3 seconds
2024-06-07 17:48:19 - train acc (train err): 0.4352 (0.5648)
2024-06-07 17:48:19 - train log loss: 2.4460
2024-06-07 17:48:19 - train brier score: 0.8420
2024-06-07 17:48:19 - --------Run Number 4--------
2024-06-07 17:48:20 - ================Results================
2024-06-07 17:48:20 - time to fit: 0.3 seconds
2024-06-07 17:48:20 - train acc (train err): 0.4643 (0.5357)
2024-06-07 17:48:20 - train log loss: 1.5783
2024-06-07 17:48:20 - train brier score: 0.7383
2024-06-07 17:48:20 - --------Run Number 5--------
2024-06-07 17:48:20 - ================Results================
2024-06-07 17:48:20 - time to fit: 0.3 seconds
2024-06-07 17:48:20 - train acc (train err): 0.4643 (0.5357)
2024-06-07 17:48:20 - train log loss: 1.6721
2024-06-07 17:48:20 - train brier score: 0.7821
2024-06-07 17:48:20 - --------Run Number 6--------
2024-06-07 17:48:20 - ================Results================
2024-06-07 17:48:20 - time to fit: 0.3 seconds
2024-06-07 17:48:20 - train acc (train err): 0.4606 (0.5394)
2024-06-07 17:48:20 - train log loss: 1.6709
2024-06-07 17:48:20 - train brier score: 0.7608
2024-06-07 17:48:20 - --------Run Number 7--------
2024-06-07 17:48:21 - ================Results================
2024-06-07 17:48:21 - time to fit: 0.3 seconds
2024-06-07 17:48:21 - train acc (train err): 0.4606 (0.5394)
2024-06-07 17:48:21 - train log loss: 1.7933
2024-06-07 17:48:21 - train brier score: 0.7739
2024-06-07 17:48:21 - --------Run Number 8--------
2024-06-07 17:48:21 - ================Results================
2024-06-07 17:48:21 - time to fit: 0.3 seconds
2024-06-07 17:48:21 - train acc (train err): 0.4606 (0.5394)
2024-06-07 17:48:21 - train log loss: 1.7624
2024-06-07 17:48:21 - train brier score: 0.7710
2024-06-07 17:48:21 - --------Run Number 9--------
2024-06-07 17:48:21 - ================Results================
2024-06-07 17:48:21 - time to fit: 0.3 seconds
2024-06-07 17:48:21 - train acc (train err): 0.4601 (0.5399)
2024-06-07 17:48:21 - train log loss: 2.0283
2024-06-07 17:48:21 - train brier score: 0.7989
2024-06-07 17:48:21 - --------Run Number 10--------
2024-06-07 17:48:22 - ================Results================
2024-06-07 17:48:22 - time to fit: 0.3 seconds
2024-06-07 17:48:22 - train acc (train err): 0.4601 (0.5399)
2024-06-07 17:48:22 - train log loss: 2.0698
2024-06-07 17:48:22 - train brier score: 0.8035
2024-06-07 17:48:22 - ================Aggregated Results================
2024-06-07 17:48:22 - Total number of runs: 10
2024-06-07 17:48:22 - Average time to fit: 0.3 seconds (std: 0.0)
2024-06-07 17:48:22 - train mean acc +- std (mean train err): 0.4585 +- 0.0080 (0.5415)
2024-06-07 17:48:22 - train mean log loss +- std: 1.8529 +- 0.2660
2024-06-07 17:48:22 - train mean brier score +- std: 0.7781 +- 0.0332
