2024-06-07 14:02:28 - ============Running Fable============
2024-06-07 14:02:28 - dataset: chemprot
2024-06-07 14:02:28 - --------Run Number 1--------
2024-06-07 14:07:56 - ----------------Results----------------
2024-06-07 14:07:56 - time to fit: 122.8 seconds
2024-06-07 14:07:56 - train acc (train err): 0.5357 (0.4643)
2024-06-07 14:07:56 - train log loss: 4.3331
2024-06-07 14:07:56 - train brier score: 0.8583
2024-06-07 14:07:56 - --------Run Number 2--------
2024-06-07 14:14:07 - ----------------Results----------------
2024-06-07 14:14:07 - time to fit: 166.4 seconds
2024-06-07 14:14:07 - train acc (train err): 0.5500 (0.4500)
2024-06-07 14:14:07 - train log loss: 4.4645
2024-06-07 14:14:07 - train brier score: 0.8527
2024-06-07 14:14:07 - --------Run Number 3--------
2024-06-07 14:20:19 - ----------------Results----------------
2024-06-07 14:20:19 - time to fit: 165.4 seconds
2024-06-07 14:20:19 - train acc (train err): 0.5481 (0.4519)
2024-06-07 14:20:19 - train log loss: 4.4606
2024-06-07 14:20:19 - train brier score: 0.8564
2024-06-07 14:20:19 - --------Run Number 4--------
2024-06-07 14:26:15 - ----------------Results----------------
2024-06-07 14:26:15 - time to fit: 165.3 seconds
2024-06-07 14:26:15 - train acc (train err): 0.5380 (0.4620)
2024-06-07 14:26:15 - train log loss: 4.4924
2024-06-07 14:26:15 - train brier score: 0.8548
2024-06-07 14:26:15 - --------Run Number 5--------
2024-06-07 14:31:47 - ----------------Results----------------
2024-06-07 14:31:47 - time to fit: 149.1 seconds
2024-06-07 14:31:47 - train acc (train err): 0.5511 (0.4489)
2024-06-07 14:31:47 - train log loss: 4.4886
2024-06-07 14:31:47 - train brier score: 0.8496
2024-06-07 14:31:47 - --------Run Number 6--------
2024-06-07 14:37:55 - ----------------Results----------------
2024-06-07 14:37:55 - time to fit: 158.6 seconds
2024-06-07 14:37:55 - train acc (train err): 0.5340 (0.4660)
2024-06-07 14:37:55 - train log loss: 4.4605
2024-06-07 14:37:55 - train brier score: 0.8767
2024-06-07 14:37:55 - --------Run Number 7--------
2024-06-07 14:44:10 - ----------------Results----------------
2024-06-07 14:44:10 - time to fit: 168.7 seconds
2024-06-07 14:44:10 - train acc (train err): 0.5376 (0.4624)
2024-06-07 14:44:10 - train log loss: 4.5723
2024-06-07 14:44:10 - train brier score: 0.8584
2024-06-07 14:44:10 - --------Run Number 8--------
2024-06-07 14:49:19 - ----------------Results----------------
2024-06-07 14:49:19 - time to fit: 134.9 seconds
2024-06-07 14:49:19 - train acc (train err): 0.5515 (0.4485)
2024-06-07 14:49:19 - train log loss: 4.3526
2024-06-07 14:49:19 - train brier score: 0.8489
2024-06-07 14:49:19 - --------Run Number 9--------
2024-06-07 14:54:11 - ----------------Results----------------
2024-06-07 14:54:11 - time to fit: 119.0 seconds
2024-06-07 14:54:11 - train acc (train err): 0.5443 (0.4557)
2024-06-07 14:54:11 - train log loss: 4.2890
2024-06-07 14:54:11 - train brier score: 0.8478
2024-06-07 14:54:11 - --------Run Number 10--------
2024-06-07 14:59:20 - ----------------Results----------------
2024-06-07 14:59:20 - time to fit: 135.3 seconds
2024-06-07 14:59:20 - train acc (train err): 0.5514 (0.4486)
2024-06-07 14:59:20 - train log loss: 4.3367
2024-06-07 14:59:20 - train brier score: 0.8463
2024-06-07 14:59:20 - ================Aggregated Results================
2024-06-07 14:59:20 - Total number of runs: 10
2024-06-07 14:59:20 - Average time to fit: 148.6 seconds (std: 18.1)
2024-06-07 14:59:20 - train mean acc +- std (mean train err): 0.5442 +- 0.0068 (0.4558)
2024-06-07 14:59:20 - train mean log loss +- std: 4.4250 +- 0.0862
2024-06-07 14:59:20 - train mean brier score +- std: 0.8550 +- 0.0083
