2025-08-06 23:23:09 - ============Running CLL============
2025-08-06 23:23:09 - dataset: semeval
2025-08-06 23:23:09 - --------Run Number 1--------
2025-08-06 23:23:12 - ----------------Results----------------
2025-08-06 23:23:12 - time to fit: 2.8 seconds
2025-08-06 23:23:12 - train acc (train err): 0.8421 (0.1579)
2025-08-06 23:23:12 - train log loss: 2.1714
2025-08-06 23:23:12 - train brier score: 0.3134
2025-08-06 23:23:12 - --------Run Number 2--------
2025-08-06 23:23:15 - ----------------Results----------------
2025-08-06 23:23:15 - time to fit: 2.8 seconds
2025-08-06 23:23:15 - train acc (train err): 0.8421 (0.1579)
2025-08-06 23:23:15 - train log loss: 2.1695
2025-08-06 23:23:15 - train brier score: 0.3133
2025-08-06 23:23:15 - --------Run Number 3--------
2025-08-06 23:23:18 - ----------------Results----------------
2025-08-06 23:23:18 - time to fit: 2.8 seconds
2025-08-06 23:23:18 - train acc (train err): 0.8421 (0.1579)
2025-08-06 23:23:18 - train log loss: 2.1691
2025-08-06 23:23:18 - train brier score: 0.3134
2025-08-06 23:23:18 - --------Run Number 4--------
2025-08-06 23:23:20 - ----------------Results----------------
2025-08-06 23:23:20 - time to fit: 2.8 seconds
2025-08-06 23:23:20 - train acc (train err): 0.8421 (0.1579)
2025-08-06 23:23:20 - train log loss: 2.1665
2025-08-06 23:23:20 - train brier score: 0.3132
2025-08-06 23:23:20 - --------Run Number 5--------
2025-08-06 23:23:23 - ----------------Results----------------
2025-08-06 23:23:23 - time to fit: 2.8 seconds
2025-08-06 23:23:23 - train acc (train err): 0.8421 (0.1579)
2025-08-06 23:23:23 - train log loss: 2.1701
2025-08-06 23:23:23 - train brier score: 0.3133
2025-08-06 23:23:23 - --------Run Number 6--------
2025-08-06 23:23:26 - ----------------Results----------------
2025-08-06 23:23:26 - time to fit: 2.8 seconds
2025-08-06 23:23:26 - train acc (train err): 0.8421 (0.1579)
2025-08-06 23:23:26 - train log loss: 2.1652
2025-08-06 23:23:26 - train brier score: 0.3133
2025-08-06 23:23:26 - --------Run Number 7--------
2025-08-06 23:23:29 - ----------------Results----------------
2025-08-06 23:23:29 - time to fit: 2.8 seconds
2025-08-06 23:23:29 - train acc (train err): 0.8421 (0.1579)
2025-08-06 23:23:29 - train log loss: 2.1683
2025-08-06 23:23:29 - train brier score: 0.3134
2025-08-06 23:23:29 - --------Run Number 8--------
2025-08-06 23:23:31 - ----------------Results----------------
2025-08-06 23:23:31 - time to fit: 2.8 seconds
2025-08-06 23:23:31 - train acc (train err): 0.8421 (0.1579)
2025-08-06 23:23:31 - train log loss: 2.1767
2025-08-06 23:23:31 - train brier score: 0.3135
2025-08-06 23:23:31 - --------Run Number 9--------
2025-08-06 23:23:34 - ----------------Results----------------
2025-08-06 23:23:34 - time to fit: 2.8 seconds
2025-08-06 23:23:34 - train acc (train err): 0.8421 (0.1579)
2025-08-06 23:23:34 - train log loss: 2.1730
2025-08-06 23:23:34 - train brier score: 0.3135
2025-08-06 23:23:34 - --------Run Number 10--------
2025-08-06 23:23:37 - ----------------Results----------------
2025-08-06 23:23:37 - time to fit: 2.8 seconds
2025-08-06 23:23:37 - train acc (train err): 0.8421 (0.1579)
2025-08-06 23:23:37 - train log loss: 2.1728
2025-08-06 23:23:37 - train brier score: 0.3135
2025-08-06 23:23:37 - ================Aggregated Results================
2025-08-06 23:23:37 - Total number of runs: 10
2025-08-06 23:23:37 - Average time to fit: 2.8 seconds (std: 0.0)
2025-08-06 23:23:37 - train mean acc +- std (mean train err): 0.8421 +- 0.0000 (0.1579)
2025-08-06 23:23:37 - train mean log loss +- std: 2.1702 +- 0.0032
2025-08-06 23:23:37 - train mean brier score +- std: 0.3134 +- 0.0001
