2025-08-06 23:22:45 - ============Running CLL============
2025-08-06 23:22:45 - dataset: tennis
2025-08-06 23:22:45 - --------Run Number 1--------
2025-08-06 23:22:45 - ----------------Results----------------
2025-08-06 23:22:45 - time to fit: 0.2 seconds
2025-08-06 23:22:45 - train acc (train err): 0.4801 (0.5199)
2025-08-06 23:22:45 - train log loss: 0.6991
2025-08-06 23:22:45 - train brier score: 0.5099
2025-08-06 23:22:45 - train f1 score: 0.4414
2025-08-06 23:22:45 - --------Run Number 2--------
2025-08-06 23:22:45 - ----------------Results----------------
2025-08-06 23:22:45 - time to fit: 0.2 seconds
2025-08-06 23:22:45 - train acc (train err): 0.3926 (0.6074)
2025-08-06 23:22:45 - train log loss: 0.6983
2025-08-06 23:22:45 - train brier score: 0.5096
2025-08-06 23:22:45 - train f1 score: 0.3805
2025-08-06 23:22:45 - --------Run Number 3--------
2025-08-06 23:22:45 - ----------------Results----------------
2025-08-06 23:22:45 - time to fit: 0.2 seconds
2025-08-06 23:22:45 - train acc (train err): 0.5107 (0.4893)
2025-08-06 23:22:45 - train log loss: 0.7001
2025-08-06 23:22:45 - train brier score: 0.5107
2025-08-06 23:22:45 - train f1 score: 0.3899
2025-08-06 23:22:45 - --------Run Number 4--------
2025-08-06 23:22:46 - ----------------Results----------------
2025-08-06 23:22:46 - time to fit: 0.2 seconds
2025-08-06 23:22:46 - train acc (train err): 0.5664 (0.4336)
2025-08-06 23:22:46 - train log loss: 0.6971
2025-08-06 23:22:46 - train brier score: 0.5077
2025-08-06 23:22:46 - train f1 score: 0.4692
2025-08-06 23:22:46 - --------Run Number 5--------
2025-08-06 23:22:46 - ----------------Results----------------
2025-08-06 23:22:46 - time to fit: 0.2 seconds
2025-08-06 23:22:46 - train acc (train err): 0.5316 (0.4684)
2025-08-06 23:22:46 - train log loss: 0.6981
2025-08-06 23:22:46 - train brier score: 0.5108
2025-08-06 23:22:46 - train f1 score: 0.4759
2025-08-06 23:22:46 - --------Run Number 6--------
2025-08-06 23:22:46 - ----------------Results----------------
2025-08-06 23:22:46 - time to fit: 0.2 seconds
2025-08-06 23:22:46 - train acc (train err): 0.5266 (0.4734)
2025-08-06 23:22:46 - train log loss: 0.6958
2025-08-06 23:22:46 - train brier score: 0.5064
2025-08-06 23:22:46 - train f1 score: 0.4242
2025-08-06 23:22:46 - --------Run Number 7--------
2025-08-06 23:22:46 - ----------------Results----------------
2025-08-06 23:22:46 - time to fit: 0.2 seconds
2025-08-06 23:22:46 - train acc (train err): 0.4868 (0.5132)
2025-08-06 23:22:46 - train log loss: 0.6976
2025-08-06 23:22:46 - train brier score: 0.5074
2025-08-06 23:22:46 - train f1 score: 0.4280
2025-08-06 23:22:46 - --------Run Number 8--------
2025-08-06 23:22:47 - ----------------Results----------------
2025-08-06 23:22:47 - time to fit: 0.2 seconds
2025-08-06 23:22:47 - train acc (train err): 0.5690 (0.4310)
2025-08-06 23:22:47 - train log loss: 0.6951
2025-08-06 23:22:47 - train brier score: 0.5059
2025-08-06 23:22:47 - train f1 score: 0.4722
2025-08-06 23:22:47 - --------Run Number 9--------
2025-08-06 23:22:47 - ----------------Results----------------
2025-08-06 23:22:47 - time to fit: 0.2 seconds
2025-08-06 23:22:47 - train acc (train err): 0.4635 (0.5365)
2025-08-06 23:22:47 - train log loss: 0.6976
2025-08-06 23:22:47 - train brier score: 0.5079
2025-08-06 23:22:47 - train f1 score: 0.3531
2025-08-06 23:22:47 - --------Run Number 10--------
2025-08-06 23:22:47 - ----------------Results----------------
2025-08-06 23:22:47 - time to fit: 0.2 seconds
2025-08-06 23:22:47 - train acc (train err): 0.4647 (0.5353)
2025-08-06 23:22:47 - train log loss: 0.6967
2025-08-06 23:22:47 - train brier score: 0.5075
2025-08-06 23:22:47 - train f1 score: 0.3971
2025-08-06 23:22:47 - ================Aggregated Results================
2025-08-06 23:22:47 - Total number of runs: 10
2025-08-06 23:22:47 - Average time to fit: 0.2 seconds (std: 0.0)
2025-08-06 23:22:47 - train mean acc +- std (mean train err): 0.4992 +- 0.0507 (0.5008)
2025-08-06 23:22:47 - train mean log loss +- std: 0.6976 +- 0.0014
2025-08-06 23:22:47 - train mean brier score +- std: 0.5084 +- 0.0017
2025-08-06 23:22:47 - train mean f1 score +- std: 0.4231 +- 0.0402
