2024-06-07 17:54:10 - ============Running MeTaL============
2024-06-07 17:54:10 - dataset: commercial
2024-06-07 17:54:10 - --------Run Number 1--------
2024-06-07 17:54:11 - ----------------Results----------------
2024-06-07 17:54:11 - time to fit: 0.4 seconds
2024-06-07 17:54:11 - train acc (train err): 0.8979 (0.1021)
2024-06-07 17:54:11 - train log loss: 0.3667
2024-06-07 17:54:11 - train brier score: 0.1678
2024-06-07 17:54:11 - train f1 score: 0.7862
2024-06-07 17:54:11 - --------Run Number 2--------
2024-06-07 17:54:12 - ----------------Results----------------
2024-06-07 17:54:12 - time to fit: 0.4 seconds
2024-06-07 17:54:12 - train acc (train err): 0.8979 (0.1021)
2024-06-07 17:54:12 - train log loss: 0.3672
2024-06-07 17:54:12 - train brier score: 0.1680
2024-06-07 17:54:12 - train f1 score: 0.7862
2024-06-07 17:54:12 - --------Run Number 3--------
2024-06-07 17:54:12 - ----------------Results----------------
2024-06-07 17:54:12 - time to fit: 0.4 seconds
2024-06-07 17:54:12 - train acc (train err): 0.8979 (0.1021)
2024-06-07 17:54:12 - train log loss: 0.3672
2024-06-07 17:54:12 - train brier score: 0.1680
2024-06-07 17:54:12 - train f1 score: 0.7862
2024-06-07 17:54:12 - --------Run Number 4--------
2024-06-07 17:54:13 - ----------------Results----------------
2024-06-07 17:54:13 - time to fit: 0.4 seconds
2024-06-07 17:54:13 - train acc (train err): 0.8979 (0.1021)
2024-06-07 17:54:13 - train log loss: 0.3670
2024-06-07 17:54:13 - train brier score: 0.1679
2024-06-07 17:54:13 - train f1 score: 0.7862
2024-06-07 17:54:13 - --------Run Number 5--------
2024-06-07 17:54:14 - ----------------Results----------------
2024-06-07 17:54:14 - time to fit: 0.4 seconds
2024-06-07 17:54:14 - train acc (train err): 0.8979 (0.1021)
2024-06-07 17:54:14 - train log loss: 0.3672
2024-06-07 17:54:14 - train brier score: 0.1680
2024-06-07 17:54:14 - train f1 score: 0.7862
2024-06-07 17:54:14 - --------Run Number 6--------
2024-06-07 17:54:14 - ----------------Results----------------
2024-06-07 17:54:14 - time to fit: 0.4 seconds
2024-06-07 17:54:14 - train acc (train err): 0.8979 (0.1021)
2024-06-07 17:54:14 - train log loss: 0.3671
2024-06-07 17:54:14 - train brier score: 0.1680
2024-06-07 17:54:14 - train f1 score: 0.7862
2024-06-07 17:54:14 - --------Run Number 7--------
2024-06-07 17:54:15 - ----------------Results----------------
2024-06-07 17:54:15 - time to fit: 0.4 seconds
2024-06-07 17:54:15 - train acc (train err): 0.8979 (0.1021)
2024-06-07 17:54:15 - train log loss: 0.3654
2024-06-07 17:54:15 - train brier score: 0.1674
2024-06-07 17:54:15 - train f1 score: 0.7862
2024-06-07 17:54:15 - --------Run Number 8--------
2024-06-07 17:54:16 - ----------------Results----------------
2024-06-07 17:54:16 - time to fit: 0.4 seconds
2024-06-07 17:54:16 - train acc (train err): 0.8979 (0.1021)
2024-06-07 17:54:16 - train log loss: 0.3672
2024-06-07 17:54:16 - train brier score: 0.1680
2024-06-07 17:54:16 - train f1 score: 0.7862
2024-06-07 17:54:16 - --------Run Number 9--------
2024-06-07 17:54:17 - ----------------Results----------------
2024-06-07 17:54:17 - time to fit: 0.4 seconds
2024-06-07 17:54:17 - train acc (train err): 0.8979 (0.1021)
2024-06-07 17:54:17 - train log loss: 0.3671
2024-06-07 17:54:17 - train brier score: 0.1679
2024-06-07 17:54:17 - train f1 score: 0.7862
2024-06-07 17:54:17 - --------Run Number 10--------
2024-06-07 17:54:17 - ----------------Results----------------
2024-06-07 17:54:17 - time to fit: 0.4 seconds
2024-06-07 17:54:17 - train acc (train err): 0.8979 (0.1021)
2024-06-07 17:54:17 - train log loss: 0.3657
2024-06-07 17:54:17 - train brier score: 0.1675
2024-06-07 17:54:17 - train f1 score: 0.7862
2024-06-07 17:54:17 - ================Aggregated Results================
2024-06-07 17:54:17 - Total number of runs: 10
2024-06-07 17:54:17 - Average time to fit: 0.4 seconds (std: 0.0)
2024-06-07 17:54:17 - train mean acc +- std (mean train err): 0.8979 +- 0.0000 (0.1021)
2024-06-07 17:54:17 - train mean log loss +- std: 0.3668 +- 0.0006
2024-06-07 17:54:17 - train mean brier score +- std: 0.1678 +- 0.0002
2024-06-07 17:54:17 - train mean f1 score +- std: 0.7862 +- 0.0000
