2025-08-06 23:21:53 - ============Running CLL============
2025-08-06 23:21:53 - dataset: sms
2025-08-06 23:21:53 - --------Run Number 1--------
2025-08-06 23:21:54 - ----------------Results----------------
2025-08-06 23:21:54 - time to fit: 0.7 seconds
2025-08-06 23:21:54 - train acc (train err): 0.9386 (0.0614)
2025-08-06 23:21:54 - train log loss: 0.8063
2025-08-06 23:21:54 - train brier score: 0.1208
2025-08-06 23:21:54 - train f1 score: 0.7883
2025-08-06 23:21:54 - --------Run Number 2--------
2025-08-06 23:21:55 - ----------------Results----------------
2025-08-06 23:21:55 - time to fit: 0.7 seconds
2025-08-06 23:21:55 - train acc (train err): 0.9386 (0.0614)
2025-08-06 23:21:55 - train log loss: 0.8322
2025-08-06 23:21:55 - train brier score: 0.1207
2025-08-06 23:21:55 - train f1 score: 0.7883
2025-08-06 23:21:55 - --------Run Number 3--------
2025-08-06 23:21:56 - ----------------Results----------------
2025-08-06 23:21:56 - time to fit: 0.7 seconds
2025-08-06 23:21:56 - train acc (train err): 0.9386 (0.0614)
2025-08-06 23:21:56 - train log loss: 0.8333
2025-08-06 23:21:56 - train brier score: 0.1208
2025-08-06 23:21:56 - train f1 score: 0.7883
2025-08-06 23:21:56 - --------Run Number 4--------
2025-08-06 23:21:56 - ----------------Results----------------
2025-08-06 23:21:56 - time to fit: 0.7 seconds
2025-08-06 23:21:56 - train acc (train err): 0.9386 (0.0614)
2025-08-06 23:21:56 - train log loss: 0.8224
2025-08-06 23:21:56 - train brier score: 0.1205
2025-08-06 23:21:56 - train f1 score: 0.7883
2025-08-06 23:21:56 - --------Run Number 5--------
2025-08-06 23:21:57 - ----------------Results----------------
2025-08-06 23:21:57 - time to fit: 0.7 seconds
2025-08-06 23:21:57 - train acc (train err): 0.9386 (0.0614)
2025-08-06 23:21:57 - train log loss: 0.8067
2025-08-06 23:21:57 - train brier score: 0.1207
2025-08-06 23:21:57 - train f1 score: 0.7883
2025-08-06 23:21:57 - --------Run Number 6--------
2025-08-06 23:21:58 - ----------------Results----------------
2025-08-06 23:21:58 - time to fit: 0.7 seconds
2025-08-06 23:21:58 - train acc (train err): 0.9386 (0.0614)
2025-08-06 23:21:58 - train log loss: 0.7998
2025-08-06 23:21:58 - train brier score: 0.1207
2025-08-06 23:21:58 - train f1 score: 0.7883
2025-08-06 23:21:58 - --------Run Number 7--------
2025-08-06 23:21:58 - ----------------Results----------------
2025-08-06 23:21:58 - time to fit: 0.7 seconds
2025-08-06 23:21:58 - train acc (train err): 0.9386 (0.0614)
2025-08-06 23:21:58 - train log loss: 0.8331
2025-08-06 23:21:58 - train brier score: 0.1208
2025-08-06 23:21:58 - train f1 score: 0.7883
2025-08-06 23:21:58 - --------Run Number 8--------
2025-08-06 23:21:59 - ----------------Results----------------
2025-08-06 23:21:59 - time to fit: 0.7 seconds
2025-08-06 23:21:59 - train acc (train err): 0.9386 (0.0614)
2025-08-06 23:21:59 - train log loss: 0.8302
2025-08-06 23:21:59 - train brier score: 0.1207
2025-08-06 23:21:59 - train f1 score: 0.7883
2025-08-06 23:21:59 - --------Run Number 9--------
2025-08-06 23:22:00 - ----------------Results----------------
2025-08-06 23:22:00 - time to fit: 0.7 seconds
2025-08-06 23:22:00 - train acc (train err): 0.9386 (0.0614)
2025-08-06 23:22:00 - train log loss: 0.8056
2025-08-06 23:22:00 - train brier score: 0.1208
2025-08-06 23:22:00 - train f1 score: 0.7883
2025-08-06 23:22:00 - --------Run Number 10--------
2025-08-06 23:22:01 - ----------------Results----------------
2025-08-06 23:22:01 - time to fit: 0.7 seconds
2025-08-06 23:22:01 - train acc (train err): 0.9386 (0.0614)
2025-08-06 23:22:01 - train log loss: 0.8350
2025-08-06 23:22:01 - train brier score: 0.1208
2025-08-06 23:22:01 - train f1 score: 0.7883
2025-08-06 23:22:01 - ================Aggregated Results================
2025-08-06 23:22:01 - Total number of runs: 10
2025-08-06 23:22:01 - Average time to fit: 0.7 seconds (std: 0.0)
2025-08-06 23:22:01 - train mean acc +- std (mean train err): 0.9386 +- 0.0000 (0.0614)
2025-08-06 23:22:01 - train mean log loss +- std: 0.8205 +- 0.0134
2025-08-06 23:22:01 - train mean brier score +- std: 0.1207 +- 0.0001
2025-08-06 23:22:01 - train mean f1 score +- std: 0.7883 +- 0.0000
