2024-06-08 12:40:54 - ============Running Denoise============
2024-06-08 12:40:54 - dataset: yelp
2024-06-08 12:40:55 - --------Run Number 1--------
2024-06-08 12:41:25 - ----------------Results----------------
2024-06-08 12:41:25 - time to fit: 28.5 seconds
2024-06-08 12:41:25 - train acc (train err): 0.7684 (0.2316)
2024-06-08 12:41:25 - train log loss: 0.4510
2024-06-08 12:41:25 - train brier score: 0.2993
2024-06-08 12:41:25 - train f1 score: 0.8203
2024-06-08 12:41:25 - --------Run Number 2--------
2024-06-08 12:41:54 - ----------------Results----------------
2024-06-08 12:41:54 - time to fit: 28.1 seconds
2024-06-08 12:41:54 - train acc (train err): 0.7604 (0.2396)
2024-06-08 12:41:54 - train log loss: 0.4600
2024-06-08 12:41:54 - train brier score: 0.3053
2024-06-08 12:41:54 - train f1 score: 0.8144
2024-06-08 12:41:54 - --------Run Number 3--------
2024-06-08 12:42:24 - ----------------Results----------------
2024-06-08 12:42:24 - time to fit: 28.9 seconds
2024-06-08 12:42:24 - train acc (train err): 0.6943 (0.3057)
2024-06-08 12:42:24 - train log loss: 0.5312
2024-06-08 12:42:24 - train brier score: 0.3696
2024-06-08 12:42:24 - train f1 score: 0.7773
2024-06-08 12:42:24 - --------Run Number 4--------
2024-06-08 12:42:54 - ----------------Results----------------
2024-06-08 12:42:54 - time to fit: 28.0 seconds
2024-06-08 12:42:54 - train acc (train err): 0.7719 (0.2281)
2024-06-08 12:42:54 - train log loss: 0.4371
2024-06-08 12:42:54 - train brier score: 0.2885
2024-06-08 12:42:54 - train f1 score: 0.8229
2024-06-08 12:42:54 - --------Run Number 5--------
2024-06-08 12:43:24 - ----------------Results----------------
2024-06-08 12:43:24 - time to fit: 28.3 seconds
2024-06-08 12:43:24 - train acc (train err): 0.7302 (0.2698)
2024-06-08 12:43:24 - train log loss: 0.5042
2024-06-08 12:43:24 - train brier score: 0.3431
2024-06-08 12:43:24 - train f1 score: 0.7973
2024-06-08 12:43:24 - --------Run Number 6--------
2024-06-08 12:43:53 - ----------------Results----------------
2024-06-08 12:43:53 - time to fit: 28.4 seconds
2024-06-08 12:43:53 - train acc (train err): 0.7580 (0.2420)
2024-06-08 12:43:53 - train log loss: 0.4590
2024-06-08 12:43:53 - train brier score: 0.3085
2024-06-08 12:43:53 - train f1 score: 0.8143
2024-06-08 12:43:53 - --------Run Number 7--------
2024-06-08 12:44:23 - ----------------Results----------------
2024-06-08 12:44:23 - time to fit: 27.8 seconds
2024-06-08 12:44:23 - train acc (train err): 0.7680 (0.2320)
2024-06-08 12:44:23 - train log loss: 0.4500
2024-06-08 12:44:23 - train brier score: 0.2970
2024-06-08 12:44:23 - train f1 score: 0.8199
2024-06-08 12:44:23 - --------Run Number 8--------
2024-06-08 12:44:52 - ----------------Results----------------
2024-06-08 12:44:52 - time to fit: 27.8 seconds
2024-06-08 12:44:52 - train acc (train err): 0.7642 (0.2358)
2024-06-08 12:44:52 - train log loss: 0.4446
2024-06-08 12:44:52 - train brier score: 0.2983
2024-06-08 12:44:52 - train f1 score: 0.8182
2024-06-08 12:44:52 - --------Run Number 9--------
2024-06-08 12:45:21 - ----------------Results----------------
2024-06-08 12:45:21 - time to fit: 28.3 seconds
2024-06-08 12:45:21 - train acc (train err): 0.7515 (0.2485)
2024-06-08 12:45:21 - train log loss: 0.4802
2024-06-08 12:45:21 - train brier score: 0.3232
2024-06-08 12:45:21 - train f1 score: 0.8104
2024-06-08 12:45:21 - --------Run Number 10--------
2024-06-08 12:45:51 - ----------------Results----------------
2024-06-08 12:45:51 - time to fit: 28.5 seconds
2024-06-08 12:45:51 - train acc (train err): 0.7374 (0.2626)
2024-06-08 12:45:51 - train log loss: 0.4856
2024-06-08 12:45:51 - train brier score: 0.3291
2024-06-08 12:45:51 - train f1 score: 0.8018
2024-06-08 12:45:51 - ================Aggregated Results================
2024-06-08 12:45:51 - Total number of runs: 10
2024-06-08 12:45:51 - Average time to fit: 28.3 seconds (std: 0.3)
2024-06-08 12:45:51 - train mean acc +- std (mean train err): 0.7504 +- 0.0227 (0.2496)
2024-06-08 12:45:51 - train mean log loss +- std: 0.4703 +- 0.0282
2024-06-08 12:45:51 - train mean brier score +- std: 0.3162 +- 0.0239
2024-06-08 12:45:51 - train mean f1 score +- std: 0.8097 +- 0.0133
