2025-08-07 01:26:44 - ============Running CLL============
2025-08-07 01:26:44 - dataset: commercial
2025-08-07 01:26:44 - --------Run Number 1--------
2025-08-07 01:26:45 - ----------------Results----------------
2025-08-07 01:26:45 - time to fit: 1.3 seconds
2025-08-07 01:26:45 - train acc (train err): 0.9079 (0.0921)
2025-08-07 01:26:45 - train log loss: 0.9273
2025-08-07 01:26:45 - train brier score: 0.1398
2025-08-07 01:26:45 - train f1 score: 0.8495
2025-08-07 01:26:45 - --------Run Number 2--------
2025-08-07 01:26:47 - ----------------Results----------------
2025-08-07 01:26:47 - time to fit: 1.3 seconds
2025-08-07 01:26:47 - train acc (train err): 0.9072 (0.0928)
2025-08-07 01:26:47 - train log loss: 0.9287
2025-08-07 01:26:47 - train brier score: 0.1396
2025-08-07 01:26:47 - train f1 score: 0.8483
2025-08-07 01:26:47 - --------Run Number 3--------
2025-08-07 01:26:48 - ----------------Results----------------
2025-08-07 01:26:48 - time to fit: 1.3 seconds
2025-08-07 01:26:48 - train acc (train err): 0.9069 (0.0931)
2025-08-07 01:26:48 - train log loss: 0.9300
2025-08-07 01:26:48 - train brier score: 0.1399
2025-08-07 01:26:48 - train f1 score: 0.8480
2025-08-07 01:26:48 - --------Run Number 4--------
2025-08-07 01:26:50 - ----------------Results----------------
2025-08-07 01:26:50 - time to fit: 1.3 seconds
2025-08-07 01:26:50 - train acc (train err): 0.9077 (0.0923)
2025-08-07 01:26:50 - train log loss: 0.9289
2025-08-07 01:26:50 - train brier score: 0.1391
2025-08-07 01:26:50 - train f1 score: 0.8492
2025-08-07 01:26:50 - --------Run Number 5--------
2025-08-07 01:26:51 - ----------------Results----------------
2025-08-07 01:26:51 - time to fit: 1.3 seconds
2025-08-07 01:26:51 - train acc (train err): 0.9070 (0.0930)
2025-08-07 01:26:51 - train log loss: 0.9304
2025-08-07 01:26:51 - train brier score: 0.1393
2025-08-07 01:26:51 - train f1 score: 0.8482
2025-08-07 01:26:51 - --------Run Number 6--------
2025-08-07 01:26:53 - ----------------Results----------------
2025-08-07 01:26:53 - time to fit: 1.3 seconds
2025-08-07 01:26:53 - train acc (train err): 0.9071 (0.0929)
2025-08-07 01:26:53 - train log loss: 0.9272
2025-08-07 01:26:53 - train brier score: 0.1394
2025-08-07 01:26:53 - train f1 score: 0.8485
2025-08-07 01:26:53 - --------Run Number 7--------
2025-08-07 01:26:54 - ----------------Results----------------
2025-08-07 01:26:54 - time to fit: 1.3 seconds
2025-08-07 01:26:54 - train acc (train err): 0.9073 (0.0927)
2025-08-07 01:26:54 - train log loss: 0.9298
2025-08-07 01:26:54 - train brier score: 0.1391
2025-08-07 01:26:54 - train f1 score: 0.8488
2025-08-07 01:26:54 - --------Run Number 8--------
2025-08-07 01:26:56 - ----------------Results----------------
2025-08-07 01:26:56 - time to fit: 1.4 seconds
2025-08-07 01:26:56 - train acc (train err): 0.9070 (0.0930)
2025-08-07 01:26:56 - train log loss: 0.9243
2025-08-07 01:26:56 - train brier score: 0.1397
2025-08-07 01:26:56 - train f1 score: 0.8482
2025-08-07 01:26:56 - --------Run Number 9--------
2025-08-07 01:26:57 - ----------------Results----------------
2025-08-07 01:26:57 - time to fit: 1.4 seconds
2025-08-07 01:26:57 - train acc (train err): 0.9069 (0.0931)
2025-08-07 01:26:58 - train log loss: 0.9247
2025-08-07 01:26:58 - train brier score: 0.1398
2025-08-07 01:26:58 - train f1 score: 0.8480
2025-08-07 01:26:58 - --------Run Number 10--------
2025-08-07 01:26:59 - ----------------Results----------------
2025-08-07 01:26:59 - time to fit: 1.3 seconds
2025-08-07 01:26:59 - train acc (train err): 0.9069 (0.0931)
2025-08-07 01:26:59 - train log loss: 0.9302
2025-08-07 01:26:59 - train brier score: 0.1395
2025-08-07 01:26:59 - train f1 score: 0.8481
2025-08-07 01:26:59 - ================Aggregated Results================
2025-08-07 01:26:59 - Total number of runs: 10
2025-08-07 01:26:59 - Average time to fit: 1.3 seconds (std: 0.0)
2025-08-07 01:26:59 - train mean acc +- std (mean train err): 0.9072 +- 0.0003 (0.0928)
2025-08-07 01:26:59 - train mean log loss +- std: 0.9281 +- 0.0021
2025-08-07 01:26:59 - train mean brier score +- std: 0.1395 +- 0.0003
2025-08-07 01:26:59 - train mean f1 score +- std: 0.8485 +- 0.0005
