2024-06-07 18:22:18 - ------------Running EBCC------------
2024-06-07 18:22:18 - dataset: youtube
2024-06-07 18:22:18 - empirical class prior: True
2024-06-07 18:22:18 - --------Run Number 1--------
2024-06-07 18:22:22 - ================Results================
2024-06-07 18:22:22 - time to fit: 4.0 seconds
2024-06-07 18:22:22 - train acc (train err): 0.4569 (0.5431)
2024-06-07 18:22:22 - train log loss: 0.7202
2024-06-07 18:22:22 - train brier score: 0.5268
2024-06-07 18:22:22 - train f1 score: 0.0000
2024-06-07 18:22:22 - --------Run Number 2--------
2024-06-07 18:22:26 - ================Results================
2024-06-07 18:22:26 - time to fit: 4.1 seconds
2024-06-07 18:22:26 - train acc (train err): 0.4569 (0.5431)
2024-06-07 18:22:26 - train log loss: 0.7202
2024-06-07 18:22:26 - train brier score: 0.5269
2024-06-07 18:22:26 - train f1 score: 0.0000
2024-06-07 18:22:26 - --------Run Number 3--------
2024-06-07 18:22:30 - ================Results================
2024-06-07 18:22:30 - time to fit: 4.0 seconds
2024-06-07 18:22:30 - train acc (train err): 0.4569 (0.5431)
2024-06-07 18:22:30 - train log loss: 0.7201
2024-06-07 18:22:30 - train brier score: 0.5268
2024-06-07 18:22:30 - train f1 score: 0.0000
2024-06-07 18:22:30 - --------Run Number 4--------
2024-06-07 18:22:34 - ================Results================
2024-06-07 18:22:34 - time to fit: 4.1 seconds
2024-06-07 18:22:34 - train acc (train err): 0.4569 (0.5431)
2024-06-07 18:22:34 - train log loss: 0.7202
2024-06-07 18:22:34 - train brier score: 0.5268
2024-06-07 18:22:34 - train f1 score: 0.0000
2024-06-07 18:22:34 - --------Run Number 5--------
2024-06-07 18:22:39 - ================Results================
2024-06-07 18:22:39 - time to fit: 4.1 seconds
2024-06-07 18:22:39 - train acc (train err): 0.4569 (0.5431)
2024-06-07 18:22:39 - train log loss: 0.7202
2024-06-07 18:22:39 - train brier score: 0.5268
2024-06-07 18:22:39 - train f1 score: 0.0000
2024-06-07 18:22:39 - --------Run Number 6--------
2024-06-07 18:22:43 - ================Results================
2024-06-07 18:22:43 - time to fit: 4.2 seconds
2024-06-07 18:22:43 - train acc (train err): 0.4569 (0.5431)
2024-06-07 18:22:43 - train log loss: 0.7202
2024-06-07 18:22:43 - train brier score: 0.5268
2024-06-07 18:22:43 - train f1 score: 0.0000
2024-06-07 18:22:43 - --------Run Number 7--------
2024-06-07 18:22:47 - ================Results================
2024-06-07 18:22:47 - time to fit: 4.1 seconds
2024-06-07 18:22:47 - train acc (train err): 0.4569 (0.5431)
2024-06-07 18:22:47 - train log loss: 0.7202
2024-06-07 18:22:47 - train brier score: 0.5268
2024-06-07 18:22:47 - train f1 score: 0.0000
2024-06-07 18:22:47 - --------Run Number 8--------
2024-06-07 18:22:51 - ================Results================
2024-06-07 18:22:51 - time to fit: 4.1 seconds
2024-06-07 18:22:51 - train acc (train err): 0.4569 (0.5431)
2024-06-07 18:22:51 - train log loss: 0.7201
2024-06-07 18:22:51 - train brier score: 0.5267
2024-06-07 18:22:51 - train f1 score: 0.0000
2024-06-07 18:22:51 - --------Run Number 9--------
2024-06-07 18:22:55 - ================Results================
2024-06-07 18:22:55 - time to fit: 4.2 seconds
2024-06-07 18:22:55 - train acc (train err): 0.4569 (0.5431)
2024-06-07 18:22:55 - train log loss: 0.7202
2024-06-07 18:22:55 - train brier score: 0.5268
2024-06-07 18:22:55 - train f1 score: 0.0000
2024-06-07 18:22:55 - --------Run Number 10--------
2024-06-07 18:23:00 - ================Results================
2024-06-07 18:23:00 - time to fit: 4.1 seconds
2024-06-07 18:23:00 - train acc (train err): 0.4569 (0.5431)
2024-06-07 18:23:00 - train log loss: 0.7202
2024-06-07 18:23:00 - train brier score: 0.5269
2024-06-07 18:23:00 - train f1 score: 0.0000
2024-06-07 18:23:00 - ================Aggregated Results================
2024-06-07 18:23:00 - Total number of runs: 10
2024-06-07 18:23:00 - Average time to fit: 4.1 seconds (std: 0.1)
2024-06-07 18:23:00 - train mean acc +- std (mean train err): 0.4569 +- 0.0000 (0.5431)
2024-06-07 18:23:00 - train mean log loss +- std: 0.7202 +- 0.0000
2024-06-07 18:23:00 - train mean brier score +- std: 0.5268 +- 0.0000
2024-06-07 18:23:00 - train mean f1 score +- std: 0.0000 +- 0.0000
