2024-06-07 22:54:34 - ============Running WeaSEL============
2024-06-07 22:54:34 - dataset: chemprot
2024-06-07 22:54:35 - --------Run Number 1--------
2024-06-07 22:55:18 - ----------------Results----------------
2024-06-07 22:55:18 - time to fit: 42.5 seconds
2024-06-07 22:55:18 - train acc (train err): 0.1880 (0.8120)
2024-06-07 22:55:18 - train log loss: 2.3022
2024-06-07 22:55:18 - train brier score: 0.8999
2024-06-07 22:55:18 - --------Run Number 2--------
2024-06-07 22:56:00 - ----------------Results----------------
2024-06-07 22:56:00 - time to fit: 41.9 seconds
2024-06-07 22:56:00 - train acc (train err): 0.2099 (0.7901)
2024-06-07 22:56:00 - train log loss: 2.3020
2024-06-07 22:56:00 - train brier score: 0.8999
2024-06-07 22:56:00 - --------Run Number 3--------
2024-06-07 22:56:42 - ----------------Results----------------
2024-06-07 22:56:42 - time to fit: 41.8 seconds
2024-06-07 22:56:42 - train acc (train err): 0.1842 (0.8158)
2024-06-07 22:56:42 - train log loss: 2.3019
2024-06-07 22:56:42 - train brier score: 0.8999
2024-06-07 22:56:42 - --------Run Number 4--------
2024-06-07 22:57:25 - ----------------Results----------------
2024-06-07 22:57:25 - time to fit: 41.8 seconds
2024-06-07 22:57:25 - train acc (train err): 0.3337 (0.6663)
2024-06-07 22:57:25 - train log loss: 2.3016
2024-06-07 22:57:25 - train brier score: 0.8998
2024-06-07 22:57:25 - --------Run Number 5--------
2024-06-07 22:58:07 - ----------------Results----------------
2024-06-07 22:58:07 - time to fit: 41.9 seconds
2024-06-07 22:58:07 - train acc (train err): 0.1928 (0.8072)
2024-06-07 22:58:07 - train log loss: 2.3021
2024-06-07 22:58:07 - train brier score: 0.8999
2024-06-07 22:58:07 - --------Run Number 6--------
2024-06-07 22:58:50 - ----------------Results----------------
2024-06-07 22:58:50 - time to fit: 41.9 seconds
2024-06-07 22:58:50 - train acc (train err): 0.2005 (0.7995)
2024-06-07 22:58:50 - train log loss: 2.3021
2024-06-07 22:58:50 - train brier score: 0.8999
2024-06-07 22:58:50 - --------Run Number 7--------
2024-06-07 22:59:33 - ----------------Results----------------
2024-06-07 22:59:33 - time to fit: 42.3 seconds
2024-06-07 22:59:33 - train acc (train err): 0.1774 (0.8226)
2024-06-07 22:59:33 - train log loss: 2.3023
2024-06-07 22:59:33 - train brier score: 0.8999
2024-06-07 22:59:33 - --------Run Number 8--------
2024-06-07 23:00:15 - ----------------Results----------------
2024-06-07 23:00:15 - time to fit: 42.1 seconds
2024-06-07 23:00:15 - train acc (train err): 0.1542 (0.8458)
2024-06-07 23:00:15 - train log loss: 2.3018
2024-06-07 23:00:15 - train brier score: 0.8998
2024-06-07 23:00:15 - --------Run Number 9--------
2024-06-07 23:00:57 - ----------------Results----------------
2024-06-07 23:00:57 - time to fit: 41.7 seconds
2024-06-07 23:00:57 - train acc (train err): 0.2487 (0.7513)
2024-06-07 23:00:57 - train log loss: 2.3014
2024-06-07 23:00:57 - train brier score: 0.8998
2024-06-07 23:00:57 - --------Run Number 10--------
2024-06-07 23:01:40 - ----------------Results----------------
2024-06-07 23:01:40 - time to fit: 42.2 seconds
2024-06-07 23:01:40 - train acc (train err): 0.2520 (0.7480)
2024-06-07 23:01:40 - train log loss: 2.3017
2024-06-07 23:01:40 - train brier score: 0.8998
2024-06-07 23:01:40 - ================Aggregated Results================
2024-06-07 23:01:40 - Total number of runs: 10
2024-06-07 23:01:40 - Average time to fit: 42.0 seconds (std: 0.2)
2024-06-07 23:01:40 - train mean acc +- std (mean train err): 0.2141 +- 0.0491 (0.7859)
2024-06-07 23:01:40 - train mean log loss +- std: 2.3019 +- 0.0003
2024-06-07 23:01:40 - train mean brier score +- std: 0.8999 +- 0.0001
