2024-06-08 14:46:25 - ============Running Denoise============
2024-06-08 14:46:25 - dataset: semeval
2024-06-08 14:46:25 - --------Run Number 1--------
2024-06-08 14:47:23 - ----------------Results----------------
2024-06-08 14:47:23 - time to fit: 57.5 seconds
2024-06-08 14:47:23 - train acc (train err): 0.7353 (0.2647)
2024-06-08 14:47:23 - train log loss: 2.0755
2024-06-08 14:47:23 - train brier score: 0.5279
2024-06-08 14:47:23 - --------Run Number 2--------
2024-06-08 14:48:27 - ----------------Results----------------
2024-06-08 14:48:27 - time to fit: 63.9 seconds
2024-06-08 14:48:27 - train acc (train err): 0.7353 (0.2647)
2024-06-08 14:48:27 - train log loss: 2.0970
2024-06-08 14:48:27 - train brier score: 0.5280
2024-06-08 14:48:27 - --------Run Number 3--------
2024-06-08 14:49:27 - ----------------Results----------------
2024-06-08 14:49:27 - time to fit: 60.0 seconds
2024-06-08 14:49:27 - train acc (train err): 0.7353 (0.2647)
2024-06-08 14:49:27 - train log loss: 2.0786
2024-06-08 14:49:27 - train brier score: 0.5278
2024-06-08 14:49:27 - --------Run Number 4--------
2024-06-08 14:50:24 - ----------------Results----------------
2024-06-08 14:50:24 - time to fit: 56.9 seconds
2024-06-08 14:50:24 - train acc (train err): 0.7353 (0.2647)
2024-06-08 14:50:24 - train log loss: 2.1330
2024-06-08 14:50:24 - train brier score: 0.5280
2024-06-08 14:50:24 - --------Run Number 5--------
2024-06-08 14:51:24 - ----------------Results----------------
2024-06-08 14:51:24 - time to fit: 59.5 seconds
2024-06-08 14:51:24 - train acc (train err): 0.7353 (0.2647)
2024-06-08 14:51:24 - train log loss: 2.0530
2024-06-08 14:51:24 - train brier score: 0.5279
2024-06-08 14:51:24 - --------Run Number 6--------
2024-06-08 14:52:21 - ----------------Results----------------
2024-06-08 14:52:21 - time to fit: 57.0 seconds
2024-06-08 14:52:21 - train acc (train err): 0.7353 (0.2647)
2024-06-08 14:52:21 - train log loss: 2.0946
2024-06-08 14:52:21 - train brier score: 0.5279
2024-06-08 14:52:21 - --------Run Number 7--------
2024-06-08 14:53:21 - ----------------Results----------------
2024-06-08 14:53:21 - time to fit: 59.4 seconds
2024-06-08 14:53:21 - train acc (train err): 0.7353 (0.2647)
2024-06-08 14:53:21 - train log loss: 2.1097
2024-06-08 14:53:21 - train brier score: 0.5280
2024-06-08 14:53:21 - --------Run Number 8--------
2024-06-08 14:54:17 - ----------------Results----------------
2024-06-08 14:54:17 - time to fit: 56.4 seconds
2024-06-08 14:54:17 - train acc (train err): 0.7353 (0.2647)
2024-06-08 14:54:17 - train log loss: 2.0820
2024-06-08 14:54:17 - train brier score: 0.5280
2024-06-08 14:54:17 - --------Run Number 9--------
2024-06-08 14:55:12 - ----------------Results----------------
2024-06-08 14:55:12 - time to fit: 54.4 seconds
2024-06-08 14:55:12 - train acc (train err): 0.7353 (0.2647)
2024-06-08 14:55:12 - train log loss: 2.0914
2024-06-08 14:55:12 - train brier score: 0.5279
2024-06-08 14:55:12 - --------Run Number 10--------
2024-06-08 14:56:11 - ----------------Results----------------
2024-06-08 14:56:11 - time to fit: 58.7 seconds
2024-06-08 14:56:11 - train acc (train err): 0.7353 (0.2647)
2024-06-08 14:56:11 - train log loss: 2.0558
2024-06-08 14:56:11 - train brier score: 0.5277
2024-06-08 14:56:11 - ================Aggregated Results================
2024-06-08 14:56:11 - Total number of runs: 10
2024-06-08 14:56:11 - Average time to fit: 58.4 seconds (std: 2.4)
2024-06-08 14:56:11 - train mean acc +- std (mean train err): 0.7353 +- 0.0000 (0.2647)
2024-06-08 14:56:11 - train mean log loss +- std: 2.0871 +- 0.0227
2024-06-08 14:56:11 - train mean brier score +- std: 0.5279 +- 0.0001
