2024-06-08 12:25:17 - ============Running Denoise============
2024-06-08 12:25:17 - dataset: youtube
2024-06-08 12:25:17 - --------Run Number 1--------
2024-06-08 12:25:44 - ----------------Results----------------
2024-06-08 12:25:44 - time to fit: 26.8 seconds
2024-06-08 12:25:44 - train acc (train err): 0.8106 (0.1894)
2024-06-08 12:25:44 - train log loss: 0.7419
2024-06-08 12:25:44 - train brier score: 0.3399
2024-06-08 12:25:44 - train f1 score: 0.7939
2024-06-08 12:25:44 - --------Run Number 2--------
2024-06-08 12:26:11 - ----------------Results----------------
2024-06-08 12:26:11 - time to fit: 27.0 seconds
2024-06-08 12:26:11 - train acc (train err): 0.8117 (0.1883)
2024-06-08 12:26:11 - train log loss: 0.7145
2024-06-08 12:26:11 - train brier score: 0.3366
2024-06-08 12:26:11 - train f1 score: 0.7953
2024-06-08 12:26:11 - --------Run Number 3--------
2024-06-08 12:26:39 - ----------------Results----------------
2024-06-08 12:26:39 - time to fit: 27.6 seconds
2024-06-08 12:26:39 - train acc (train err): 0.8220 (0.1780)
2024-06-08 12:26:39 - train log loss: 0.6149
2024-06-08 12:26:39 - train brier score: 0.3122
2024-06-08 12:26:39 - train f1 score: 0.8082
2024-06-08 12:26:39 - --------Run Number 4--------
2024-06-08 12:27:07 - ----------------Results----------------
2024-06-08 12:27:07 - time to fit: 27.7 seconds
2024-06-08 12:27:07 - train acc (train err): 0.8150 (0.1850)
2024-06-08 12:27:07 - train log loss: 0.6165
2024-06-08 12:27:07 - train brier score: 0.3210
2024-06-08 12:27:07 - train f1 score: 0.7988
2024-06-08 12:27:07 - --------Run Number 5--------
2024-06-08 12:27:35 - ----------------Results----------------
2024-06-08 12:27:35 - time to fit: 27.9 seconds
2024-06-08 12:27:35 - train acc (train err): 0.8150 (0.1850)
2024-06-08 12:27:35 - train log loss: 0.7108
2024-06-08 12:27:35 - train brier score: 0.3374
2024-06-08 12:27:35 - train f1 score: 0.7983
2024-06-08 12:27:35 - --------Run Number 6--------
2024-06-08 12:28:02 - ----------------Results----------------
2024-06-08 12:28:02 - time to fit: 27.2 seconds
2024-06-08 12:28:02 - train acc (train err): 0.8150 (0.1850)
2024-06-08 12:28:02 - train log loss: 0.7284
2024-06-08 12:28:02 - train brier score: 0.3357
2024-06-08 12:28:02 - train f1 score: 0.7986
2024-06-08 12:28:02 - --------Run Number 7--------
2024-06-08 12:28:30 - ----------------Results----------------
2024-06-08 12:28:30 - time to fit: 27.5 seconds
2024-06-08 12:28:30 - train acc (train err): 0.8188 (0.1812)
2024-06-08 12:28:30 - train log loss: 0.7151
2024-06-08 12:28:30 - train brier score: 0.3278
2024-06-08 12:28:30 - train f1 score: 0.8040
2024-06-08 12:28:30 - --------Run Number 8--------
2024-06-08 12:28:57 - ----------------Results----------------
2024-06-08 12:28:57 - time to fit: 27.1 seconds
2024-06-08 12:28:57 - train acc (train err): 0.8128 (0.1872)
2024-06-08 12:28:57 - train log loss: 0.7068
2024-06-08 12:28:57 - train brier score: 0.3323
2024-06-08 12:28:57 - train f1 score: 0.7962
2024-06-08 12:28:57 - --------Run Number 9--------
2024-06-08 12:29:25 - ----------------Results----------------
2024-06-08 12:29:25 - time to fit: 28.0 seconds
2024-06-08 12:29:25 - train acc (train err): 0.8128 (0.1872)
2024-06-08 12:29:25 - train log loss: 0.6972
2024-06-08 12:29:25 - train brier score: 0.3390
2024-06-08 12:29:25 - train f1 score: 0.7965
2024-06-08 12:29:25 - --------Run Number 10--------
2024-06-08 12:29:53 - ----------------Results----------------
2024-06-08 12:29:53 - time to fit: 27.5 seconds
2024-06-08 12:29:53 - train acc (train err): 0.8112 (0.1888)
2024-06-08 12:29:53 - train log loss: 0.7451
2024-06-08 12:29:53 - train brier score: 0.3406
2024-06-08 12:29:53 - train f1 score: 0.7938
2024-06-08 12:29:53 - ================Aggregated Results================
2024-06-08 12:29:53 - Total number of runs: 10
2024-06-08 12:29:53 - Average time to fit: 27.4 seconds (std: 0.4)
2024-06-08 12:29:53 - train mean acc +- std (mean train err): 0.8145 +- 0.0034 (0.1855)
2024-06-08 12:29:53 - train mean log loss +- std: 0.6991 +- 0.0441
2024-06-08 12:29:53 - train mean brier score +- std: 0.3322 +- 0.0088
2024-06-08 12:29:53 - train mean f1 score +- std: 0.7984 +- 0.0043
