2024-06-07 21:20:54 - ============Running WeaSEL============
2024-06-07 21:20:54 - dataset: youtube
2024-06-07 21:20:54 - --------Run Number 1--------
2024-06-07 21:21:21 - ----------------Results----------------
2024-06-07 21:21:21 - time to fit: 26.8 seconds
2024-06-07 21:21:21 - train acc (train err): 0.6896 (0.3104)
2024-06-07 21:21:21 - train log loss: 0.6929
2024-06-07 21:21:21 - train brier score: 0.4997
2024-06-07 21:21:21 - train f1 score: 0.6772
2024-06-07 21:21:21 - --------Run Number 2--------
2024-06-07 21:21:49 - ----------------Results----------------
2024-06-07 21:21:49 - time to fit: 27.5 seconds
2024-06-07 21:21:49 - train acc (train err): 0.7206 (0.2794)
2024-06-07 21:21:49 - train log loss: 0.6929
2024-06-07 21:21:49 - train brier score: 0.4997
2024-06-07 21:21:49 - train f1 score: 0.7271
2024-06-07 21:21:49 - --------Run Number 3--------
2024-06-07 21:22:16 - ----------------Results----------------
2024-06-07 21:22:16 - time to fit: 27.0 seconds
2024-06-07 21:22:16 - train acc (train err): 0.4634 (0.5366)
2024-06-07 21:22:16 - train log loss: 0.6933
2024-06-07 21:22:16 - train brier score: 0.5002
2024-06-07 21:22:16 - train f1 score: 0.5850
2024-06-07 21:22:16 - --------Run Number 4--------
2024-06-07 21:22:42 - ----------------Results----------------
2024-06-07 21:22:42 - time to fit: 26.5 seconds
2024-06-07 21:22:42 - train acc (train err): 0.5963 (0.4037)
2024-06-07 21:22:42 - train log loss: 0.6929
2024-06-07 21:22:42 - train brier score: 0.4998
2024-06-07 21:22:42 - train f1 score: 0.5787
2024-06-07 21:22:42 - --------Run Number 5--------
2024-06-07 21:23:09 - ----------------Results----------------
2024-06-07 21:23:09 - time to fit: 26.2 seconds
2024-06-07 21:23:09 - train acc (train err): 0.7016 (0.2984)
2024-06-07 21:23:09 - train log loss: 0.6928
2024-06-07 21:23:09 - train brier score: 0.4997
2024-06-07 21:23:09 - train f1 score: 0.6558
2024-06-07 21:23:09 - --------Run Number 6--------
2024-06-07 21:23:35 - ----------------Results----------------
2024-06-07 21:23:35 - time to fit: 26.0 seconds
2024-06-07 21:23:35 - train acc (train err): 0.6061 (0.3939)
2024-06-07 21:23:35 - train log loss: 0.6929
2024-06-07 21:23:35 - train brier score: 0.4997
2024-06-07 21:23:35 - train f1 score: 0.6895
2024-06-07 21:23:35 - --------Run Number 7--------
2024-06-07 21:24:01 - ----------------Results----------------
2024-06-07 21:24:01 - time to fit: 26.0 seconds
2024-06-07 21:24:01 - train acc (train err): 0.6007 (0.3993)
2024-06-07 21:24:01 - train log loss: 0.6930
2024-06-07 21:24:01 - train brier score: 0.4998
2024-06-07 21:24:01 - train f1 score: 0.5947
2024-06-07 21:24:01 - --------Run Number 8--------
2024-06-07 21:24:28 - ----------------Results----------------
2024-06-07 21:24:28 - time to fit: 27.3 seconds
2024-06-07 21:24:28 - train acc (train err): 0.5464 (0.4536)
2024-06-07 21:24:28 - train log loss: 0.6930
2024-06-07 21:24:28 - train brier score: 0.4998
2024-06-07 21:24:28 - train f1 score: 0.5914
2024-06-07 21:24:28 - --------Run Number 9--------
2024-06-07 21:24:55 - ----------------Results----------------
2024-06-07 21:24:55 - time to fit: 27.2 seconds
2024-06-07 21:24:55 - train acc (train err): 0.5372 (0.4628)
2024-06-07 21:24:55 - train log loss: 0.6931
2024-06-07 21:24:55 - train brier score: 0.4999
2024-06-07 21:24:55 - train f1 score: 0.4821
2024-06-07 21:24:55 - --------Run Number 10--------
2024-06-07 21:25:22 - ----------------Results----------------
2024-06-07 21:25:22 - time to fit: 26.6 seconds
2024-06-07 21:25:22 - train acc (train err): 0.6224 (0.3776)
2024-06-07 21:25:22 - train log loss: 0.6930
2024-06-07 21:25:22 - train brier score: 0.4999
2024-06-07 21:25:22 - train f1 score: 0.6036
2024-06-07 21:25:22 - ================Aggregated Results================
2024-06-07 21:25:22 - Total number of runs: 10
2024-06-07 21:25:22 - Average time to fit: 26.7 seconds (std: 0.5)
2024-06-07 21:25:22 - train mean acc +- std (mean train err): 0.6084 +- 0.0763 (0.3916)
2024-06-07 21:25:22 - train mean log loss +- std: 0.6930 +- 0.0001
2024-06-07 21:25:22 - train mean brier score +- std: 0.4998 +- 0.0001
2024-06-07 21:25:22 - train mean f1 score +- std: 0.6185 +- 0.0667
