2024-06-08 12:20:40 - ============Running Denoise============
2024-06-08 12:20:40 - dataset: imdb
2024-06-08 12:20:40 - --------Run Number 1--------
2024-06-08 12:21:09 - ----------------Results----------------
2024-06-08 12:21:09 - time to fit: 27.5 seconds
2024-06-08 12:21:09 - train acc (train err): 0.7993 (0.2007)
2024-06-08 12:21:09 - train log loss: 0.4363
2024-06-08 12:21:09 - train brier score: 0.2811
2024-06-08 12:21:09 - train f1 score: 0.7981
2024-06-08 12:21:09 - --------Run Number 2--------
2024-06-08 12:21:36 - ----------------Results----------------
2024-06-08 12:21:36 - time to fit: 26.5 seconds
2024-06-08 12:21:36 - train acc (train err): 0.8040 (0.1960)
2024-06-08 12:21:36 - train log loss: 0.4293
2024-06-08 12:21:36 - train brier score: 0.2754
2024-06-08 12:21:36 - train f1 score: 0.8128
2024-06-08 12:21:36 - --------Run Number 3--------
2024-06-08 12:22:03 - ----------------Results----------------
2024-06-08 12:22:03 - time to fit: 26.3 seconds
2024-06-08 12:22:03 - train acc (train err): 0.7725 (0.2275)
2024-06-08 12:22:03 - train log loss: 0.4859
2024-06-08 12:22:03 - train brier score: 0.3157
2024-06-08 12:22:03 - train f1 score: 0.7837
2024-06-08 12:22:03 - --------Run Number 4--------
2024-06-08 12:22:31 - ----------------Results----------------
2024-06-08 12:22:31 - time to fit: 26.5 seconds
2024-06-08 12:22:31 - train acc (train err): 0.7986 (0.2014)
2024-06-08 12:22:31 - train log loss: 0.4394
2024-06-08 12:22:31 - train brier score: 0.2832
2024-06-08 12:22:31 - train f1 score: 0.8121
2024-06-08 12:22:31 - --------Run Number 5--------
2024-06-08 12:22:58 - ----------------Results----------------
2024-06-08 12:22:58 - time to fit: 26.4 seconds
2024-06-08 12:22:58 - train acc (train err): 0.8116 (0.1884)
2024-06-08 12:22:58 - train log loss: 0.4213
2024-06-08 12:22:58 - train brier score: 0.2690
2024-06-08 12:22:58 - train f1 score: 0.8211
2024-06-08 12:22:58 - --------Run Number 6--------
2024-06-08 12:23:26 - ----------------Results----------------
2024-06-08 12:23:26 - time to fit: 27.1 seconds
2024-06-08 12:23:26 - train acc (train err): 0.7959 (0.2041)
2024-06-08 12:23:26 - train log loss: 0.4455
2024-06-08 12:23:26 - train brier score: 0.2870
2024-06-08 12:23:26 - train f1 score: 0.8095
2024-06-08 12:23:26 - --------Run Number 7--------
2024-06-08 12:23:53 - ----------------Results----------------
2024-06-08 12:23:53 - time to fit: 26.2 seconds
2024-06-08 12:23:53 - train acc (train err): 0.8013 (0.1987)
2024-06-08 12:23:53 - train log loss: 0.4351
2024-06-08 12:23:53 - train brier score: 0.2802
2024-06-08 12:23:53 - train f1 score: 0.8081
2024-06-08 12:23:53 - --------Run Number 8--------
2024-06-08 12:24:22 - ----------------Results----------------
2024-06-08 12:24:22 - time to fit: 27.3 seconds
2024-06-08 12:24:22 - train acc (train err): 0.8199 (0.1801)
2024-06-08 12:24:22 - train log loss: 0.4039
2024-06-08 12:24:22 - train brier score: 0.2569
2024-06-08 12:24:22 - train f1 score: 0.8192
2024-06-08 12:24:22 - --------Run Number 9--------
2024-06-08 12:24:49 - ----------------Results----------------
2024-06-08 12:24:49 - time to fit: 26.7 seconds
2024-06-08 12:24:49 - train acc (train err): 0.8133 (0.1867)
2024-06-08 12:24:49 - train log loss: 0.4164
2024-06-08 12:24:49 - train brier score: 0.2660
2024-06-08 12:24:49 - train f1 score: 0.8217
2024-06-08 12:24:49 - --------Run Number 10--------
2024-06-08 12:25:17 - ----------------Results----------------
2024-06-08 12:25:17 - time to fit: 27.3 seconds
2024-06-08 12:25:17 - train acc (train err): 0.8097 (0.1903)
2024-06-08 12:25:17 - train log loss: 0.4208
2024-06-08 12:25:17 - train brier score: 0.2694
2024-06-08 12:25:17 - train f1 score: 0.8188
2024-06-08 12:25:17 - ================Aggregated Results================
2024-06-08 12:25:17 - Total number of runs: 10
2024-06-08 12:25:17 - Average time to fit: 26.8 seconds (std: 0.5)
2024-06-08 12:25:17 - train mean acc +- std (mean train err): 0.8026 +- 0.0124 (0.1974)
2024-06-08 12:25:17 - train mean log loss +- std: 0.4334 +- 0.0211
2024-06-08 12:25:17 - train mean brier score +- std: 0.2784 +- 0.0152
2024-06-08 12:25:17 - train mean f1 score +- std: 0.8105 +- 0.0113
