2024-06-08 12:29:53 - ============Running Denoise============
2024-06-08 12:29:53 - dataset: sms
2024-06-08 12:29:53 - --------Run Number 1--------
2024-06-08 12:30:21 - ----------------Results----------------
2024-06-08 12:30:21 - time to fit: 27.9 seconds
2024-06-08 12:30:21 - train acc (train err): 0.9386 (0.0614)
2024-06-08 12:30:21 - train log loss: 0.2730
2024-06-08 12:30:21 - train brier score: 0.1169
2024-06-08 12:30:21 - train f1 score: 0.7850
2024-06-08 12:30:21 - --------Run Number 2--------
2024-06-08 12:30:49 - ----------------Results----------------
2024-06-08 12:30:49 - time to fit: 28.6 seconds
2024-06-08 12:30:49 - train acc (train err): 0.9417 (0.0583)
2024-06-08 12:30:49 - train log loss: 0.2581
2024-06-08 12:30:49 - train brier score: 0.1125
2024-06-08 12:30:49 - train f1 score: 0.7956
2024-06-08 12:30:49 - --------Run Number 3--------
2024-06-08 12:31:18 - ----------------Results----------------
2024-06-08 12:31:18 - time to fit: 28.5 seconds
2024-06-08 12:31:18 - train acc (train err): 0.9399 (0.0601)
2024-06-08 12:31:18 - train log loss: 0.2632
2024-06-08 12:31:18 - train brier score: 0.1146
2024-06-08 12:31:18 - train f1 score: 0.7894
2024-06-08 12:31:18 - --------Run Number 4--------
2024-06-08 12:31:47 - ----------------Results----------------
2024-06-08 12:31:47 - time to fit: 28.5 seconds
2024-06-08 12:31:47 - train acc (train err): 0.9403 (0.0597)
2024-06-08 12:31:47 - train log loss: 0.2580
2024-06-08 12:31:47 - train brier score: 0.1127
2024-06-08 12:31:47 - train f1 score: 0.7919
2024-06-08 12:31:47 - --------Run Number 5--------
2024-06-08 12:32:15 - ----------------Results----------------
2024-06-08 12:32:15 - time to fit: 28.5 seconds
2024-06-08 12:32:15 - train acc (train err): 0.9417 (0.0583)
2024-06-08 12:32:15 - train log loss: 0.2594
2024-06-08 12:32:15 - train brier score: 0.1127
2024-06-08 12:32:15 - train f1 score: 0.7963
2024-06-08 12:32:15 - --------Run Number 6--------
2024-06-08 12:32:44 - ----------------Results----------------
2024-06-08 12:32:44 - time to fit: 28.4 seconds
2024-06-08 12:32:44 - train acc (train err): 0.9408 (0.0592)
2024-06-08 12:32:44 - train log loss: 0.2600
2024-06-08 12:32:44 - train brier score: 0.1130
2024-06-08 12:32:44 - train f1 score: 0.7932
2024-06-08 12:32:44 - --------Run Number 7--------
2024-06-08 12:33:13 - ----------------Results----------------
2024-06-08 12:33:13 - time to fit: 28.8 seconds
2024-06-08 12:33:13 - train acc (train err): 0.9408 (0.0592)
2024-06-08 12:33:13 - train log loss: 0.2493
2024-06-08 12:33:13 - train brier score: 0.1125
2024-06-08 12:33:13 - train f1 score: 0.7919
2024-06-08 12:33:13 - --------Run Number 8--------
2024-06-08 12:33:42 - ----------------Results----------------
2024-06-08 12:33:42 - time to fit: 28.9 seconds
2024-06-08 12:33:42 - train acc (train err): 0.9403 (0.0597)
2024-06-08 12:33:42 - train log loss: 0.2597
2024-06-08 12:33:42 - train brier score: 0.1139
2024-06-08 12:33:42 - train f1 score: 0.7900
2024-06-08 12:33:42 - --------Run Number 9--------
2024-06-08 12:34:11 - ----------------Results----------------
2024-06-08 12:34:11 - time to fit: 28.8 seconds
2024-06-08 12:34:11 - train acc (train err): 0.9381 (0.0619)
2024-06-08 12:34:11 - train log loss: 0.2663
2024-06-08 12:34:11 - train brier score: 0.1154
2024-06-08 12:34:11 - train f1 score: 0.7838
2024-06-08 12:34:11 - --------Run Number 10--------
2024-06-08 12:34:42 - ----------------Results----------------
2024-06-08 12:34:42 - time to fit: 30.8 seconds
2024-06-08 12:34:42 - train acc (train err): 0.9399 (0.0601)
2024-06-08 12:34:42 - train log loss: 0.2442
2024-06-08 12:34:42 - train brier score: 0.1116
2024-06-08 12:34:42 - train f1 score: 0.7894
2024-06-08 12:34:42 - ================Aggregated Results================
2024-06-08 12:34:42 - Total number of runs: 10
2024-06-08 12:34:42 - Average time to fit: 28.8 seconds (std: 0.7)
2024-06-08 12:34:42 - train mean acc +- std (mean train err): 0.9402 +- 0.0011 (0.0598)
2024-06-08 12:34:42 - train mean log loss +- std: 0.2591 +- 0.0077
2024-06-08 12:34:42 - train mean brier score +- std: 0.1136 +- 0.0015
2024-06-08 12:34:42 - train mean f1 score +- std: 0.7906 +- 0.0038
