2024-06-07 17:54:22 - ============Running MeTaL============
2024-06-07 17:54:22 - dataset: trec
2024-06-07 17:54:22 - --------Run Number 1--------
2024-06-07 17:54:24 - ----------------Results----------------
2024-06-07 17:54:24 - time to fit: 1.5 seconds
2024-06-07 17:54:24 - train acc (train err): 0.4564 (0.5436)
2024-06-07 17:54:24 - train log loss: 1.5877
2024-06-07 17:54:24 - train brier score: 0.7444
2024-06-07 17:54:24 - --------Run Number 2--------
2024-06-07 17:54:25 - ----------------Results----------------
2024-06-07 17:54:25 - time to fit: 1.7 seconds
2024-06-07 17:54:25 - train acc (train err): 0.4367 (0.5633)
2024-06-07 17:54:25 - train log loss: 1.6683
2024-06-07 17:54:25 - train brier score: 0.7753
2024-06-07 17:54:25 - --------Run Number 3--------
2024-06-07 17:54:27 - ----------------Results----------------
2024-06-07 17:54:27 - time to fit: 1.6 seconds
2024-06-07 17:54:27 - train acc (train err): 0.4143 (0.5857)
2024-06-07 17:54:27 - train log loss: 1.6747
2024-06-07 17:54:27 - train brier score: 0.7798
2024-06-07 17:54:27 - --------Run Number 4--------
2024-06-07 17:54:29 - ----------------Results----------------
2024-06-07 17:54:29 - time to fit: 1.6 seconds
2024-06-07 17:54:29 - train acc (train err): 0.4143 (0.5857)
2024-06-07 17:54:29 - train log loss: 1.6769
2024-06-07 17:54:29 - train brier score: 0.7820
2024-06-07 17:54:29 - --------Run Number 5--------
2024-06-07 17:54:30 - ----------------Results----------------
2024-06-07 17:54:30 - time to fit: 1.6 seconds
2024-06-07 17:54:30 - train acc (train err): 0.4144 (0.5856)
2024-06-07 17:54:30 - train log loss: 1.6743
2024-06-07 17:54:30 - train brier score: 0.7793
2024-06-07 17:54:30 - --------Run Number 6--------
2024-06-07 17:54:32 - ----------------Results----------------
2024-06-07 17:54:32 - time to fit: 1.4 seconds
2024-06-07 17:54:32 - train acc (train err): 0.4563 (0.5437)
2024-06-07 17:54:32 - train log loss: 1.6160
2024-06-07 17:54:32 - train brier score: 0.7532
2024-06-07 17:54:32 - --------Run Number 7--------
2024-06-07 17:54:33 - ----------------Results----------------
2024-06-07 17:54:33 - time to fit: 1.5 seconds
2024-06-07 17:54:33 - train acc (train err): 0.4536 (0.5464)
2024-06-07 17:54:33 - train log loss: 1.5709
2024-06-07 17:54:33 - train brier score: 0.7405
2024-06-07 17:54:33 - --------Run Number 8--------
2024-06-07 17:54:35 - ----------------Results----------------
2024-06-07 17:54:35 - time to fit: 1.4 seconds
2024-06-07 17:54:35 - train acc (train err): 0.4563 (0.5437)
2024-06-07 17:54:35 - train log loss: 1.6229
2024-06-07 17:54:35 - train brier score: 0.7557
2024-06-07 17:54:35 - --------Run Number 9--------
2024-06-07 17:54:37 - ----------------Results----------------
2024-06-07 17:54:37 - time to fit: 1.6 seconds
2024-06-07 17:54:37 - train acc (train err): 0.4143 (0.5857)
2024-06-07 17:54:37 - train log loss: 1.6775
2024-06-07 17:54:37 - train brier score: 0.7825
2024-06-07 17:54:37 - --------Run Number 10--------
2024-06-07 17:54:38 - ----------------Results----------------
2024-06-07 17:54:38 - time to fit: 1.6 seconds
2024-06-07 17:54:38 - train acc (train err): 0.4566 (0.5434)
2024-06-07 17:54:38 - train log loss: 1.6326
2024-06-07 17:54:38 - train brier score: 0.7595
2024-06-07 17:54:38 - ================Aggregated Results================
2024-06-07 17:54:38 - Total number of runs: 10
2024-06-07 17:54:38 - Average time to fit: 1.5 seconds (std: 0.1)
2024-06-07 17:54:38 - train mean acc +- std (mean train err): 0.4373 +- 0.0196 (0.5627)
2024-06-07 17:54:38 - train mean log loss +- std: 1.6402 +- 0.0379
2024-06-07 17:54:38 - train mean brier score +- std: 0.7652 +- 0.0155
