2024-06-08 14:56:11 - ============Running Denoise============
2024-06-08 14:56:11 - dataset: chemprot
2024-06-08 14:56:11 - --------Run Number 1--------
2024-06-08 14:56:59 - ----------------Results----------------
2024-06-08 14:56:59 - time to fit: 47.7 seconds
2024-06-08 14:56:59 - train acc (train err): 0.5808 (0.4192)
2024-06-08 14:56:59 - train log loss: 2.0989
2024-06-08 14:56:59 - train brier score: 0.7605
2024-06-08 14:56:59 - --------Run Number 2--------
2024-06-08 14:57:46 - ----------------Results----------------
2024-06-08 14:57:46 - time to fit: 45.9 seconds
2024-06-08 14:57:46 - train acc (train err): 0.5756 (0.4244)
2024-06-08 14:57:46 - train log loss: 2.1945
2024-06-08 14:57:46 - train brier score: 0.7760
2024-06-08 14:57:46 - --------Run Number 3--------
2024-06-08 14:58:32 - ----------------Results----------------
2024-06-08 14:58:32 - time to fit: 45.1 seconds
2024-06-08 14:58:32 - train acc (train err): 0.5776 (0.4224)
2024-06-08 14:58:32 - train log loss: 2.2208
2024-06-08 14:58:32 - train brier score: 0.7746
2024-06-08 14:58:32 - --------Run Number 4--------
2024-06-08 14:59:17 - ----------------Results----------------
2024-06-08 14:59:17 - time to fit: 45.0 seconds
2024-06-08 14:59:17 - train acc (train err): 0.5797 (0.4203)
2024-06-08 14:59:17 - train log loss: 2.1343
2024-06-08 14:59:17 - train brier score: 0.7671
2024-06-08 14:59:17 - --------Run Number 5--------
2024-06-08 15:00:05 - ----------------Results----------------
2024-06-08 15:00:05 - time to fit: 46.6 seconds
2024-06-08 15:00:05 - train acc (train err): 0.5777 (0.4223)
2024-06-08 15:00:05 - train log loss: 2.1812
2024-06-08 15:00:05 - train brier score: 0.7767
2024-06-08 15:00:05 - --------Run Number 6--------
2024-06-08 15:00:52 - ----------------Results----------------
2024-06-08 15:00:52 - time to fit: 47.2 seconds
2024-06-08 15:00:52 - train acc (train err): 0.5760 (0.4240)
2024-06-08 15:00:52 - train log loss: 2.1511
2024-06-08 15:00:52 - train brier score: 0.7775
2024-06-08 15:00:52 - --------Run Number 7--------
2024-06-08 15:01:36 - ----------------Results----------------
2024-06-08 15:01:36 - time to fit: 43.0 seconds
2024-06-08 15:01:36 - train acc (train err): 0.5793 (0.4207)
2024-06-08 15:01:36 - train log loss: 2.1122
2024-06-08 15:01:36 - train brier score: 0.7574
2024-06-08 15:01:36 - --------Run Number 8--------
2024-06-08 15:02:20 - ----------------Results----------------
2024-06-08 15:02:20 - time to fit: 43.7 seconds
2024-06-08 15:02:20 - train acc (train err): 0.5822 (0.4178)
2024-06-08 15:02:20 - train log loss: 2.1634
2024-06-08 15:02:20 - train brier score: 0.7625
2024-06-08 15:02:20 - --------Run Number 9--------
2024-06-08 15:03:03 - ----------------Results----------------
2024-06-08 15:03:03 - time to fit: 42.3 seconds
2024-06-08 15:03:03 - train acc (train err): 0.5774 (0.4226)
2024-06-08 15:03:03 - train log loss: 2.2095
2024-06-08 15:03:03 - train brier score: 0.7744
2024-06-08 15:03:03 - --------Run Number 10--------
2024-06-08 15:03:46 - ----------------Results----------------
2024-06-08 15:03:46 - time to fit: 42.7 seconds
2024-06-08 15:03:46 - train acc (train err): 0.5787 (0.4213)
2024-06-08 15:03:46 - train log loss: 2.1233
2024-06-08 15:03:46 - train brier score: 0.7645
2024-06-08 15:03:46 - ================Aggregated Results================
2024-06-08 15:03:46 - Total number of runs: 10
2024-06-08 15:03:46 - Average time to fit: 44.9 seconds (std: 1.8)
2024-06-08 15:03:46 - train mean acc +- std (mean train err): 0.5785 +- 0.0020 (0.4215)
2024-06-08 15:03:46 - train mean log loss +- std: 2.1589 +- 0.0399
2024-06-08 15:03:46 - train mean brier score +- std: 0.7691 +- 0.0072
