2024-06-07 21:29:53 - ============Running WeaSEL============
2024-06-07 21:29:53 - dataset: cdr
2024-06-07 21:29:53 - --------Run Number 1--------
2024-06-07 21:30:23 - ----------------Results----------------
2024-06-07 21:30:23 - time to fit: 29.3 seconds
2024-06-07 21:30:23 - train acc (train err): 0.5104 (0.4896)
2024-06-07 21:30:23 - train log loss: 0.6929
2024-06-07 21:30:23 - train brier score: 0.4997
2024-06-07 21:30:23 - train f1 score: 0.4818
2024-06-07 21:30:23 - --------Run Number 2--------
2024-06-07 21:30:53 - ----------------Results----------------
2024-06-07 21:30:53 - time to fit: 29.3 seconds
2024-06-07 21:30:53 - train acc (train err): 0.6105 (0.3895)
2024-06-07 21:30:53 - train log loss: 0.6894
2024-06-07 21:30:53 - train brier score: 0.4963
2024-06-07 21:30:53 - train f1 score: 0.0846
2024-06-07 21:30:53 - --------Run Number 3--------
2024-06-07 21:31:23 - ----------------Results----------------
2024-06-07 21:31:23 - time to fit: 29.3 seconds
2024-06-07 21:31:23 - train acc (train err): 0.5146 (0.4854)
2024-06-07 21:31:23 - train log loss: 0.6930
2024-06-07 21:31:23 - train brier score: 0.4998
2024-06-07 21:31:23 - train f1 score: 0.3950
2024-06-07 21:31:23 - --------Run Number 4--------
2024-06-07 21:31:53 - ----------------Results----------------
2024-06-07 21:31:53 - time to fit: 29.3 seconds
2024-06-07 21:31:53 - train acc (train err): 0.4120 (0.5880)
2024-06-07 21:31:53 - train log loss: 0.6933
2024-06-07 21:31:53 - train brier score: 0.5002
2024-06-07 21:31:53 - train f1 score: 0.5127
2024-06-07 21:31:53 - --------Run Number 5--------
2024-06-07 21:32:23 - ----------------Results----------------
2024-06-07 21:32:23 - time to fit: 29.4 seconds
2024-06-07 21:32:23 - train acc (train err): 0.4530 (0.5470)
2024-06-07 21:32:23 - train log loss: 0.6934
2024-06-07 21:32:23 - train brier score: 0.5002
2024-06-07 21:32:23 - train f1 score: 0.5057
2024-06-07 21:32:23 - --------Run Number 6--------
2024-06-07 21:32:53 - ----------------Results----------------
2024-06-07 21:32:53 - time to fit: 29.2 seconds
2024-06-07 21:32:53 - train acc (train err): 0.5520 (0.4480)
2024-06-07 21:32:53 - train log loss: 0.6885
2024-06-07 21:32:53 - train brier score: 0.4953
2024-06-07 21:32:53 - train f1 score: 0.4547
2024-06-07 21:32:53 - --------Run Number 7--------
2024-06-07 21:33:23 - ----------------Results----------------
2024-06-07 21:33:23 - time to fit: 29.1 seconds
2024-06-07 21:33:23 - train acc (train err): 0.4812 (0.5188)
2024-06-07 21:33:23 - train log loss: 0.6943
2024-06-07 21:33:23 - train brier score: 0.5011
2024-06-07 21:33:23 - train f1 score: 0.5275
2024-06-07 21:33:23 - --------Run Number 8--------
2024-06-07 21:33:53 - ----------------Results----------------
2024-06-07 21:33:53 - time to fit: 29.2 seconds
2024-06-07 21:33:53 - train acc (train err): 0.5814 (0.4186)
2024-06-07 21:33:53 - train log loss: 0.6929
2024-06-07 21:33:53 - train brier score: 0.4998
2024-06-07 21:33:53 - train f1 score: 0.2982
2024-06-07 21:33:53 - --------Run Number 9--------
2024-06-07 21:34:23 - ----------------Results----------------
2024-06-07 21:34:23 - time to fit: 29.3 seconds
2024-06-07 21:34:23 - train acc (train err): 0.4914 (0.5086)
2024-06-07 21:34:23 - train log loss: 0.6953
2024-06-07 21:34:23 - train brier score: 0.5021
2024-06-07 21:34:23 - train f1 score: 0.3100
2024-06-07 21:34:23 - --------Run Number 10--------
2024-06-07 21:34:53 - ----------------Results----------------
2024-06-07 21:34:53 - time to fit: 29.1 seconds
2024-06-07 21:34:53 - train acc (train err): 0.5578 (0.4422)
2024-06-07 21:34:53 - train log loss: 0.6925
2024-06-07 21:34:53 - train brier score: 0.4994
2024-06-07 21:34:53 - train f1 score: 0.2796
2024-06-07 21:34:53 - ================Aggregated Results================
2024-06-07 21:34:53 - Total number of runs: 10
2024-06-07 21:34:53 - Average time to fit: 29.2 seconds (std: 0.1)
2024-06-07 21:34:53 - train mean acc +- std (mean train err): 0.5164 +- 0.0573 (0.4836)
2024-06-07 21:34:53 - train mean log loss +- std: 0.6925 +- 0.0020
2024-06-07 21:34:53 - train mean brier score +- std: 0.4994 +- 0.0020
2024-06-07 21:34:53 - train mean f1 score +- std: 0.3850 +- 0.1342
