2024-06-07 19:19:01 - ------------Running EBCC------------
2024-06-07 19:19:01 - dataset: trec
2024-06-07 19:19:01 - empirical class prior: True
2024-06-07 19:19:01 - --------Run Number 1--------
2024-06-07 19:20:32 - ================Results================
2024-06-07 19:20:32 - time to fit: 89.9 seconds
2024-06-07 19:20:32 - train acc (train err): 0.2102 (0.7898)
2024-06-07 19:20:32 - train log loss: 3.1047
2024-06-07 19:20:32 - train brier score: 1.2849
2024-06-07 19:20:32 - --------Run Number 2--------
2024-06-07 19:22:03 - ================Results================
2024-06-07 19:22:03 - time to fit: 90.3 seconds
2024-06-07 19:22:03 - train acc (train err): 0.2102 (0.7898)
2024-06-07 19:22:03 - train log loss: 3.1053
2024-06-07 19:22:03 - train brier score: 1.2848
2024-06-07 19:22:03 - --------Run Number 3--------
2024-06-07 19:23:35 - ================Results================
2024-06-07 19:23:35 - time to fit: 91.0 seconds
2024-06-07 19:23:35 - train acc (train err): 0.2102 (0.7898)
2024-06-07 19:23:35 - train log loss: 3.1058
2024-06-07 19:23:35 - train brier score: 1.2851
2024-06-07 19:23:35 - --------Run Number 4--------
2024-06-07 19:25:08 - ================Results================
2024-06-07 19:25:08 - time to fit: 91.4 seconds
2024-06-07 19:25:08 - train acc (train err): 0.2102 (0.7898)
2024-06-07 19:25:08 - train log loss: 3.1055
2024-06-07 19:25:08 - train brier score: 1.2849
2024-06-07 19:25:08 - --------Run Number 5--------
2024-06-07 19:26:39 - ================Results================
2024-06-07 19:26:39 - time to fit: 90.9 seconds
2024-06-07 19:26:39 - train acc (train err): 0.2102 (0.7898)
2024-06-07 19:26:39 - train log loss: 3.1059
2024-06-07 19:26:39 - train brier score: 1.2848
2024-06-07 19:26:39 - --------Run Number 6--------
2024-06-07 19:28:15 - ================Results================
2024-06-07 19:28:15 - time to fit: 94.4 seconds
2024-06-07 19:28:15 - train acc (train err): 0.2102 (0.7898)
2024-06-07 19:28:15 - train log loss: 3.1071
2024-06-07 19:28:15 - train brier score: 1.2846
2024-06-07 19:28:15 - --------Run Number 7--------
2024-06-07 19:29:49 - ================Results================
2024-06-07 19:29:49 - time to fit: 93.5 seconds
2024-06-07 19:29:49 - train acc (train err): 0.2102 (0.7898)
2024-06-07 19:29:49 - train log loss: 3.1071
2024-06-07 19:29:49 - train brier score: 1.2849
2024-06-07 19:29:49 - --------Run Number 8--------
2024-06-07 19:31:19 - ================Results================
2024-06-07 19:31:19 - time to fit: 89.1 seconds
2024-06-07 19:31:19 - train acc (train err): 0.2102 (0.7898)
2024-06-07 19:31:19 - train log loss: 3.1059
2024-06-07 19:31:19 - train brier score: 1.2844
2024-06-07 19:31:19 - --------Run Number 9--------
2024-06-07 19:32:52 - ================Results================
2024-06-07 19:32:52 - time to fit: 91.5 seconds
2024-06-07 19:32:52 - train acc (train err): 0.2102 (0.7898)
2024-06-07 19:32:52 - train log loss: 3.1072
2024-06-07 19:32:52 - train brier score: 1.2847
2024-06-07 19:32:52 - --------Run Number 10--------
2024-06-07 19:34:24 - ================Results================
2024-06-07 19:34:24 - time to fit: 90.6 seconds
2024-06-07 19:34:24 - train acc (train err): 0.2102 (0.7898)
2024-06-07 19:34:24 - train log loss: 3.1068
2024-06-07 19:34:24 - train brier score: 1.2848
2024-06-07 19:34:24 - ================Aggregated Results================
2024-06-07 19:34:24 - Total number of runs: 10
2024-06-07 19:34:24 - Average time to fit: 91.3 seconds (std: 1.5)
2024-06-07 19:34:24 - train mean acc +- std (mean train err): 0.2102 +- 0.0000 (0.7898)
2024-06-07 19:34:24 - train mean log loss +- std: 3.1061 +- 0.0008
2024-06-07 19:34:24 - train mean brier score +- std: 1.2848 +- 0.0002
