2024-06-07 21:39:14 - ============Running WeaSEL============
2024-06-07 21:39:14 - dataset: commercial
2024-06-07 21:40:01 - --------Run Number 1--------
2024-06-07 21:44:01 - ----------------Results----------------
2024-06-07 21:44:01 - time to fit: 115.0 seconds
2024-06-07 21:44:01 - train acc (train err): 0.3590 (0.6410)
2024-06-07 21:44:01 - train log loss: 0.6955
2024-06-07 21:44:01 - train brier score: 0.5023
2024-06-07 21:44:01 - train f1 score: 0.4593
2024-06-07 21:44:01 - --------Run Number 2--------
2024-06-07 21:48:11 - ----------------Results----------------
2024-06-07 21:48:11 - time to fit: 123.7 seconds
2024-06-07 21:48:11 - train acc (train err): 0.3810 (0.6190)
2024-06-07 21:48:11 - train log loss: 0.6937
2024-06-07 21:48:11 - train brier score: 0.5006
2024-06-07 21:48:11 - train f1 score: 0.4431
2024-06-07 21:48:11 - --------Run Number 3--------
2024-06-07 21:52:12 - ----------------Results----------------
2024-06-07 21:52:12 - time to fit: 117.5 seconds
2024-06-07 21:52:12 - train acc (train err): 0.4657 (0.5343)
2024-06-07 21:52:12 - train log loss: 0.6932
2024-06-07 21:52:12 - train brier score: 0.5001
2024-06-07 21:52:12 - train f1 score: 0.4064
2024-06-07 21:52:12 - --------Run Number 4--------
2024-06-07 21:56:21 - ----------------Results----------------
2024-06-07 21:56:21 - time to fit: 116.1 seconds
2024-06-07 21:56:21 - train acc (train err): 0.3204 (0.6796)
2024-06-07 21:56:21 - train log loss: 0.6938
2024-06-07 21:56:21 - train brier score: 0.5006
2024-06-07 21:56:21 - train f1 score: 0.4225
2024-06-07 21:56:21 - --------Run Number 5--------
2024-06-07 22:00:23 - ----------------Results----------------
2024-06-07 22:00:23 - time to fit: 114.9 seconds
2024-06-07 22:00:23 - train acc (train err): 0.3882 (0.6118)
2024-06-07 22:00:23 - train log loss: 0.6933
2024-06-07 22:00:23 - train brier score: 0.5002
2024-06-07 22:00:23 - train f1 score: 0.4083
2024-06-07 22:00:23 - --------Run Number 6--------
2024-06-07 22:04:26 - ----------------Results----------------
2024-06-07 22:04:26 - time to fit: 120.1 seconds
2024-06-07 22:04:26 - train acc (train err): 0.6243 (0.3757)
2024-06-07 22:04:26 - train log loss: 0.6851
2024-06-07 22:04:26 - train brier score: 0.4919
2024-06-07 22:04:26 - train f1 score: 0.4478
2024-06-07 22:04:26 - --------Run Number 7--------
2024-06-07 22:08:53 - ----------------Results----------------
2024-06-07 22:08:53 - time to fit: 130.5 seconds
2024-06-07 22:08:53 - train acc (train err): 0.4515 (0.5485)
2024-06-07 22:08:53 - train log loss: 0.6933
2024-06-07 22:08:53 - train brier score: 0.5002
2024-06-07 22:08:53 - train f1 score: 0.3765
2024-06-07 22:08:53 - --------Run Number 8--------
2024-06-07 22:13:08 - ----------------Results----------------
2024-06-07 22:13:08 - time to fit: 122.4 seconds
2024-06-07 22:13:08 - train acc (train err): 0.5418 (0.4582)
2024-06-07 22:13:08 - train log loss: 0.6931
2024-06-07 22:13:08 - train brier score: 0.4999
2024-06-07 22:13:08 - train f1 score: 0.3079
2024-06-07 22:13:08 - --------Run Number 9--------
2024-06-07 22:17:23 - ----------------Results----------------
2024-06-07 22:17:23 - time to fit: 121.7 seconds
2024-06-07 22:17:23 - train acc (train err): 0.4496 (0.5504)
2024-06-07 22:17:23 - train log loss: 0.6933
2024-06-07 22:17:23 - train brier score: 0.5002
2024-06-07 22:17:23 - train f1 score: 0.3365
2024-06-07 22:17:23 - --------Run Number 10--------
2024-06-07 22:21:41 - ----------------Results----------------
2024-06-07 22:21:41 - time to fit: 126.4 seconds
2024-06-07 22:21:41 - train acc (train err): 0.5338 (0.4662)
2024-06-07 22:21:41 - train log loss: 0.6928
2024-06-07 22:21:41 - train brier score: 0.4996
2024-06-07 22:21:41 - train f1 score: 0.3922
2024-06-07 22:21:41 - ================Aggregated Results================
2024-06-07 22:21:41 - Total number of runs: 10
2024-06-07 22:21:41 - Average time to fit: 120.8 seconds (std: 4.9)
2024-06-07 22:21:41 - train mean acc +- std (mean train err): 0.4515 +- 0.0893 (0.5485)
2024-06-07 22:21:41 - train mean log loss +- std: 0.6927 +- 0.0026
2024-06-07 22:21:41 - train mean brier score +- std: 0.4996 +- 0.0026
2024-06-07 22:21:41 - train mean f1 score +- std: 0.4000 +- 0.0463
