2024-06-08 14:40:59 - ============Running Denoise============
2024-06-08 14:40:59 - dataset: trec
2024-06-08 14:40:59 - --------Run Number 1--------
2024-06-08 14:41:34 - ----------------Results----------------
2024-06-08 14:41:34 - time to fit: 34.4 seconds
2024-06-08 14:41:34 - train acc (train err): 0.4984 (0.5016)
2024-06-08 14:41:34 - train log loss: 3.0774
2024-06-08 14:41:34 - train brier score: 0.9764
2024-06-08 14:41:34 - --------Run Number 2--------
2024-06-08 14:42:06 - ----------------Results----------------
2024-06-08 14:42:06 - time to fit: 32.0 seconds
2024-06-08 14:42:06 - train acc (train err): 0.4991 (0.5009)
2024-06-08 14:42:06 - train log loss: 3.2578
2024-06-08 14:42:06 - train brier score: 0.9805
2024-06-08 14:42:06 - --------Run Number 3--------
2024-06-08 14:42:38 - ----------------Results----------------
2024-06-08 14:42:38 - time to fit: 31.8 seconds
2024-06-08 14:42:38 - train acc (train err): 0.4965 (0.5035)
2024-06-08 14:42:38 - train log loss: 3.2844
2024-06-08 14:42:38 - train brier score: 0.9838
2024-06-08 14:42:38 - --------Run Number 4--------
2024-06-08 14:43:11 - ----------------Results----------------
2024-06-08 14:43:11 - time to fit: 32.8 seconds
2024-06-08 14:43:11 - train acc (train err): 0.4986 (0.5014)
2024-06-08 14:43:11 - train log loss: 3.1382
2024-06-08 14:43:11 - train brier score: 0.9785
2024-06-08 14:43:11 - --------Run Number 5--------
2024-06-08 14:43:45 - ----------------Results----------------
2024-06-08 14:43:45 - time to fit: 33.2 seconds
2024-06-08 14:43:45 - train acc (train err): 0.4969 (0.5031)
2024-06-08 14:43:45 - train log loss: 3.1632
2024-06-08 14:43:45 - train brier score: 0.9791
2024-06-08 14:43:45 - --------Run Number 6--------
2024-06-08 14:44:16 - ----------------Results----------------
2024-06-08 14:44:16 - time to fit: 31.5 seconds
2024-06-08 14:44:16 - train acc (train err): 0.4986 (0.5014)
2024-06-08 14:44:16 - train log loss: 3.2415
2024-06-08 14:44:16 - train brier score: 0.9794
2024-06-08 14:44:16 - --------Run Number 7--------
2024-06-08 14:44:50 - ----------------Results----------------
2024-06-08 14:44:50 - time to fit: 33.0 seconds
2024-06-08 14:44:50 - train acc (train err): 0.4979 (0.5021)
2024-06-08 14:44:50 - train log loss: 3.1417
2024-06-08 14:44:50 - train brier score: 0.9804
2024-06-08 14:44:50 - --------Run Number 8--------
2024-06-08 14:45:22 - ----------------Results----------------
2024-06-08 14:45:22 - time to fit: 32.6 seconds
2024-06-08 14:45:22 - train acc (train err): 0.4988 (0.5012)
2024-06-08 14:45:22 - train log loss: 3.1913
2024-06-08 14:45:22 - train brier score: 0.9816
2024-06-08 14:45:22 - --------Run Number 9--------
2024-06-08 14:45:54 - ----------------Results----------------
2024-06-08 14:45:54 - time to fit: 31.0 seconds
2024-06-08 14:45:54 - train acc (train err): 0.4983 (0.5017)
2024-06-08 14:45:54 - train log loss: 3.1378
2024-06-08 14:45:54 - train brier score: 0.9771
2024-06-08 14:45:54 - --------Run Number 10--------
2024-06-08 14:46:25 - ----------------Results----------------
2024-06-08 14:46:25 - time to fit: 31.6 seconds
2024-06-08 14:46:25 - train acc (train err): 0.4981 (0.5019)
2024-06-08 14:46:25 - train log loss: 3.1862
2024-06-08 14:46:25 - train brier score: 0.9809
2024-06-08 14:46:25 - ================Aggregated Results================
2024-06-08 14:46:25 - Total number of runs: 10
2024-06-08 14:46:25 - Average time to fit: 32.4 seconds (std: 1.0)
2024-06-08 14:46:25 - train mean acc +- std (mean train err): 0.4981 +- 0.0008 (0.5019)
2024-06-08 14:46:25 - train mean log loss +- std: 3.1820 +- 0.0606
2024-06-08 14:46:25 - train mean brier score +- std: 0.9798 +- 0.0021
