2024-06-11 20:50:14 - ----------Running New Instance----------
2024-06-11 20:50:14 - dataset: sms, n_class: 2
2024-06-11 20:50:14 - constraint type: accuracy, add MV const: False
2024-06-11 20:50:14 - labeled set: train, use inequalities: False
2024-06-11 20:50:14 - bound method: binomial
2024-06-11 20:50:14 - ----Estimating Probabilities----
2024-06-11 20:50:14 - 39 out of 2246 labeled datapoints on average per rule 
2024-06-11 20:50:14 - 73 rules with labeled data out of 73 total
2024-06-11 20:50:14 - Number of labeled predictions per rule: [  79   41    1   12    4    6   13    1    2    3    1 1608    1   19
   76   45    3   40    3   17   20    6  107    6    3    6  164   16
    4    2    3    2   11   48    2    1    6  159    2    6    2    4
   12    6   18    1    1    6    1    4   15    1    3    1   30    9
    1   37    7    2    7   28    8   13    5   19   15   35   16    7
    7   18    7]
2024-06-11 20:50:14 - ================Results================
2024-06-11 20:50:14 - time to fit: 0.2 seconds
2024-06-11 20:50:14 - train acc (train err): 0.9390 (0.0610)
2024-06-11 20:50:14 - bf train log loss upper bound 0.1997
2024-06-11 20:50:14 - train log loss: 0.1997
2024-06-11 20:50:14 - train brier score: 0.1047
2024-06-11 20:50:14 - train f1 score: 0.7883
