2024-06-07 22:21:43 - ============Running WeaSEL============
2024-06-07 22:21:43 - dataset: tennis
2024-06-07 22:21:47 - --------Run Number 1--------
2024-06-07 22:23:40 - ----------------Results----------------
2024-06-07 22:23:40 - time to fit: 102.5 seconds
2024-06-07 22:23:40 - train acc (train err): 0.5974 (0.4026)
2024-06-07 22:23:40 - train log loss: 0.6931
2024-06-07 22:23:40 - train brier score: 0.5000
2024-06-07 22:23:40 - train f1 score: 0.0000
2024-06-07 22:23:40 - --------Run Number 2--------
2024-06-07 22:25:34 - ----------------Results----------------
2024-06-07 22:25:34 - time to fit: 104.7 seconds
2024-06-07 22:25:34 - train acc (train err): 0.5974 (0.4026)
2024-06-07 22:25:34 - train log loss: 0.6931
2024-06-07 22:25:34 - train brier score: 0.5000
2024-06-07 22:25:34 - train f1 score: 0.0000
2024-06-07 22:25:34 - --------Run Number 3--------
2024-06-07 22:27:29 - ----------------Results----------------
2024-06-07 22:27:29 - time to fit: 103.9 seconds
2024-06-07 22:27:29 - train acc (train err): 0.4026 (0.5974)
2024-06-07 22:27:29 - train log loss: 0.6938
2024-06-07 22:27:29 - train brier score: 0.5007
2024-06-07 22:27:29 - train f1 score: 0.5741
2024-06-07 22:27:29 - --------Run Number 4--------
2024-06-07 22:29:23 - ----------------Results----------------
2024-06-07 22:29:23 - time to fit: 103.4 seconds
2024-06-07 22:29:23 - train acc (train err): 0.5974 (0.4026)
2024-06-07 22:29:23 - train log loss: 0.6929
2024-06-07 22:29:23 - train brier score: 0.4997
2024-06-07 22:29:23 - train f1 score: 0.0000
2024-06-07 22:29:23 - --------Run Number 5--------
2024-06-07 22:31:18 - ----------------Results----------------
2024-06-07 22:31:18 - time to fit: 104.7 seconds
2024-06-07 22:31:18 - train acc (train err): 0.5974 (0.4026)
2024-06-07 22:31:18 - train log loss: 0.6916
2024-06-07 22:31:18 - train brier score: 0.4985
2024-06-07 22:31:18 - train f1 score: 0.0000
2024-06-07 22:31:18 - --------Run Number 6--------
2024-06-07 22:33:13 - ----------------Results----------------
2024-06-07 22:33:13 - time to fit: 104.4 seconds
2024-06-07 22:33:13 - train acc (train err): 0.5974 (0.4026)
2024-06-07 22:33:13 - train log loss: 0.6916
2024-06-07 22:33:13 - train brier score: 0.4985
2024-06-07 22:33:13 - train f1 score: 0.0000
2024-06-07 22:33:13 - --------Run Number 7--------
2024-06-07 22:35:06 - ----------------Results----------------
2024-06-07 22:35:06 - time to fit: 102.9 seconds
2024-06-07 22:35:06 - train acc (train err): 0.5974 (0.4026)
2024-06-07 22:35:06 - train log loss: 0.6928
2024-06-07 22:35:06 - train brier score: 0.4997
2024-06-07 22:35:06 - train f1 score: 0.0000
2024-06-07 22:35:06 - --------Run Number 8--------
2024-06-07 22:36:55 - ----------------Results----------------
2024-06-07 22:36:55 - time to fit: 99.0 seconds
2024-06-07 22:36:55 - train acc (train err): 0.5974 (0.4026)
2024-06-07 22:36:55 - train log loss: 0.6923
2024-06-07 22:36:55 - train brier score: 0.4992
2024-06-07 22:36:55 - train f1 score: 0.0000
2024-06-07 22:36:55 - --------Run Number 9--------
2024-06-07 22:38:43 - ----------------Results----------------
2024-06-07 22:38:43 - time to fit: 97.2 seconds
2024-06-07 22:38:43 - train acc (train err): 0.5974 (0.4026)
2024-06-07 22:38:43 - train log loss: 0.6914
2024-06-07 22:38:43 - train brier score: 0.4983
2024-06-07 22:38:43 - train f1 score: 0.0000
2024-06-07 22:38:43 - --------Run Number 10--------
2024-06-07 22:40:31 - ----------------Results----------------
2024-06-07 22:40:31 - time to fit: 98.2 seconds
2024-06-07 22:40:31 - train acc (train err): 0.5974 (0.4026)
2024-06-07 22:40:31 - train log loss: 0.6916
2024-06-07 22:40:31 - train brier score: 0.4984
2024-06-07 22:40:31 - train f1 score: 0.0000
2024-06-07 22:40:31 - ================Aggregated Results================
2024-06-07 22:40:31 - Total number of runs: 10
2024-06-07 22:40:31 - Average time to fit: 102.1 seconds (std: 2.7)
2024-06-07 22:40:31 - train mean acc +- std (mean train err): 0.5779 +- 0.0584 (0.4221)
2024-06-07 22:40:31 - train mean log loss +- std: 0.6924 +- 0.0008
2024-06-07 22:40:31 - train mean brier score +- std: 0.4993 +- 0.0008
2024-06-07 22:40:31 - train mean f1 score +- std: 0.0574 +- 0.1722
