2024-06-07 12:44:35 - ============Running Fable============
2024-06-07 12:44:35 - dataset: commercial
2024-06-07 12:45:26 - --------Run Number 1--------
2024-06-07 12:51:28 - ----------------Results----------------
2024-06-07 12:51:28 - time to fit: 138.2 seconds
2024-06-07 12:51:28 - train acc (train err): 0.9257 (0.0743)
2024-06-07 12:51:28 - train log loss: 0.3752
2024-06-07 12:51:28 - train brier score: 0.1397
2024-06-07 12:51:28 - train f1 score: 0.8594
2024-06-07 12:51:28 - --------Run Number 2--------
2024-06-07 12:57:58 - ----------------Results----------------
2024-06-07 12:57:58 - time to fit: 145.4 seconds
2024-06-07 12:57:58 - train acc (train err): 0.9244 (0.0756)
2024-06-07 12:57:58 - train log loss: 0.3708
2024-06-07 12:57:58 - train brier score: 0.1396
2024-06-07 12:57:58 - train f1 score: 0.8577
2024-06-07 12:57:58 - --------Run Number 3--------
2024-06-07 13:04:12 - ----------------Results----------------
2024-06-07 13:04:12 - time to fit: 136.5 seconds
2024-06-07 13:04:12 - train acc (train err): 0.9263 (0.0737)
2024-06-07 13:04:12 - train log loss: 0.3657
2024-06-07 13:04:12 - train brier score: 0.1387
2024-06-07 13:04:12 - train f1 score: 0.8607
2024-06-07 13:04:12 - --------Run Number 4--------
2024-06-07 13:10:36 - ----------------Results----------------
2024-06-07 13:10:36 - time to fit: 141.3 seconds
2024-06-07 13:10:36 - train acc (train err): 0.9261 (0.0739)
2024-06-07 13:10:36 - train log loss: 0.3628
2024-06-07 13:10:36 - train brier score: 0.1373
2024-06-07 13:10:36 - train f1 score: 0.8591
2024-06-07 13:10:36 - --------Run Number 5--------
2024-06-07 13:17:04 - ----------------Results----------------
2024-06-07 13:17:04 - time to fit: 140.3 seconds
2024-06-07 13:17:04 - train acc (train err): 0.9264 (0.0736)
2024-06-07 13:17:04 - train log loss: 0.3690
2024-06-07 13:17:04 - train brier score: 0.1387
2024-06-07 13:17:04 - train f1 score: 0.8606
2024-06-07 13:17:04 - --------Run Number 6--------
2024-06-07 13:22:46 - ----------------Results----------------
2024-06-07 13:22:46 - time to fit: 132.4 seconds
2024-06-07 13:22:46 - train acc (train err): 0.9277 (0.0723)
2024-06-07 13:22:46 - train log loss: 0.3572
2024-06-07 13:22:46 - train brier score: 0.1362
2024-06-07 13:22:46 - train f1 score: 0.8637
2024-06-07 13:22:46 - --------Run Number 7--------
2024-06-07 13:28:53 - ----------------Results----------------
2024-06-07 13:28:53 - time to fit: 133.6 seconds
2024-06-07 13:28:53 - train acc (train err): 0.9240 (0.0760)
2024-06-07 13:28:53 - train log loss: 0.3735
2024-06-07 13:28:53 - train brier score: 0.1399
2024-06-07 13:28:53 - train f1 score: 0.8553
2024-06-07 13:28:53 - --------Run Number 8--------
2024-06-07 13:34:57 - ----------------Results----------------
2024-06-07 13:34:57 - time to fit: 135.3 seconds
2024-06-07 13:34:57 - train acc (train err): 0.9249 (0.0751)
2024-06-07 13:34:57 - train log loss: 0.3639
2024-06-07 13:34:57 - train brier score: 0.1399
2024-06-07 13:34:57 - train f1 score: 0.8570
2024-06-07 13:34:57 - --------Run Number 9--------
2024-06-07 13:41:39 - ----------------Results----------------
2024-06-07 13:41:39 - time to fit: 142.2 seconds
2024-06-07 13:41:39 - train acc (train err): 0.9244 (0.0756)
2024-06-07 13:41:39 - train log loss: 0.3734
2024-06-07 13:41:39 - train brier score: 0.1400
2024-06-07 13:41:39 - train f1 score: 0.8566
2024-06-07 13:41:39 - --------Run Number 10--------
2024-06-07 13:47:49 - ----------------Results----------------
2024-06-07 13:47:49 - time to fit: 134.3 seconds
2024-06-07 13:47:49 - train acc (train err): 0.9254 (0.0746)
2024-06-07 13:47:49 - train log loss: 0.3664
2024-06-07 13:47:49 - train brier score: 0.1395
2024-06-07 13:47:49 - train f1 score: 0.8604
2024-06-07 13:47:49 - ================Aggregated Results================
2024-06-07 13:47:49 - Total number of runs: 10
2024-06-07 13:47:49 - Average time to fit: 138.0 seconds (std: 4.0)
2024-06-07 13:47:49 - train mean acc +- std (mean train err): 0.9255 +- 0.0011 (0.0745)
2024-06-07 13:47:49 - train mean log loss +- std: 0.3678 +- 0.0054
2024-06-07 13:47:49 - train mean brier score +- std: 0.1390 +- 0.0012
2024-06-07 13:47:49 - train mean f1 score +- std: 0.8591 +- 0.0023
