2024-06-07 12:20:54 - ============Running Fable============
2024-06-07 12:20:54 - dataset: yelp
2024-06-07 12:20:55 - --------Run Number 1--------
2024-06-07 12:23:01 - ----------------Results----------------
2024-06-07 12:23:01 - time to fit: 48.4 seconds
2024-06-07 12:23:01 - train acc (train err): 0.6952 (0.3048)
2024-06-07 12:23:01 - train log loss: 2.5589
2024-06-07 12:23:01 - train brier score: 0.5914
2024-06-07 12:23:01 - train f1 score: 0.7708
2024-06-07 12:23:01 - --------Run Number 2--------
2024-06-07 12:25:12 - ----------------Results----------------
2024-06-07 12:25:12 - time to fit: 50.1 seconds
2024-06-07 12:25:12 - train acc (train err): 0.6990 (0.3010)
2024-06-07 12:25:12 - train log loss: 2.5159
2024-06-07 12:25:12 - train brier score: 0.5823
2024-06-07 12:25:12 - train f1 score: 0.7735
2024-06-07 12:25:12 - --------Run Number 3--------
2024-06-07 12:27:33 - ----------------Results----------------
2024-06-07 12:27:33 - time to fit: 54.4 seconds
2024-06-07 12:27:33 - train acc (train err): 0.6943 (0.3057)
2024-06-07 12:27:33 - train log loss: 2.5656
2024-06-07 12:27:33 - train brier score: 0.5918
2024-06-07 12:27:33 - train f1 score: 0.7692
2024-06-07 12:27:33 - --------Run Number 4--------
2024-06-07 12:30:02 - ----------------Results----------------
2024-06-07 12:30:02 - time to fit: 57.1 seconds
2024-06-07 12:30:02 - train acc (train err): 0.6919 (0.3081)
2024-06-07 12:30:02 - train log loss: 2.5820
2024-06-07 12:30:02 - train brier score: 0.5975
2024-06-07 12:30:02 - train f1 score: 0.7685
2024-06-07 12:30:02 - --------Run Number 5--------
2024-06-07 12:32:29 - ----------------Results----------------
2024-06-07 12:32:29 - time to fit: 56.4 seconds
2024-06-07 12:32:29 - train acc (train err): 0.6932 (0.3068)
2024-06-07 12:32:29 - train log loss: 2.5642
2024-06-07 12:32:29 - train brier score: 0.5934
2024-06-07 12:32:29 - train f1 score: 0.7700
2024-06-07 12:32:29 - --------Run Number 6--------
2024-06-07 12:34:59 - ----------------Results----------------
2024-06-07 12:34:59 - time to fit: 56.3 seconds
2024-06-07 12:34:59 - train acc (train err): 0.6947 (0.3053)
2024-06-07 12:34:59 - train log loss: 2.5759
2024-06-07 12:34:59 - train brier score: 0.5936
2024-06-07 12:34:59 - train f1 score: 0.7711
2024-06-07 12:34:59 - --------Run Number 7--------
2024-06-07 12:37:29 - ----------------Results----------------
2024-06-07 12:37:29 - time to fit: 57.9 seconds
2024-06-07 12:37:29 - train acc (train err): 0.6969 (0.3031)
2024-06-07 12:37:29 - train log loss: 2.5610
2024-06-07 12:37:29 - train brier score: 0.5873
2024-06-07 12:37:29 - train f1 score: 0.7720
2024-06-07 12:37:29 - --------Run Number 8--------
2024-06-07 12:40:00 - ----------------Results----------------
2024-06-07 12:40:00 - time to fit: 57.3 seconds
2024-06-07 12:40:00 - train acc (train err): 0.6940 (0.3060)
2024-06-07 12:40:00 - train log loss: 2.5685
2024-06-07 12:40:00 - train brier score: 0.5947
2024-06-07 12:40:00 - train f1 score: 0.7703
2024-06-07 12:40:00 - --------Run Number 9--------
2024-06-07 12:42:15 - ----------------Results----------------
2024-06-07 12:42:15 - time to fit: 50.5 seconds
2024-06-07 12:42:15 - train acc (train err): 0.6932 (0.3068)
2024-06-07 12:42:15 - train log loss: 2.5455
2024-06-07 12:42:15 - train brier score: 0.5944
2024-06-07 12:42:15 - train f1 score: 0.7701
2024-06-07 12:42:15 - --------Run Number 10--------
2024-06-07 12:44:35 - ----------------Results----------------
2024-06-07 12:44:35 - time to fit: 53.5 seconds
2024-06-07 12:44:35 - train acc (train err): 0.6918 (0.3082)
2024-06-07 12:44:35 - train log loss: 2.5668
2024-06-07 12:44:35 - train brier score: 0.5976
2024-06-07 12:44:35 - train f1 score: 0.7674
2024-06-07 12:44:35 - ================Aggregated Results================
2024-06-07 12:44:35 - Total number of runs: 10
2024-06-07 12:44:35 - Average time to fit: 54.2 seconds (std: 3.2)
2024-06-07 12:44:35 - train mean acc +- std (mean train err): 0.6944 +- 0.0021 (0.3056)
2024-06-07 12:44:35 - train mean log loss +- std: 2.5604 +- 0.0175
2024-06-07 12:44:35 - train mean brier score +- std: 0.5924 +- 0.0044
2024-06-07 12:44:35 - train mean f1 score +- std: 0.7703 +- 0.0016
