2024-06-07 19:34:24 - ------------Running EBCC------------
2024-06-07 19:34:24 - dataset: semeval
2024-06-07 19:34:24 - empirical class prior: True
2024-06-07 19:34:24 - --------Run Number 1--------
2024-06-07 19:36:09 - ================Results================
2024-06-07 19:36:09 - time to fit: 104.0 seconds
2024-06-07 19:36:09 - train acc (train err): 0.3019 (0.6981)
2024-06-07 19:36:09 - train log loss: 3.1043
2024-06-07 19:36:09 - train brier score: 1.1035
2024-06-07 19:36:09 - --------Run Number 2--------
2024-06-07 19:37:51 - ================Results================
2024-06-07 19:37:51 - time to fit: 100.4 seconds
2024-06-07 19:37:51 - train acc (train err): 0.3019 (0.6981)
2024-06-07 19:37:51 - train log loss: 3.1046
2024-06-07 19:37:51 - train brier score: 1.1039
2024-06-07 19:37:51 - --------Run Number 3--------
2024-06-07 19:39:33 - ================Results================
2024-06-07 19:39:33 - time to fit: 100.4 seconds
2024-06-07 19:39:33 - train acc (train err): 0.3019 (0.6981)
2024-06-07 19:39:33 - train log loss: 3.1048
2024-06-07 19:39:33 - train brier score: 1.1037
2024-06-07 19:39:33 - --------Run Number 4--------
2024-06-07 19:41:15 - ================Results================
2024-06-07 19:41:15 - time to fit: 100.8 seconds
2024-06-07 19:41:15 - train acc (train err): 0.3019 (0.6981)
2024-06-07 19:41:15 - train log loss: 3.1032
2024-06-07 19:41:15 - train brier score: 1.1037
2024-06-07 19:41:15 - --------Run Number 5--------
2024-06-07 19:42:56 - ================Results================
2024-06-07 19:42:56 - time to fit: 99.4 seconds
2024-06-07 19:42:56 - train acc (train err): 0.3019 (0.6981)
2024-06-07 19:42:56 - train log loss: 3.1039
2024-06-07 19:42:56 - train brier score: 1.1036
2024-06-07 19:42:56 - --------Run Number 6--------
2024-06-07 19:44:37 - ================Results================
2024-06-07 19:44:37 - time to fit: 99.9 seconds
2024-06-07 19:44:37 - train acc (train err): 0.3019 (0.6981)
2024-06-07 19:44:37 - train log loss: 3.1040
2024-06-07 19:44:37 - train brier score: 1.1037
2024-06-07 19:44:37 - --------Run Number 7--------
2024-06-07 19:46:20 - ================Results================
2024-06-07 19:46:20 - time to fit: 101.0 seconds
2024-06-07 19:46:20 - train acc (train err): 0.3019 (0.6981)
2024-06-07 19:46:20 - train log loss: 3.1041
2024-06-07 19:46:20 - train brier score: 1.1036
2024-06-07 19:46:20 - --------Run Number 8--------
2024-06-07 19:48:02 - ================Results================
2024-06-07 19:48:02 - time to fit: 100.7 seconds
2024-06-07 19:48:02 - train acc (train err): 0.3019 (0.6981)
2024-06-07 19:48:02 - train log loss: 3.1033
2024-06-07 19:48:02 - train brier score: 1.1039
2024-06-07 19:48:02 - --------Run Number 9--------
2024-06-07 19:49:44 - ================Results================
2024-06-07 19:49:44 - time to fit: 100.3 seconds
2024-06-07 19:49:44 - train acc (train err): 0.3019 (0.6981)
2024-06-07 19:49:44 - train log loss: 3.1038
2024-06-07 19:49:44 - train brier score: 1.1037
2024-06-07 19:49:44 - --------Run Number 10--------
2024-06-07 19:51:25 - ================Results================
2024-06-07 19:51:25 - time to fit: 99.5 seconds
2024-06-07 19:51:25 - train acc (train err): 0.3019 (0.6981)
2024-06-07 19:51:25 - train log loss: 3.1038
2024-06-07 19:51:25 - train brier score: 1.1040
2024-06-07 19:51:25 - ================Aggregated Results================
2024-06-07 19:51:25 - Total number of runs: 10
2024-06-07 19:51:25 - Average time to fit: 100.6 seconds (std: 1.2)
2024-06-07 19:51:25 - train mean acc +- std (mean train err): 0.3019 +- 0.0000 (0.6981)
2024-06-07 19:51:25 - train mean log loss +- std: 3.1040 +- 0.0005
2024-06-07 19:51:25 - train mean brier score +- std: 1.1037 +- 0.0001
