2024-06-07 19:18:00 - ------------Running EBCC------------
2024-06-07 19:18:00 - dataset: tennis
2024-06-07 19:18:00 - empirical class prior: True
2024-06-07 19:18:00 - --------Run Number 1--------
2024-06-07 19:18:07 - ================Results================
2024-06-07 19:18:07 - time to fit: 6.2 seconds
2024-06-07 19:18:07 - train acc (train err): 0.8733 (0.1267)
2024-06-07 19:18:07 - train log loss: 1.0092
2024-06-07 19:18:07 - train brier score: 0.2416
2024-06-07 19:18:07 - train f1 score: 0.8420
2024-06-07 19:18:07 - --------Run Number 2--------
2024-06-07 19:18:13 - ================Results================
2024-06-07 19:18:13 - time to fit: 6.0 seconds
2024-06-07 19:18:13 - train acc (train err): 0.8733 (0.1267)
2024-06-07 19:18:13 - train log loss: 1.0048
2024-06-07 19:18:13 - train brier score: 0.2415
2024-06-07 19:18:13 - train f1 score: 0.8420
2024-06-07 19:18:13 - --------Run Number 3--------
2024-06-07 19:18:19 - ================Results================
2024-06-07 19:18:19 - time to fit: 6.4 seconds
2024-06-07 19:18:19 - train acc (train err): 0.8733 (0.1267)
2024-06-07 19:18:19 - train log loss: 1.0058
2024-06-07 19:18:19 - train brier score: 0.2415
2024-06-07 19:18:19 - train f1 score: 0.8420
2024-06-07 19:18:19 - --------Run Number 4--------
2024-06-07 19:18:26 - ================Results================
2024-06-07 19:18:26 - time to fit: 6.0 seconds
2024-06-07 19:18:26 - train acc (train err): 0.8733 (0.1267)
2024-06-07 19:18:26 - train log loss: 1.0074
2024-06-07 19:18:26 - train brier score: 0.2415
2024-06-07 19:18:26 - train f1 score: 0.8420
2024-06-07 19:18:26 - --------Run Number 5--------
2024-06-07 19:18:32 - ================Results================
2024-06-07 19:18:32 - time to fit: 6.0 seconds
2024-06-07 19:18:32 - train acc (train err): 0.8733 (0.1267)
2024-06-07 19:18:32 - train log loss: 1.0082
2024-06-07 19:18:32 - train brier score: 0.2415
2024-06-07 19:18:32 - train f1 score: 0.8420
2024-06-07 19:18:32 - --------Run Number 6--------
2024-06-07 19:18:38 - ================Results================
2024-06-07 19:18:38 - time to fit: 6.0 seconds
2024-06-07 19:18:38 - train acc (train err): 0.8733 (0.1267)
2024-06-07 19:18:38 - train log loss: 1.0093
2024-06-07 19:18:38 - train brier score: 0.2416
2024-06-07 19:18:38 - train f1 score: 0.8420
2024-06-07 19:18:38 - --------Run Number 7--------
2024-06-07 19:18:44 - ================Results================
2024-06-07 19:18:44 - time to fit: 5.6 seconds
2024-06-07 19:18:44 - train acc (train err): 0.8719 (0.1281)
2024-06-07 19:18:44 - train log loss: 1.1559
2024-06-07 19:18:44 - train brier score: 0.2459
2024-06-07 19:18:44 - train f1 score: 0.8416
2024-06-07 19:18:44 - --------Run Number 8--------
2024-06-07 19:18:49 - ================Results================
2024-06-07 19:18:49 - time to fit: 5.6 seconds
2024-06-07 19:18:49 - train acc (train err): 0.8719 (0.1281)
2024-06-07 19:18:49 - train log loss: 1.1559
2024-06-07 19:18:49 - train brier score: 0.2459
2024-06-07 19:18:49 - train f1 score: 0.8416
2024-06-07 19:18:49 - --------Run Number 9--------
2024-06-07 19:18:55 - ================Results================
2024-06-07 19:18:55 - time to fit: 5.6 seconds
2024-06-07 19:18:55 - train acc (train err): 0.8733 (0.1267)
2024-06-07 19:18:55 - train log loss: 1.0079
2024-06-07 19:18:55 - train brier score: 0.2415
2024-06-07 19:18:55 - train f1 score: 0.8420
2024-06-07 19:18:55 - --------Run Number 10--------
2024-06-07 19:19:01 - ================Results================
2024-06-07 19:19:01 - time to fit: 5.6 seconds
2024-06-07 19:19:01 - train acc (train err): 0.8733 (0.1267)
2024-06-07 19:19:01 - train log loss: 1.0060
2024-06-07 19:19:01 - train brier score: 0.2415
2024-06-07 19:19:01 - train f1 score: 0.8420
2024-06-07 19:19:01 - ================Aggregated Results================
2024-06-07 19:19:01 - Total number of runs: 10
2024-06-07 19:19:01 - Average time to fit: 5.9 seconds (std: 0.3)
2024-06-07 19:19:01 - train mean acc +- std (mean train err): 0.8730 +- 0.0006 (0.1270)
2024-06-07 19:19:01 - train mean log loss +- std: 1.0370 +- 0.0595
2024-06-07 19:19:01 - train mean brier score +- std: 0.2424 +- 0.0017
2024-06-07 19:19:01 - train mean f1 score +- std: 0.8419 +- 0.0002
