2024-06-07 17:54:04 - ============Running MeTaL============
2024-06-07 17:54:04 - dataset: yelp
2024-06-07 17:54:04 - --------Run Number 1--------
2024-06-07 17:54:05 - ----------------Results----------------
2024-06-07 17:54:05 - time to fit: 0.4 seconds
2024-06-07 17:54:05 - train acc (train err): 0.5386 (0.4614)
2024-06-07 17:54:05 - train log loss: 1.1848
2024-06-07 17:54:05 - train brier score: 0.6592
2024-06-07 17:54:05 - train f1 score: 0.6988
2024-06-07 17:54:05 - --------Run Number 2--------
2024-06-07 17:54:05 - ----------------Results----------------
2024-06-07 17:54:05 - time to fit: 0.4 seconds
2024-06-07 17:54:05 - train acc (train err): 0.5386 (0.4614)
2024-06-07 17:54:05 - train log loss: 1.3100
2024-06-07 17:54:05 - train brier score: 0.6779
2024-06-07 17:54:05 - train f1 score: 0.6988
2024-06-07 17:54:05 - --------Run Number 3--------
2024-06-07 17:54:06 - ----------------Results----------------
2024-06-07 17:54:06 - time to fit: 0.4 seconds
2024-06-07 17:54:06 - train acc (train err): 0.5386 (0.4614)
2024-06-07 17:54:06 - train log loss: 1.3347
2024-06-07 17:54:06 - train brier score: 0.6790
2024-06-07 17:54:06 - train f1 score: 0.6988
2024-06-07 17:54:06 - --------Run Number 4--------
2024-06-07 17:54:07 - ----------------Results----------------
2024-06-07 17:54:07 - time to fit: 0.4 seconds
2024-06-07 17:54:07 - train acc (train err): 0.5386 (0.4614)
2024-06-07 17:54:07 - train log loss: 1.3027
2024-06-07 17:54:07 - train brier score: 0.6775
2024-06-07 17:54:07 - train f1 score: 0.6988
2024-06-07 17:54:07 - --------Run Number 5--------
2024-06-07 17:54:07 - ----------------Results----------------
2024-06-07 17:54:07 - time to fit: 0.4 seconds
2024-06-07 17:54:07 - train acc (train err): 0.5564 (0.4436)
2024-06-07 17:54:07 - train log loss: 1.0813
2024-06-07 17:54:07 - train brier score: 0.6235
2024-06-07 17:54:07 - train f1 score: 0.7066
2024-06-07 17:54:07 - --------Run Number 6--------
2024-06-07 17:54:08 - ----------------Results----------------
2024-06-07 17:54:08 - time to fit: 0.4 seconds
2024-06-07 17:54:08 - train acc (train err): 0.5386 (0.4614)
2024-06-07 17:54:08 - train log loss: 1.2633
2024-06-07 17:54:08 - train brier score: 0.6745
2024-06-07 17:54:08 - train f1 score: 0.6988
2024-06-07 17:54:08 - --------Run Number 7--------
2024-06-07 17:54:08 - ----------------Results----------------
2024-06-07 17:54:08 - time to fit: 0.4 seconds
2024-06-07 17:54:08 - train acc (train err): 0.5386 (0.4614)
2024-06-07 17:54:08 - train log loss: 1.2517
2024-06-07 17:54:08 - train brier score: 0.6731
2024-06-07 17:54:08 - train f1 score: 0.6988
2024-06-07 17:54:08 - --------Run Number 8--------
2024-06-07 17:54:09 - ----------------Results----------------
2024-06-07 17:54:09 - time to fit: 0.4 seconds
2024-06-07 17:54:09 - train acc (train err): 0.5690 (0.4310)
2024-06-07 17:54:09 - train log loss: 1.0046
2024-06-07 17:54:09 - train brier score: 0.5950
2024-06-07 17:54:09 - train f1 score: 0.7123
2024-06-07 17:54:09 - --------Run Number 9--------
2024-06-07 17:54:10 - ----------------Results----------------
2024-06-07 17:54:10 - time to fit: 0.4 seconds
2024-06-07 17:54:10 - train acc (train err): 0.5513 (0.4487)
2024-06-07 17:54:10 - train log loss: 1.1251
2024-06-07 17:54:10 - train brier score: 0.6395
2024-06-07 17:54:10 - train f1 score: 0.7043
2024-06-07 17:54:10 - --------Run Number 10--------
2024-06-07 17:54:10 - ----------------Results----------------
2024-06-07 17:54:10 - time to fit: 0.4 seconds
2024-06-07 17:54:10 - train acc (train err): 0.5386 (0.4614)
2024-06-07 17:54:10 - train log loss: 1.2453
2024-06-07 17:54:10 - train brier score: 0.6723
2024-06-07 17:54:10 - train f1 score: 0.6988
2024-06-07 17:54:10 - ================Aggregated Results================
2024-06-07 17:54:10 - Total number of runs: 10
2024-06-07 17:54:10 - Average time to fit: 0.4 seconds (std: 0.0)
2024-06-07 17:54:10 - train mean acc +- std (mean train err): 0.5447 +- 0.0101 (0.4553)
2024-06-07 17:54:10 - train mean log loss +- std: 1.2104 +- 0.1032
2024-06-07 17:54:10 - train mean brier score +- std: 0.6572 +- 0.0272
2024-06-07 17:54:10 - train mean f1 score +- std: 0.7014 +- 0.0045
