2024-06-07 17:53:47 - ============Running MeTaL============
2024-06-07 17:53:47 - dataset: sms
2024-06-07 17:53:47 - --------Run Number 1--------
2024-06-07 17:53:48 - ----------------Results----------------
2024-06-07 17:53:48 - time to fit: 1.0 seconds
2024-06-07 17:53:48 - train acc (train err): 0.7930 (0.2070)
2024-06-07 17:53:48 - train log loss: 0.4498
2024-06-07 17:53:48 - train brier score: 0.2826
2024-06-07 17:53:48 - train f1 score: 0.4758
2024-06-07 17:53:48 - --------Run Number 2--------
2024-06-07 17:53:49 - ----------------Results----------------
2024-06-07 17:53:49 - time to fit: 0.9 seconds
2024-06-07 17:53:49 - train acc (train err): 0.7930 (0.2070)
2024-06-07 17:53:49 - train log loss: 0.5799
2024-06-07 17:53:49 - train brier score: 0.3968
2024-06-07 17:53:49 - train f1 score: 0.4769
2024-06-07 17:53:49 - --------Run Number 3--------
2024-06-07 17:53:50 - ----------------Results----------------
2024-06-07 17:53:50 - time to fit: 0.9 seconds
2024-06-07 17:53:50 - train acc (train err): 0.8054 (0.1946)
2024-06-07 17:53:50 - train log loss: 0.4264
2024-06-07 17:53:50 - train brier score: 0.2671
2024-06-07 17:53:50 - train f1 score: 0.4913
2024-06-07 17:53:50 - --------Run Number 4--------
2024-06-07 17:53:51 - ----------------Results----------------
2024-06-07 17:53:51 - time to fit: 0.9 seconds
2024-06-07 17:53:51 - train acc (train err): 0.7970 (0.2030)
2024-06-07 17:53:51 - train log loss: 0.4803
2024-06-07 17:53:51 - train brier score: 0.3050
2024-06-07 17:53:51 - train f1 score: 0.4911
2024-06-07 17:53:51 - --------Run Number 5--------
2024-06-07 17:53:52 - ----------------Results----------------
2024-06-07 17:53:52 - time to fit: 1.0 seconds
2024-06-07 17:53:52 - train acc (train err): 0.7970 (0.2030)
2024-06-07 17:53:52 - train log loss: 0.4763
2024-06-07 17:53:52 - train brier score: 0.3019
2024-06-07 17:53:52 - train f1 score: 0.4911
2024-06-07 17:53:52 - --------Run Number 6--------
2024-06-07 17:53:53 - ----------------Results----------------
2024-06-07 17:53:53 - time to fit: 1.1 seconds
2024-06-07 17:53:53 - train acc (train err): 0.7939 (0.2061)
2024-06-07 17:53:53 - train log loss: 0.4666
2024-06-07 17:53:53 - train brier score: 0.2946
2024-06-07 17:53:53 - train f1 score: 0.4792
2024-06-07 17:53:53 - --------Run Number 7--------
2024-06-07 17:53:54 - ----------------Results----------------
2024-06-07 17:53:54 - time to fit: 1.0 seconds
2024-06-07 17:53:54 - train acc (train err): 0.7930 (0.2070)
2024-06-07 17:53:54 - train log loss: 0.4508
2024-06-07 17:53:54 - train brier score: 0.2833
2024-06-07 17:53:54 - train f1 score: 0.4758
2024-06-07 17:53:54 - --------Run Number 8--------
2024-06-07 17:53:55 - ----------------Results----------------
2024-06-07 17:53:55 - time to fit: 0.9 seconds
2024-06-07 17:53:55 - train acc (train err): 0.7930 (0.2070)
2024-06-07 17:53:55 - train log loss: 0.4532
2024-06-07 17:53:55 - train brier score: 0.2850
2024-06-07 17:53:55 - train f1 score: 0.4758
2024-06-07 17:53:55 - --------Run Number 9--------
2024-06-07 17:53:56 - ----------------Results----------------
2024-06-07 17:53:56 - time to fit: 0.9 seconds
2024-06-07 17:53:56 - train acc (train err): 0.7970 (0.2030)
2024-06-07 17:53:56 - train log loss: 0.4783
2024-06-07 17:53:56 - train brier score: 0.3034
2024-06-07 17:53:56 - train f1 score: 0.4911
2024-06-07 17:53:56 - --------Run Number 10--------
2024-06-07 17:53:57 - ----------------Results----------------
2024-06-07 17:53:57 - time to fit: 0.9 seconds
2024-06-07 17:53:57 - train acc (train err): 0.8054 (0.1946)
2024-06-07 17:53:57 - train log loss: 0.4249
2024-06-07 17:53:57 - train brier score: 0.2662
2024-06-07 17:53:57 - train f1 score: 0.4913
2024-06-07 17:53:57 - ================Aggregated Results================
2024-06-07 17:53:57 - Total number of runs: 10
2024-06-07 17:53:57 - Average time to fit: 0.9 seconds (std: 0.1)
2024-06-07 17:53:57 - train mean acc +- std (mean train err): 0.7967 +- 0.0047 (0.2033)
2024-06-07 17:53:57 - train mean log loss +- std: 0.4687 +- 0.0416
2024-06-07 17:53:57 - train mean brier score +- std: 0.2986 +- 0.0353
2024-06-07 17:53:57 - train mean f1 score +- std: 0.4839 +- 0.0073
