2024-06-07 22:46:40 - ============Running WeaSEL============
2024-06-07 22:46:40 - dataset: semeval
2024-06-07 22:46:40 - --------Run Number 1--------
2024-06-07 22:47:28 - ----------------Results----------------
2024-06-07 22:47:28 - time to fit: 47.2 seconds
2024-06-07 22:47:28 - train acc (train err): 0.0748 (0.9252)
2024-06-07 22:47:28 - train log loss: 2.1972
2024-06-07 22:47:28 - train brier score: 0.8889
2024-06-07 22:47:28 - --------Run Number 2--------
2024-06-07 22:48:15 - ----------------Results----------------
2024-06-07 22:48:15 - time to fit: 47.2 seconds
2024-06-07 22:48:15 - train acc (train err): 0.1508 (0.8492)
2024-06-07 22:48:15 - train log loss: 2.1968
2024-06-07 22:48:15 - train brier score: 0.8888
2024-06-07 22:48:15 - --------Run Number 3--------
2024-06-07 22:49:02 - ----------------Results----------------
2024-06-07 22:49:02 - time to fit: 47.1 seconds
2024-06-07 22:49:02 - train acc (train err): 0.1167 (0.8833)
2024-06-07 22:49:02 - train log loss: 2.1970
2024-06-07 22:49:02 - train brier score: 0.8888
2024-06-07 22:49:02 - --------Run Number 4--------
2024-06-07 22:49:50 - ----------------Results----------------
2024-06-07 22:49:50 - time to fit: 47.3 seconds
2024-06-07 22:49:50 - train acc (train err): 0.0914 (0.9086)
2024-06-07 22:49:50 - train log loss: 2.1971
2024-06-07 22:49:50 - train brier score: 0.8889
2024-06-07 22:49:50 - --------Run Number 5--------
2024-06-07 22:50:37 - ----------------Results----------------
2024-06-07 22:50:37 - time to fit: 47.3 seconds
2024-06-07 22:50:37 - train acc (train err): 0.1136 (0.8864)
2024-06-07 22:50:37 - train log loss: 2.1971
2024-06-07 22:50:37 - train brier score: 0.8889
2024-06-07 22:50:37 - --------Run Number 6--------
2024-06-07 22:51:24 - ----------------Results----------------
2024-06-07 22:51:24 - time to fit: 47.2 seconds
2024-06-07 22:51:24 - train acc (train err): 0.1250 (0.8750)
2024-06-07 22:51:24 - train log loss: 2.1969
2024-06-07 22:51:24 - train brier score: 0.8888
2024-06-07 22:51:24 - --------Run Number 7--------
2024-06-07 22:52:12 - ----------------Results----------------
2024-06-07 22:52:12 - time to fit: 47.1 seconds
2024-06-07 22:52:12 - train acc (train err): 0.1306 (0.8694)
2024-06-07 22:52:12 - train log loss: 2.1971
2024-06-07 22:52:12 - train brier score: 0.8889
2024-06-07 22:52:12 - --------Run Number 8--------
2024-06-07 22:52:59 - ----------------Results----------------
2024-06-07 22:52:59 - time to fit: 47.5 seconds
2024-06-07 22:52:59 - train acc (train err): 0.1053 (0.8947)
2024-06-07 22:52:59 - train log loss: 2.1972
2024-06-07 22:52:59 - train brier score: 0.8889
2024-06-07 22:52:59 - --------Run Number 9--------
2024-06-07 22:53:47 - ----------------Results----------------
2024-06-07 22:53:47 - time to fit: 47.1 seconds
2024-06-07 22:53:47 - train acc (train err): 0.0851 (0.9149)
2024-06-07 22:53:47 - train log loss: 2.1972
2024-06-07 22:53:47 - train brier score: 0.8889
2024-06-07 22:53:47 - --------Run Number 10--------
2024-06-07 22:54:34 - ----------------Results----------------
2024-06-07 22:54:34 - time to fit: 47.5 seconds
2024-06-07 22:54:34 - train acc (train err): 0.1203 (0.8797)
2024-06-07 22:54:34 - train log loss: 2.1971
2024-06-07 22:54:34 - train brier score: 0.8889
2024-06-07 22:54:34 - ================Aggregated Results================
2024-06-07 22:54:34 - Total number of runs: 10
2024-06-07 22:54:34 - Average time to fit: 47.3 seconds (std: 0.1)
2024-06-07 22:54:34 - train mean acc +- std (mean train err): 0.1114 +- 0.0216 (0.8886)
2024-06-07 22:54:34 - train mean log loss +- std: 2.1971 +- 0.0001
2024-06-07 22:54:34 - train mean brier score +- std: 0.8889 +- 0.0000
