2024-06-07 17:48:03 - ------------Running Snorkel------------
2024-06-07 17:48:03 - dataset: imdb
2024-06-07 17:48:03 - --------Run Number 1--------
2024-06-07 17:48:03 - ================Results================
2024-06-07 17:48:03 - time to fit: 0.0 seconds
2024-06-07 17:48:03 - train acc (train err): 0.7280 (0.2720)
2024-06-07 17:48:03 - train log loss: 0.6421
2024-06-07 17:48:03 - train brier score: 0.4175
2024-06-07 17:48:03 - train f1 score: 0.7482
2024-06-07 17:48:03 - --------Run Number 2--------
2024-06-07 17:48:03 - ================Results================
2024-06-07 17:48:03 - time to fit: 0.0 seconds
2024-06-07 17:48:03 - train acc (train err): 0.7280 (0.2720)
2024-06-07 17:48:03 - train log loss: 0.6234
2024-06-07 17:48:03 - train brier score: 0.4068
2024-06-07 17:48:03 - train f1 score: 0.7482
2024-06-07 17:48:03 - --------Run Number 3--------
2024-06-07 17:48:03 - ================Results================
2024-06-07 17:48:03 - time to fit: 0.0 seconds
2024-06-07 17:48:03 - train acc (train err): 0.7280 (0.2720)
2024-06-07 17:48:03 - train log loss: 0.6170
2024-06-07 17:48:03 - train brier score: 0.4204
2024-06-07 17:48:03 - train f1 score: 0.7482
2024-06-07 17:48:03 - --------Run Number 4--------
2024-06-07 17:48:04 - ================Results================
2024-06-07 17:48:04 - time to fit: 0.0 seconds
2024-06-07 17:48:04 - train acc (train err): 0.7226 (0.2774)
2024-06-07 17:48:04 - train log loss: 0.6133
2024-06-07 17:48:04 - train brier score: 0.3977
2024-06-07 17:48:04 - train f1 score: 0.7504
2024-06-07 17:48:04 - --------Run Number 5--------
2024-06-07 17:48:04 - ================Results================
2024-06-07 17:48:04 - time to fit: 0.0 seconds
2024-06-07 17:48:04 - train acc (train err): 0.7280 (0.2720)
2024-06-07 17:48:04 - train log loss: 0.6167
2024-06-07 17:48:04 - train brier score: 0.4203
2024-06-07 17:48:04 - train f1 score: 0.7482
2024-06-07 17:48:04 - --------Run Number 6--------
2024-06-07 17:48:04 - ================Results================
2024-06-07 17:48:04 - time to fit: 0.0 seconds
2024-06-07 17:48:04 - train acc (train err): 0.7280 (0.2720)
2024-06-07 17:48:04 - train log loss: 0.6504
2024-06-07 17:48:04 - train brier score: 0.4290
2024-06-07 17:48:04 - train f1 score: 0.7482
2024-06-07 17:48:04 - --------Run Number 7--------
2024-06-07 17:48:04 - ================Results================
2024-06-07 17:48:04 - time to fit: 0.0 seconds
2024-06-07 17:48:04 - train acc (train err): 0.7280 (0.2720)
2024-06-07 17:48:04 - train log loss: 0.6401
2024-06-07 17:48:04 - train brier score: 0.4164
2024-06-07 17:48:04 - train f1 score: 0.7482
2024-06-07 17:48:04 - --------Run Number 8--------
2024-06-07 17:48:04 - ================Results================
2024-06-07 17:48:04 - time to fit: 0.0 seconds
2024-06-07 17:48:04 - train acc (train err): 0.7280 (0.2720)
2024-06-07 17:48:04 - train log loss: 0.6601
2024-06-07 17:48:04 - train brier score: 0.4304
2024-06-07 17:48:04 - train f1 score: 0.7482
2024-06-07 17:48:04 - --------Run Number 9--------
2024-06-07 17:48:05 - ================Results================
2024-06-07 17:48:05 - time to fit: 0.0 seconds
2024-06-07 17:48:05 - train acc (train err): 0.7280 (0.2720)
2024-06-07 17:48:05 - train log loss: 0.6127
2024-06-07 17:48:05 - train brier score: 0.4208
2024-06-07 17:48:05 - train f1 score: 0.7482
2024-06-07 17:48:05 - --------Run Number 10--------
2024-06-07 17:48:05 - ================Results================
2024-06-07 17:48:05 - time to fit: 0.0 seconds
2024-06-07 17:48:05 - train acc (train err): 0.7280 (0.2720)
2024-06-07 17:48:05 - train log loss: 0.6612
2024-06-07 17:48:05 - train brier score: 0.4276
2024-06-07 17:48:05 - train f1 score: 0.7482
2024-06-07 17:48:05 - ================Aggregated Results================
2024-06-07 17:48:05 - Total number of runs: 10
2024-06-07 17:48:05 - Average time to fit: 0.0 seconds (std: 0.0)
2024-06-07 17:48:05 - train mean acc +- std (mean train err): 0.7275 +- 0.0016 (0.2725)
2024-06-07 17:48:05 - train mean log loss +- std: 0.6337 +- 0.0184
2024-06-07 17:48:05 - train mean brier score +- std: 0.4187 +- 0.0096
2024-06-07 17:48:05 - train mean f1 score +- std: 0.7484 +- 0.0007
