2024-06-11 20:49:07 - ----------Running New Instance----------
2024-06-11 20:49:07 - dataset: semeval, n_class: 9
2024-06-11 20:49:07 - constraint type: accuracy, add MV const: False
2024-06-11 20:49:07 - labeled set: train, use inequalities: False
2024-06-11 20:49:07 - bound method: binomial
2024-06-11 20:49:07 - ----Estimating Probabilities----
2024-06-11 20:49:07 - 19 out of 2527 labeled datapoints on average per rule 
2024-06-11 20:49:07 - 164 rules with labeled data out of 164 total
2024-06-11 20:49:07 - Number of labeled predictions per rule: [  18   10    8    4    2    3    2    4    2    4    3    4   91   12
   32   18    9   16   14    5   14    9    8    3    3    9    4    4
    2    2    6    2    2    3    4    2    2    2    3    3  279   11
   13   11    6    3    3    3    2   14    2    2    4    2    2    2
  110   20   12   10   12    9    4    5    3    4    2    2    3    2
    2   48   38    8    5    2    2   87   27   22   13   12   13    5
    3    4    3    4    4    4    3    4    2    8    7    4    4    7
    6    4    3    4    3    3    3    2    2    5    2    4    7    5
    2   17    9    2    2    6    5    8    6    3    3    5    2    2
    3    3    9    5    4    2  350   11    6    3 1358    3    2    2
    2    2    2    2    2    2    2    2    2    5    5    3    3    2
    2    3    2    2    5    2    3    3    2    2]
2024-06-11 20:49:09 - ================Results================
2024-06-11 20:49:09 - time to fit: 1.3 seconds
2024-06-11 20:49:09 - train acc (train err): 0.8421 (0.1579)
2024-06-11 20:49:09 - bf train log loss upper bound 0.5926
2024-06-11 20:49:09 - train log loss: 0.5926
2024-06-11 20:49:09 - train brier score: 0.2478
