2024-06-07 12:08:58 - ============Running Fable============
2024-06-07 12:08:58 - dataset: youtube
2024-06-07 12:08:58 - --------Run Number 1--------
2024-06-07 12:09:01 - ----------------Results----------------
2024-06-07 12:09:01 - time to fit: 0.9 seconds
2024-06-07 12:09:01 - train acc (train err): 0.8752 (0.1248)
2024-06-07 12:09:01 - train log loss: 0.5362
2024-06-07 12:09:01 - train brier score: 0.2004
2024-06-07 12:09:01 - train f1 score: 0.8759
2024-06-07 12:09:01 - --------Run Number 2--------
2024-06-07 12:09:03 - ----------------Results----------------
2024-06-07 12:09:03 - time to fit: 1.0 seconds
2024-06-07 12:09:03 - train acc (train err): 0.8752 (0.1248)
2024-06-07 12:09:03 - train log loss: 0.5320
2024-06-07 12:09:03 - train brier score: 0.1988
2024-06-07 12:09:03 - train f1 score: 0.8759
2024-06-07 12:09:03 - --------Run Number 3--------
2024-06-07 12:09:06 - ----------------Results----------------
2024-06-07 12:09:06 - time to fit: 0.9 seconds
2024-06-07 12:09:06 - train acc (train err): 0.8752 (0.1248)
2024-06-07 12:09:06 - train log loss: 0.5483
2024-06-07 12:09:06 - train brier score: 0.2027
2024-06-07 12:09:06 - train f1 score: 0.8759
2024-06-07 12:09:06 - --------Run Number 4--------
2024-06-07 12:09:09 - ----------------Results----------------
2024-06-07 12:09:09 - time to fit: 1.0 seconds
2024-06-07 12:09:09 - train acc (train err): 0.8752 (0.1248)
2024-06-07 12:09:09 - train log loss: 0.5296
2024-06-07 12:09:09 - train brier score: 0.1970
2024-06-07 12:09:09 - train f1 score: 0.8759
2024-06-07 12:09:09 - --------Run Number 5--------
2024-06-07 12:09:11 - ----------------Results----------------
2024-06-07 12:09:11 - time to fit: 0.9 seconds
2024-06-07 12:09:11 - train acc (train err): 0.8833 (0.1167)
2024-06-07 12:09:11 - train log loss: 0.5156
2024-06-07 12:09:11 - train brier score: 0.1932
2024-06-07 12:09:11 - train f1 score: 0.8850
2024-06-07 12:09:11 - --------Run Number 6--------
2024-06-07 12:09:14 - ----------------Results----------------
2024-06-07 12:09:14 - time to fit: 1.0 seconds
2024-06-07 12:09:14 - train acc (train err): 0.8757 (0.1243)
2024-06-07 12:09:14 - train log loss: 0.5270
2024-06-07 12:09:14 - train brier score: 0.1956
2024-06-07 12:09:14 - train f1 score: 0.8765
2024-06-07 12:09:14 - --------Run Number 7--------
2024-06-07 12:09:17 - ----------------Results----------------
2024-06-07 12:09:17 - time to fit: 1.0 seconds
2024-06-07 12:09:17 - train acc (train err): 0.8752 (0.1248)
2024-06-07 12:09:17 - train log loss: 0.5323
2024-06-07 12:09:17 - train brier score: 0.2010
2024-06-07 12:09:17 - train f1 score: 0.8759
2024-06-07 12:09:17 - --------Run Number 8--------
2024-06-07 12:09:19 - ----------------Results----------------
2024-06-07 12:09:19 - time to fit: 1.0 seconds
2024-06-07 12:09:19 - train acc (train err): 0.8752 (0.1248)
2024-06-07 12:09:19 - train log loss: 0.5264
2024-06-07 12:09:19 - train brier score: 0.1940
2024-06-07 12:09:19 - train f1 score: 0.8759
2024-06-07 12:09:19 - --------Run Number 9--------
2024-06-07 12:09:22 - ----------------Results----------------
2024-06-07 12:09:22 - time to fit: 1.0 seconds
2024-06-07 12:09:22 - train acc (train err): 0.8768 (0.1232)
2024-06-07 12:09:22 - train log loss: 0.5513
2024-06-07 12:09:22 - train brier score: 0.2043
2024-06-07 12:09:22 - train f1 score: 0.8768
2024-06-07 12:09:22 - --------Run Number 10--------
2024-06-07 12:09:25 - ----------------Results----------------
2024-06-07 12:09:25 - time to fit: 1.1 seconds
2024-06-07 12:09:25 - train acc (train err): 0.8839 (0.1161)
2024-06-07 12:09:25 - train log loss: 0.5044
2024-06-07 12:09:25 - train brier score: 0.1898
2024-06-07 12:09:25 - train f1 score: 0.8856
2024-06-07 12:09:25 - ================Aggregated Results================
2024-06-07 12:09:25 - Total number of runs: 10
2024-06-07 12:09:25 - Average time to fit: 1.0 seconds (std: 0.1)
2024-06-07 12:09:25 - train mean acc +- std (mean train err): 0.8771 +- 0.0033 (0.1229)
2024-06-07 12:09:25 - train mean log loss +- std: 0.5303 +- 0.0131
2024-06-07 12:09:25 - train mean brier score +- std: 0.1977 +- 0.0043
2024-06-07 12:09:25 - train mean f1 score +- std: 0.8780 +- 0.0037
