2025-08-06 23:23:37 - ============Running CLL============
2025-08-06 23:23:37 - dataset: chemprot
2025-08-06 23:23:37 - --------Run Number 1--------
2025-08-06 23:23:39 - ----------------Results----------------
2025-08-06 23:23:39 - time to fit: 2.3 seconds
2025-08-06 23:23:39 - train acc (train err): 0.5237 (0.4763)
2025-08-06 23:23:39 - train log loss: 12.4989
2025-08-06 23:23:39 - train brier score: 0.9926
2025-08-06 23:23:39 - --------Run Number 2--------
2025-08-06 23:23:42 - ----------------Results----------------
2025-08-06 23:23:42 - time to fit: 2.3 seconds
2025-08-06 23:23:42 - train acc (train err): 0.5237 (0.4763)
2025-08-06 23:23:42 - train log loss: 12.5005
2025-08-06 23:23:42 - train brier score: 0.9926
2025-08-06 23:23:42 - --------Run Number 3--------
2025-08-06 23:23:44 - ----------------Results----------------
2025-08-06 23:23:44 - time to fit: 2.3 seconds
2025-08-06 23:23:44 - train acc (train err): 0.5237 (0.4763)
2025-08-06 23:23:44 - train log loss: 12.4990
2025-08-06 23:23:44 - train brier score: 0.9926
2025-08-06 23:23:44 - --------Run Number 4--------
2025-08-06 23:23:46 - ----------------Results----------------
2025-08-06 23:23:46 - time to fit: 2.3 seconds
2025-08-06 23:23:46 - train acc (train err): 0.5237 (0.4763)
2025-08-06 23:23:46 - train log loss: 12.4972
2025-08-06 23:23:46 - train brier score: 0.9926
2025-08-06 23:23:46 - --------Run Number 5--------
2025-08-06 23:23:49 - ----------------Results----------------
2025-08-06 23:23:49 - time to fit: 2.3 seconds
2025-08-06 23:23:49 - train acc (train err): 0.5237 (0.4763)
2025-08-06 23:23:49 - train log loss: 12.4991
2025-08-06 23:23:49 - train brier score: 0.9926
2025-08-06 23:23:49 - --------Run Number 6--------
2025-08-06 23:23:51 - ----------------Results----------------
2025-08-06 23:23:51 - time to fit: 2.4 seconds
2025-08-06 23:23:51 - train acc (train err): 0.5237 (0.4763)
2025-08-06 23:23:51 - train log loss: 12.4969
2025-08-06 23:23:51 - train brier score: 0.9926
2025-08-06 23:23:51 - --------Run Number 7--------
2025-08-06 23:23:54 - ----------------Results----------------
2025-08-06 23:23:54 - time to fit: 2.4 seconds
2025-08-06 23:23:54 - train acc (train err): 0.5237 (0.4763)
2025-08-06 23:23:54 - train log loss: 12.4991
2025-08-06 23:23:54 - train brier score: 0.9926
2025-08-06 23:23:54 - --------Run Number 8--------
2025-08-06 23:23:56 - ----------------Results----------------
2025-08-06 23:23:56 - time to fit: 2.4 seconds
2025-08-06 23:23:56 - train acc (train err): 0.5237 (0.4763)
2025-08-06 23:23:56 - train log loss: 12.4991
2025-08-06 23:23:56 - train brier score: 0.9926
2025-08-06 23:23:56 - --------Run Number 9--------
2025-08-06 23:23:58 - ----------------Results----------------
2025-08-06 23:23:58 - time to fit: 2.3 seconds
2025-08-06 23:23:58 - train acc (train err): 0.5236 (0.4764)
2025-08-06 23:23:58 - train log loss: 12.5074
2025-08-06 23:23:58 - train brier score: 0.9926
2025-08-06 23:23:58 - --------Run Number 10--------
2025-08-06 23:24:01 - ----------------Results----------------
2025-08-06 23:24:01 - time to fit: 2.4 seconds
2025-08-06 23:24:01 - train acc (train err): 0.5237 (0.4763)
2025-08-06 23:24:01 - train log loss: 12.4990
2025-08-06 23:24:01 - train brier score: 0.9927
2025-08-06 23:24:01 - ================Aggregated Results================
2025-08-06 23:24:01 - Total number of runs: 10
2025-08-06 23:24:01 - Average time to fit: 2.3 seconds (std: 0.0)
2025-08-06 23:24:01 - train mean acc +- std (mean train err): 0.5237 +- 0.0000 (0.4763)
2025-08-06 23:24:01 - train mean log loss +- std: 12.4996 +- 0.0028
2025-08-06 23:24:01 - train mean brier score +- std: 0.9926 +- 0.0000
