2024-06-07 17:53:37 - ============Running MeTaL============
2024-06-07 17:53:37 - dataset: imdb
2024-06-07 17:53:37 - --------Run Number 1--------
2024-06-07 17:53:37 - ----------------Results----------------
2024-06-07 17:53:37 - time to fit: 0.4 seconds
2024-06-07 17:53:37 - train acc (train err): 0.7247 (0.2753)
2024-06-07 17:53:37 - train log loss: 0.6704
2024-06-07 17:53:37 - train brier score: 0.4312
2024-06-07 17:53:37 - train f1 score: 0.7467
2024-06-07 17:53:37 - --------Run Number 2--------
2024-06-07 17:53:38 - ----------------Results----------------
2024-06-07 17:53:38 - time to fit: 0.4 seconds
2024-06-07 17:53:38 - train acc (train err): 0.7222 (0.2778)
2024-06-07 17:53:38 - train log loss: 0.6203
2024-06-07 17:53:38 - train brier score: 0.4030
2024-06-07 17:53:38 - train f1 score: 0.7502
2024-06-07 17:53:38 - --------Run Number 3--------
2024-06-07 17:53:38 - ----------------Results----------------
2024-06-07 17:53:38 - time to fit: 0.4 seconds
2024-06-07 17:53:38 - train acc (train err): 0.7277 (0.2723)
2024-06-07 17:53:38 - train log loss: 0.6527
2024-06-07 17:53:38 - train brier score: 0.4234
2024-06-07 17:53:38 - train f1 score: 0.7480
2024-06-07 17:53:38 - --------Run Number 4--------
2024-06-07 17:53:39 - ----------------Results----------------
2024-06-07 17:53:39 - time to fit: 0.4 seconds
2024-06-07 17:53:39 - train acc (train err): 0.7222 (0.2778)
2024-06-07 17:53:39 - train log loss: 0.6283
2024-06-07 17:53:39 - train brier score: 0.4101
2024-06-07 17:53:39 - train f1 score: 0.7502
2024-06-07 17:53:39 - --------Run Number 5--------
2024-06-07 17:53:39 - ----------------Results----------------
2024-06-07 17:53:39 - time to fit: 0.4 seconds
2024-06-07 17:53:39 - train acc (train err): 0.7247 (0.2753)
2024-06-07 17:53:39 - train log loss: 0.6776
2024-06-07 17:53:39 - train brier score: 0.4343
2024-06-07 17:53:39 - train f1 score: 0.7467
2024-06-07 17:53:39 - --------Run Number 6--------
2024-06-07 17:53:40 - ----------------Results----------------
2024-06-07 17:53:40 - time to fit: 0.4 seconds
2024-06-07 17:53:40 - train acc (train err): 0.7247 (0.2753)
2024-06-07 17:53:40 - train log loss: 0.6745
2024-06-07 17:53:40 - train brier score: 0.4330
2024-06-07 17:53:40 - train f1 score: 0.7467
2024-06-07 17:53:40 - --------Run Number 7--------
2024-06-07 17:53:40 - ----------------Results----------------
2024-06-07 17:53:40 - time to fit: 0.4 seconds
2024-06-07 17:53:40 - train acc (train err): 0.7247 (0.2753)
2024-06-07 17:53:40 - train log loss: 0.6761
2024-06-07 17:53:40 - train brier score: 0.4337
2024-06-07 17:53:40 - train f1 score: 0.7467
2024-06-07 17:53:40 - --------Run Number 8--------
2024-06-07 17:53:41 - ----------------Results----------------
2024-06-07 17:53:41 - time to fit: 0.4 seconds
2024-06-07 17:53:41 - train acc (train err): 0.7222 (0.2778)
2024-06-07 17:53:41 - train log loss: 0.6356
2024-06-07 17:53:41 - train brier score: 0.4146
2024-06-07 17:53:41 - train f1 score: 0.7502
2024-06-07 17:53:41 - --------Run Number 9--------
2024-06-07 17:53:41 - ----------------Results----------------
2024-06-07 17:53:41 - time to fit: 0.4 seconds
2024-06-07 17:53:41 - train acc (train err): 0.7247 (0.2753)
2024-06-07 17:53:41 - train log loss: 0.6723
2024-06-07 17:53:41 - train brier score: 0.4321
2024-06-07 17:53:41 - train f1 score: 0.7467
2024-06-07 17:53:41 - --------Run Number 10--------
2024-06-07 17:53:42 - ----------------Results----------------
2024-06-07 17:53:42 - time to fit: 0.4 seconds
2024-06-07 17:53:42 - train acc (train err): 0.7247 (0.2753)
2024-06-07 17:53:42 - train log loss: 0.6940
2024-06-07 17:53:42 - train brier score: 0.4422
2024-06-07 17:53:42 - train f1 score: 0.7467
2024-06-07 17:53:42 - ================Aggregated Results================
2024-06-07 17:53:42 - Total number of runs: 10
2024-06-07 17:53:42 - Average time to fit: 0.4 seconds (std: 0.0)
2024-06-07 17:53:42 - train mean acc +- std (mean train err): 0.7243 +- 0.0016 (0.2757)
2024-06-07 17:53:42 - train mean log loss +- std: 0.6602 +- 0.0233
2024-06-07 17:53:42 - train mean brier score +- std: 0.4258 +- 0.0119
2024-06-07 17:53:42 - train mean f1 score +- std: 0.7478 +- 0.0016
