2024-06-07 18:19:05 - ------------Running EBCC------------
2024-06-07 18:19:05 - dataset: imdb
2024-06-07 18:19:05 - empirical class prior: True
2024-06-07 18:19:05 - --------Run Number 1--------
2024-06-07 18:19:25 - ================Results================
2024-06-07 18:19:25 - time to fit: 19.5 seconds
2024-06-07 18:19:25 - train acc (train err): 0.7443 (0.2557)
2024-06-07 18:19:25 - train log loss: 0.7479
2024-06-07 18:19:25 - train brier score: 0.4407
2024-06-07 18:19:25 - train f1 score: 0.7532
2024-06-07 18:19:25 - --------Run Number 2--------
2024-06-07 18:19:44 - ================Results================
2024-06-07 18:19:44 - time to fit: 19.2 seconds
2024-06-07 18:19:44 - train acc (train err): 0.7443 (0.2557)
2024-06-07 18:19:44 - train log loss: 0.7479
2024-06-07 18:19:44 - train brier score: 0.4407
2024-06-07 18:19:44 - train f1 score: 0.7532
2024-06-07 18:19:44 - --------Run Number 3--------
2024-06-07 18:20:04 - ================Results================
2024-06-07 18:20:04 - time to fit: 18.8 seconds
2024-06-07 18:20:04 - train acc (train err): 0.7443 (0.2557)
2024-06-07 18:20:04 - train log loss: 0.7479
2024-06-07 18:20:04 - train brier score: 0.4407
2024-06-07 18:20:04 - train f1 score: 0.7532
2024-06-07 18:20:04 - --------Run Number 4--------
2024-06-07 18:20:23 - ================Results================
2024-06-07 18:20:23 - time to fit: 18.8 seconds
2024-06-07 18:20:23 - train acc (train err): 0.7443 (0.2557)
2024-06-07 18:20:23 - train log loss: 0.7479
2024-06-07 18:20:23 - train brier score: 0.4407
2024-06-07 18:20:23 - train f1 score: 0.7532
2024-06-07 18:20:23 - --------Run Number 5--------
2024-06-07 18:20:42 - ================Results================
2024-06-07 18:20:42 - time to fit: 18.7 seconds
2024-06-07 18:20:42 - train acc (train err): 0.7443 (0.2557)
2024-06-07 18:20:42 - train log loss: 0.7479
2024-06-07 18:20:42 - train brier score: 0.4407
2024-06-07 18:20:42 - train f1 score: 0.7532
2024-06-07 18:20:42 - --------Run Number 6--------
2024-06-07 18:21:01 - ================Results================
2024-06-07 18:21:01 - time to fit: 18.7 seconds
2024-06-07 18:21:01 - train acc (train err): 0.7443 (0.2557)
2024-06-07 18:21:01 - train log loss: 0.7479
2024-06-07 18:21:01 - train brier score: 0.4407
2024-06-07 18:21:01 - train f1 score: 0.7532
2024-06-07 18:21:01 - --------Run Number 7--------
2024-06-07 18:21:20 - ================Results================
2024-06-07 18:21:20 - time to fit: 19.0 seconds
2024-06-07 18:21:20 - train acc (train err): 0.7443 (0.2557)
2024-06-07 18:21:20 - train log loss: 0.7479
2024-06-07 18:21:20 - train brier score: 0.4407
2024-06-07 18:21:20 - train f1 score: 0.7532
2024-06-07 18:21:20 - --------Run Number 8--------
2024-06-07 18:21:39 - ================Results================
2024-06-07 18:21:39 - time to fit: 19.1 seconds
2024-06-07 18:21:39 - train acc (train err): 0.7443 (0.2557)
2024-06-07 18:21:39 - train log loss: 0.7479
2024-06-07 18:21:39 - train brier score: 0.4407
2024-06-07 18:21:39 - train f1 score: 0.7532
2024-06-07 18:21:39 - --------Run Number 9--------
2024-06-07 18:21:59 - ================Results================
2024-06-07 18:21:59 - time to fit: 19.1 seconds
2024-06-07 18:21:59 - train acc (train err): 0.7443 (0.2557)
2024-06-07 18:21:59 - train log loss: 0.7479
2024-06-07 18:21:59 - train brier score: 0.4407
2024-06-07 18:21:59 - train f1 score: 0.7532
2024-06-07 18:21:59 - --------Run Number 10--------
2024-06-07 18:22:18 - ================Results================
2024-06-07 18:22:18 - time to fit: 18.9 seconds
2024-06-07 18:22:18 - train acc (train err): 0.7443 (0.2557)
2024-06-07 18:22:18 - train log loss: 0.7479
2024-06-07 18:22:18 - train brier score: 0.4407
2024-06-07 18:22:18 - train f1 score: 0.7532
2024-06-07 18:22:18 - ================Aggregated Results================
2024-06-07 18:22:18 - Total number of runs: 10
2024-06-07 18:22:18 - Average time to fit: 19.0 seconds (std: 0.2)
2024-06-07 18:22:18 - train mean acc +- std (mean train err): 0.7443 +- 0.0000 (0.2557)
2024-06-07 18:22:18 - train mean log loss +- std: 0.7479 +- 0.0000
2024-06-07 18:22:18 - train mean brier score +- std: 0.4407 +- 0.0000
2024-06-07 18:22:18 - train mean f1 score +- std: 0.7532 +- 0.0000
