2024-06-07 23:01:40 - ============Running WeaSEL============
2024-06-07 23:01:40 - dataset: agnews
2024-06-07 23:01:41 - --------Run Number 1--------
2024-06-07 23:02:13 - ----------------Results----------------
2024-06-07 23:02:13 - time to fit: 29.6 seconds
2024-06-07 23:02:13 - train acc (train err): 0.3152 (0.6848)
2024-06-07 23:02:13 - train log loss: 1.3861
2024-06-07 23:02:13 - train brier score: 0.7499
2024-06-07 23:02:13 - --------Run Number 2--------
2024-06-07 23:02:45 - ----------------Results----------------
2024-06-07 23:02:45 - time to fit: 29.8 seconds
2024-06-07 23:02:45 - train acc (train err): 0.3478 (0.6522)
2024-06-07 23:02:45 - train log loss: 1.3860
2024-06-07 23:02:45 - train brier score: 0.7498
2024-06-07 23:02:45 - --------Run Number 3--------
2024-06-07 23:03:18 - ----------------Results----------------
2024-06-07 23:03:18 - time to fit: 30.0 seconds
2024-06-07 23:03:18 - train acc (train err): 0.3896 (0.6104)
2024-06-07 23:03:18 - train log loss: 1.3860
2024-06-07 23:03:18 - train brier score: 0.7499
2024-06-07 23:03:18 - --------Run Number 4--------
2024-06-07 23:03:50 - ----------------Results----------------
2024-06-07 23:03:50 - time to fit: 29.7 seconds
2024-06-07 23:03:50 - train acc (train err): 0.3388 (0.6612)
2024-06-07 23:03:50 - train log loss: 1.3861
2024-06-07 23:03:50 - train brier score: 0.7499
2024-06-07 23:03:50 - --------Run Number 5--------
2024-06-07 23:04:22 - ----------------Results----------------
2024-06-07 23:04:22 - time to fit: 30.2 seconds
2024-06-07 23:04:22 - train acc (train err): 0.3025 (0.6975)
2024-06-07 23:04:22 - train log loss: 1.3861
2024-06-07 23:04:22 - train brier score: 0.7499
2024-06-07 23:04:22 - --------Run Number 6--------
2024-06-07 23:04:54 - ----------------Results----------------
2024-06-07 23:04:54 - time to fit: 29.6 seconds
2024-06-07 23:04:54 - train acc (train err): 0.3148 (0.6852)
2024-06-07 23:04:54 - train log loss: 1.3861
2024-06-07 23:04:54 - train brier score: 0.7499
2024-06-07 23:04:54 - --------Run Number 7--------
2024-06-07 23:05:26 - ----------------Results----------------
2024-06-07 23:05:26 - time to fit: 30.0 seconds
2024-06-07 23:05:26 - train acc (train err): 0.3059 (0.6941)
2024-06-07 23:05:26 - train log loss: 1.3861
2024-06-07 23:05:26 - train brier score: 0.7499
2024-06-07 23:05:26 - --------Run Number 8--------
2024-06-07 23:05:58 - ----------------Results----------------
2024-06-07 23:05:58 - time to fit: 29.9 seconds
2024-06-07 23:05:58 - train acc (train err): 0.3050 (0.6950)
2024-06-07 23:05:58 - train log loss: 1.3861
2024-06-07 23:05:58 - train brier score: 0.7499
2024-06-07 23:05:58 - --------Run Number 9--------
2024-06-07 23:06:30 - ----------------Results----------------
2024-06-07 23:06:30 - time to fit: 30.0 seconds
2024-06-07 23:06:30 - train acc (train err): 0.2977 (0.7023)
2024-06-07 23:06:30 - train log loss: 1.3862
2024-06-07 23:06:30 - train brier score: 0.7499
2024-06-07 23:06:30 - --------Run Number 10--------
2024-06-07 23:07:02 - ----------------Results----------------
2024-06-07 23:07:02 - time to fit: 29.7 seconds
2024-06-07 23:07:02 - train acc (train err): 0.3119 (0.6881)
2024-06-07 23:07:02 - train log loss: 1.3860
2024-06-07 23:07:02 - train brier score: 0.7499
2024-06-07 23:07:02 - ================Aggregated Results================
2024-06-07 23:07:02 - Total number of runs: 10
2024-06-07 23:07:02 - Average time to fit: 29.9 seconds (std: 0.2)
2024-06-07 23:07:02 - train mean acc +- std (mean train err): 0.3229 +- 0.0269 (0.6771)
2024-06-07 23:07:02 - train mean log loss +- std: 1.3861 +- 0.0001
2024-06-07 23:07:02 - train mean brier score +- std: 0.7499 +- 0.0000
