2024-06-07 17:57:46 - ============Running MeTaL============
2024-06-07 17:57:46 - dataset: chemprot
2024-06-07 17:57:46 - --------Run Number 1--------
2024-06-07 17:57:47 - ----------------Results----------------
2024-06-07 17:57:47 - time to fit: 1.2 seconds
2024-06-07 17:57:47 - train acc (train err): 0.5674 (0.4326)
2024-06-07 17:57:47 - train log loss: 1.5172
2024-06-07 17:57:47 - train brier score: 0.6440
2024-06-07 17:57:47 - --------Run Number 2--------
2024-06-07 17:57:49 - ----------------Results----------------
2024-06-07 17:57:49 - time to fit: 1.4 seconds
2024-06-07 17:57:49 - train acc (train err): 0.5565 (0.4435)
2024-06-07 17:57:49 - train log loss: 1.8426
2024-06-07 17:57:49 - train brier score: 0.7795
2024-06-07 17:57:49 - --------Run Number 3--------
2024-06-07 17:57:50 - ----------------Results----------------
2024-06-07 17:57:50 - time to fit: 1.2 seconds
2024-06-07 17:57:50 - train acc (train err): 0.5667 (0.4333)
2024-06-07 17:57:50 - train log loss: 1.5153
2024-06-07 17:57:50 - train brier score: 0.6460
2024-06-07 17:57:50 - --------Run Number 4--------
2024-06-07 17:57:52 - ----------------Results----------------
2024-06-07 17:57:52 - time to fit: 1.3 seconds
2024-06-07 17:57:52 - train acc (train err): 0.5513 (0.4487)
2024-06-07 17:57:52 - train log loss: 1.6650
2024-06-07 17:57:52 - train brier score: 0.7203
2024-06-07 17:57:52 - --------Run Number 5--------
2024-06-07 17:57:53 - ----------------Results----------------
2024-06-07 17:57:53 - time to fit: 1.2 seconds
2024-06-07 17:57:53 - train acc (train err): 0.5573 (0.4427)
2024-06-07 17:57:53 - train log loss: 1.5421
2024-06-07 17:57:53 - train brier score: 0.6702
2024-06-07 17:57:53 - --------Run Number 6--------
2024-06-07 17:57:54 - ----------------Results----------------
2024-06-07 17:57:54 - time to fit: 1.2 seconds
2024-06-07 17:57:54 - train acc (train err): 0.5571 (0.4429)
2024-06-07 17:57:54 - train log loss: 1.5320
2024-06-07 17:57:54 - train brier score: 0.6644
2024-06-07 17:57:54 - --------Run Number 7--------
2024-06-07 17:57:56 - ----------------Results----------------
2024-06-07 17:57:56 - time to fit: 1.2 seconds
2024-06-07 17:57:56 - train acc (train err): 0.5573 (0.4427)
2024-06-07 17:57:56 - train log loss: 1.5538
2024-06-07 17:57:56 - train brier score: 0.6763
2024-06-07 17:57:56 - --------Run Number 8--------
2024-06-07 17:57:57 - ----------------Results----------------
2024-06-07 17:57:57 - time to fit: 1.3 seconds
2024-06-07 17:57:57 - train acc (train err): 0.5546 (0.4454)
2024-06-07 17:57:57 - train log loss: 1.6173
2024-06-07 17:57:57 - train brier score: 0.7028
2024-06-07 17:57:57 - --------Run Number 9--------
2024-06-07 17:57:58 - ----------------Results----------------
2024-06-07 17:57:58 - time to fit: 1.2 seconds
2024-06-07 17:57:58 - train acc (train err): 0.5632 (0.4368)
2024-06-07 17:57:58 - train log loss: 1.5192
2024-06-07 17:57:58 - train brier score: 0.6553
2024-06-07 17:57:58 - --------Run Number 10--------
2024-06-07 17:58:00 - ----------------Results----------------
2024-06-07 17:58:00 - time to fit: 1.2 seconds
2024-06-07 17:58:00 - train acc (train err): 0.5546 (0.4454)
2024-06-07 17:58:00 - train log loss: 1.6135
2024-06-07 17:58:00 - train brier score: 0.7013
2024-06-07 17:58:00 - ================Aggregated Results================
2024-06-07 17:58:00 - Total number of runs: 10
2024-06-07 17:58:00 - Average time to fit: 1.2 seconds (std: 0.1)
2024-06-07 17:58:00 - train mean acc +- std (mean train err): 0.5586 +- 0.0051 (0.4414)
2024-06-07 17:58:00 - train mean log loss +- std: 1.5918 +- 0.0967
2024-06-07 17:58:00 - train mean brier score +- std: 0.6860 +- 0.0394
