2024-06-07 17:54:38 - ============Running MeTaL============
2024-06-07 17:54:38 - dataset: semeval
2024-06-07 17:54:38 - --------Run Number 1--------
2024-06-07 17:54:57 - ----------------Results----------------
2024-06-07 17:54:57 - time to fit: 18.3 seconds
2024-06-07 17:54:57 - train acc (train err): 0.4606 (0.5394)
2024-06-07 17:54:57 - train log loss: 1.9620
2024-06-07 17:54:57 - train brier score: 0.8217
2024-06-07 17:54:57 - --------Run Number 2--------
2024-06-07 17:55:13 - ----------------Results----------------
2024-06-07 17:55:13 - time to fit: 15.7 seconds
2024-06-07 17:55:13 - train acc (train err): 0.5766 (0.4234)
2024-06-07 17:55:13 - train log loss: 1.4426
2024-06-07 17:55:13 - train brier score: 0.6508
2024-06-07 17:55:13 - --------Run Number 3--------
2024-06-07 17:55:27 - ----------------Results----------------
2024-06-07 17:55:27 - time to fit: 13.7 seconds
2024-06-07 17:55:27 - train acc (train err): 0.5287 (0.4713)
2024-06-07 17:55:27 - train log loss: 1.5766
2024-06-07 17:55:27 - train brier score: 0.7058
2024-06-07 17:55:27 - --------Run Number 4--------
2024-06-07 17:55:41 - ----------------Results----------------
2024-06-07 17:55:41 - time to fit: 13.7 seconds
2024-06-07 17:55:41 - train acc (train err): 0.5287 (0.4713)
2024-06-07 17:55:41 - train log loss: 1.5644
2024-06-07 17:55:41 - train brier score: 0.7024
2024-06-07 17:55:41 - --------Run Number 5--------
2024-06-07 17:56:04 - ----------------Results----------------
2024-06-07 17:56:04 - time to fit: 23.5 seconds
2024-06-07 17:56:04 - train acc (train err): 0.5465 (0.4535)
2024-06-07 17:56:04 - train log loss: 1.5383
2024-06-07 17:56:04 - train brier score: 0.6937
2024-06-07 17:56:04 - --------Run Number 6--------
2024-06-07 17:56:25 - ----------------Results----------------
2024-06-07 17:56:25 - time to fit: 20.7 seconds
2024-06-07 17:56:25 - train acc (train err): 0.5694 (0.4306)
2024-06-07 17:56:25 - train log loss: 1.4978
2024-06-07 17:56:25 - train brier score: 0.6775
2024-06-07 17:56:25 - --------Run Number 7--------
2024-06-07 17:56:48 - ----------------Results----------------
2024-06-07 17:56:48 - time to fit: 22.5 seconds
2024-06-07 17:56:48 - train acc (train err): 0.5694 (0.4306)
2024-06-07 17:56:48 - train log loss: 1.5041
2024-06-07 17:56:48 - train brier score: 0.6804
2024-06-07 17:56:48 - --------Run Number 8--------
2024-06-07 17:57:11 - ----------------Results----------------
2024-06-07 17:57:11 - time to fit: 22.6 seconds
2024-06-07 17:57:11 - train acc (train err): 0.5287 (0.4713)
2024-06-07 17:57:11 - train log loss: 1.5704
2024-06-07 17:57:11 - train brier score: 0.7041
2024-06-07 17:57:11 - --------Run Number 9--------
2024-06-07 17:57:26 - ----------------Results----------------
2024-06-07 17:57:26 - time to fit: 14.8 seconds
2024-06-07 17:57:26 - train acc (train err): 0.5797 (0.4203)
2024-06-07 17:57:26 - train log loss: 1.4398
2024-06-07 17:57:26 - train brier score: 0.6494
2024-06-07 17:57:26 - --------Run Number 10--------
2024-06-07 17:57:46 - ----------------Results----------------
2024-06-07 17:57:46 - time to fit: 19.7 seconds
2024-06-07 17:57:46 - train acc (train err): 0.5694 (0.4306)
2024-06-07 17:57:46 - train log loss: 1.5074
2024-06-07 17:57:46 - train brier score: 0.6818
2024-06-07 17:57:46 - ================Aggregated Results================
2024-06-07 17:57:46 - Total number of runs: 10
2024-06-07 17:57:46 - Average time to fit: 18.5 seconds (std: 3.6)
2024-06-07 17:57:46 - train mean acc +- std (mean train err): 0.5458 +- 0.0345 (0.4542)
2024-06-07 17:57:46 - train mean log loss +- std: 1.5603 +- 0.1416
2024-06-07 17:57:46 - train mean brier score +- std: 0.6968 +- 0.0458
