2024-06-07 12:09:49 - ============Running Fable============
2024-06-07 12:09:49 - dataset: cdr
2024-06-07 12:09:49 - --------Run Number 1--------
2024-06-07 12:11:01 - ----------------Results----------------
2024-06-07 12:11:01 - time to fit: 29.3 seconds
2024-06-07 12:11:01 - train acc (train err): 0.7155 (0.2845)
2024-06-07 12:11:01 - train log loss: 2.3575
2024-06-07 12:11:01 - train brier score: 0.5160
2024-06-07 12:11:01 - train f1 score: 0.6213
2024-06-07 12:11:01 - --------Run Number 2--------
2024-06-07 12:12:11 - ----------------Results----------------
2024-06-07 12:12:11 - time to fit: 25.8 seconds
2024-06-07 12:12:11 - train acc (train err): 0.7172 (0.2828)
2024-06-07 12:12:11 - train log loss: 2.3334
2024-06-07 12:12:11 - train brier score: 0.5153
2024-06-07 12:12:11 - train f1 score: 0.6258
2024-06-07 12:12:11 - --------Run Number 3--------
2024-06-07 12:13:23 - ----------------Results----------------
2024-06-07 12:13:23 - time to fit: 28.8 seconds
2024-06-07 12:13:23 - train acc (train err): 0.7165 (0.2835)
2024-06-07 12:13:23 - train log loss: 2.3475
2024-06-07 12:13:23 - train brier score: 0.5156
2024-06-07 12:13:23 - train f1 score: 0.6242
2024-06-07 12:13:23 - --------Run Number 4--------
2024-06-07 12:14:33 - ----------------Results----------------
2024-06-07 12:14:33 - time to fit: 26.0 seconds
2024-06-07 12:14:33 - train acc (train err): 0.7153 (0.2847)
2024-06-07 12:14:33 - train log loss: 2.3523
2024-06-07 12:14:33 - train brier score: 0.5158
2024-06-07 12:14:33 - train f1 score: 0.6209
2024-06-07 12:14:33 - --------Run Number 5--------
2024-06-07 12:15:31 - ----------------Results----------------
2024-06-07 12:15:31 - time to fit: 23.5 seconds
2024-06-07 12:15:31 - train acc (train err): 0.7164 (0.2836)
2024-06-07 12:15:31 - train log loss: 2.3411
2024-06-07 12:15:31 - train brier score: 0.5153
2024-06-07 12:15:31 - train f1 score: 0.6240
2024-06-07 12:15:31 - --------Run Number 6--------
2024-06-07 12:16:32 - ----------------Results----------------
2024-06-07 12:16:32 - time to fit: 25.8 seconds
2024-06-07 12:16:32 - train acc (train err): 0.7172 (0.2828)
2024-06-07 12:16:32 - train log loss: 2.3398
2024-06-07 12:16:32 - train brier score: 0.5152
2024-06-07 12:16:32 - train f1 score: 0.6258
2024-06-07 12:16:32 - --------Run Number 7--------
2024-06-07 12:17:44 - ----------------Results----------------
2024-06-07 12:17:44 - time to fit: 25.8 seconds
2024-06-07 12:17:44 - train acc (train err): 0.7164 (0.2836)
2024-06-07 12:17:44 - train log loss: 2.3453
2024-06-07 12:17:44 - train brier score: 0.5152
2024-06-07 12:17:44 - train f1 score: 0.6240
2024-06-07 12:17:44 - --------Run Number 8--------
2024-06-07 12:18:55 - ----------------Results----------------
2024-06-07 12:18:55 - time to fit: 27.2 seconds
2024-06-07 12:18:55 - train acc (train err): 0.7164 (0.2836)
2024-06-07 12:18:55 - train log loss: 2.3451
2024-06-07 12:18:55 - train brier score: 0.5153
2024-06-07 12:18:55 - train f1 score: 0.6240
2024-06-07 12:18:55 - --------Run Number 9--------
2024-06-07 12:19:56 - ----------------Results----------------
2024-06-07 12:19:56 - time to fit: 25.0 seconds
2024-06-07 12:19:56 - train acc (train err): 0.7164 (0.2836)
2024-06-07 12:19:56 - train log loss: 2.3417
2024-06-07 12:19:56 - train brier score: 0.5154
2024-06-07 12:19:56 - train f1 score: 0.6240
2024-06-07 12:19:56 - --------Run Number 10--------
2024-06-07 12:20:54 - ----------------Results----------------
2024-06-07 12:20:54 - time to fit: 23.5 seconds
2024-06-07 12:20:54 - train acc (train err): 0.7172 (0.2828)
2024-06-07 12:20:54 - train log loss: 2.3397
2024-06-07 12:20:54 - train brier score: 0.5151
2024-06-07 12:20:54 - train f1 score: 0.6258
2024-06-07 12:20:54 - ================Aggregated Results================
2024-06-07 12:20:54 - Total number of runs: 10
2024-06-07 12:20:54 - Average time to fit: 26.1 seconds (std: 1.8)
2024-06-07 12:20:54 - train mean acc +- std (mean train err): 0.7164 +- 0.0006 (0.2836)
2024-06-07 12:20:54 - train mean log loss +- std: 2.3443 +- 0.0065
2024-06-07 12:20:54 - train mean brier score +- std: 0.5154 +- 0.0003
2024-06-07 12:20:54 - train mean f1 score +- std: 0.6240 +- 0.0016
