2024-06-07 18:24:53 - ------------Running EBCC------------
2024-06-07 18:24:53 - dataset: cdr
2024-06-07 18:24:53 - empirical class prior: True
2024-06-07 18:24:53 - --------Run Number 1--------
2024-06-07 18:25:16 - ================Results================
2024-06-07 18:25:16 - time to fit: 22.2 seconds
2024-06-07 18:25:16 - train acc (train err): 0.6298 (0.3702)
2024-06-07 18:25:16 - train log loss: 0.6689
2024-06-07 18:25:16 - train brier score: 0.4670
2024-06-07 18:25:16 - train f1 score: 0.2481
2024-06-07 18:25:16 - --------Run Number 2--------
2024-06-07 18:25:38 - ================Results================
2024-06-07 18:25:38 - time to fit: 22.0 seconds
2024-06-07 18:25:38 - train acc (train err): 0.6298 (0.3702)
2024-06-07 18:25:38 - train log loss: 0.6689
2024-06-07 18:25:38 - train brier score: 0.4670
2024-06-07 18:25:38 - train f1 score: 0.2481
2024-06-07 18:25:38 - --------Run Number 3--------
2024-06-07 18:26:01 - ================Results================
2024-06-07 18:26:01 - time to fit: 22.4 seconds
2024-06-07 18:26:01 - train acc (train err): 0.6298 (0.3702)
2024-06-07 18:26:01 - train log loss: 0.6689
2024-06-07 18:26:01 - train brier score: 0.4670
2024-06-07 18:26:01 - train f1 score: 0.2481
2024-06-07 18:26:01 - --------Run Number 4--------
2024-06-07 18:26:24 - ================Results================
2024-06-07 18:26:24 - time to fit: 22.3 seconds
2024-06-07 18:26:24 - train acc (train err): 0.6298 (0.3702)
2024-06-07 18:26:24 - train log loss: 0.6689
2024-06-07 18:26:24 - train brier score: 0.4670
2024-06-07 18:26:24 - train f1 score: 0.2481
2024-06-07 18:26:24 - --------Run Number 5--------
2024-06-07 18:26:47 - ================Results================
2024-06-07 18:26:47 - time to fit: 22.3 seconds
2024-06-07 18:26:47 - train acc (train err): 0.6298 (0.3702)
2024-06-07 18:26:47 - train log loss: 0.6689
2024-06-07 18:26:47 - train brier score: 0.4670
2024-06-07 18:26:47 - train f1 score: 0.2481
2024-06-07 18:26:47 - --------Run Number 6--------
2024-06-07 18:27:11 - ================Results================
2024-06-07 18:27:11 - time to fit: 22.8 seconds
2024-06-07 18:27:11 - train acc (train err): 0.6298 (0.3702)
2024-06-07 18:27:11 - train log loss: 0.6689
2024-06-07 18:27:11 - train brier score: 0.4670
2024-06-07 18:27:11 - train f1 score: 0.2481
2024-06-07 18:27:11 - --------Run Number 7--------
2024-06-07 18:27:33 - ================Results================
2024-06-07 18:27:33 - time to fit: 22.4 seconds
2024-06-07 18:27:33 - train acc (train err): 0.6298 (0.3702)
2024-06-07 18:27:33 - train log loss: 0.6689
2024-06-07 18:27:33 - train brier score: 0.4670
2024-06-07 18:27:33 - train f1 score: 0.2481
2024-06-07 18:27:33 - --------Run Number 8--------
2024-06-07 18:27:56 - ================Results================
2024-06-07 18:27:56 - time to fit: 22.1 seconds
2024-06-07 18:27:56 - train acc (train err): 0.6298 (0.3702)
2024-06-07 18:27:56 - train log loss: 0.6689
2024-06-07 18:27:56 - train brier score: 0.4670
2024-06-07 18:27:56 - train f1 score: 0.2481
2024-06-07 18:27:56 - --------Run Number 9--------
2024-06-07 18:28:19 - ================Results================
2024-06-07 18:28:19 - time to fit: 21.9 seconds
2024-06-07 18:28:19 - train acc (train err): 0.6298 (0.3702)
2024-06-07 18:28:19 - train log loss: 0.6689
2024-06-07 18:28:19 - train brier score: 0.4670
2024-06-07 18:28:19 - train f1 score: 0.2481
2024-06-07 18:28:19 - --------Run Number 10--------
2024-06-07 18:28:41 - ================Results================
2024-06-07 18:28:41 - time to fit: 22.1 seconds
2024-06-07 18:28:41 - train acc (train err): 0.6298 (0.3702)
2024-06-07 18:28:41 - train log loss: 0.6689
2024-06-07 18:28:41 - train brier score: 0.4670
2024-06-07 18:28:41 - train f1 score: 0.2481
2024-06-07 18:28:41 - ================Aggregated Results================
2024-06-07 18:28:41 - Total number of runs: 10
2024-06-07 18:28:41 - Average time to fit: 22.2 seconds (std: 0.2)
2024-06-07 18:28:41 - train mean acc +- std (mean train err): 0.6298 +- 0.0000 (0.3702)
2024-06-07 18:28:41 - train mean log loss +- std: 0.6689 +- 0.0000
2024-06-07 18:28:41 - train mean brier score +- std: 0.4670 +- 0.0000
2024-06-07 18:28:41 - train mean f1 score +- std: 0.2481 +- 0.0000
